100 96.7802
200 107.543
300 109.473
400 108.315
500 108.1
600 107.929
700 110.116
800 109.044
900 109.944
1000 104.284
1100 110.33
1200 107.843
1300 107.972
1400 110.459
1500 105.013
1600 110.073
1700 106.9
1800 108.872
1900 107.886
2000 104.97
2100 109.901
2200 109.301
2300 107.8
2400 112.946
2500 105.956
2600 107.5
2700 107.972
2800 107.886
2900 107.672
3000 113.975
3100 110.202
3200 109.687
3300 111.316
3400 111.445
3500 107.157
3600 109.172
3700 110.159
3800 113.203
3900 109.558
4000 109.473
4100 108.701
4200 108.015
4300 102.097
4400 109.258
4500 110.588
4600 108.143
4700 107.114
4800 111.917
4900 105.228
5000 108.744
