10 105.485
20 75.8976
30 62.6048
40 81.472
50 102.912
60 106.342
70 107.629
80 115.776
90 111.059
100 98.624
110 101.197
120 106.342
130 108.915
140 108.058
150 104.198
160 113.632
170 102.483
180 108.915
190 105.056
200 116.634
210 117.92
220 106.342
230 117.491
240 97.7664
250 115.347
260 105.485
270 106.771
280 108.486
290 106.342
300 112.774
310 106.342
320 108.915
330 107.629
340 112.774
350 110.202
360 106.771
370 99.4816
380 106.342
390 111.917
400 112.774
410 109.344
420 114.49
430 97.7664
440 116.634
450 101.197
460 109.344
470 115.347
480 99.4816
490 108.915
500 108.486
510 108.915
520 116.205
530 108.915
540 114.061
550 109.773
560 100.339
570 105.914
580 103.77
590 106.342
600 105.056
610 120.493
620 114.061
630 112.774
640 107.629
650 105.056
660 112.774
670 109.773
680 93.4784
690 115.347
700 109.773
710 102.912
720 114.061
730 110.202
740 107.2
750 112.774
760 110.63
770 105.056
780 105.914
790 102.483
800 119.206
810 103.341
820 109.344
830 103.341
840 115.776
850 107.629
860 118.349
870 102.483
880 118.349
890 116.634
900 104.198
910 98.624
920 95.1936
930 110.202
940 102.054
950 105.485
960 98.624
970 110.202
980 99.9104
990 116.205
1000 106.342
1010 95.6224
1020 109.773
1030 111.059
1040 115.776
1050 110.202
1060 105.485
1070 117.491
1080 114.918
1090 116.205
1100 106.771
1110 107.2
1120 108.915
1130 103.341
1140 111.059
1150 116.634
1160 117.491
1170 107.2
1180 103.341
1190 97.3376
1200 105.914
1210 112.346
1220 105.485
1230 104.627
1240 104.627
1250 112.774
1260 95.1936
1270 111.488
1280 115.776
1290 102.483
1300 114.918
1310 110.202
1320 114.49
1330 114.49
1340 130.784
1350 105.485
1360 100.768
1370 115.347
1380 100.768
1390 105.914
1400 106.342
1410 114.061
1420 107.2
1430 109.773
1440 114.918
1450 109.344
1460 99.9104
1470 90.9056
1480 95.6224
1490 103.77
1500 104.627
1510 111.917
1520 103.341
1530 106.342
1540 109.344
1550 116.205
1560 108.486
1570 127.354
1580 110.63
1590 109.773
1600 97.3376
1610 105.485
1620 109.773
1630 102.912
1640 115.347
1650 106.342
1660 103.77
1670 92.6208
1680 107.629
1690 115.347
1700 109.773
1710 104.198
1720 116.634
1730 104.198
1740 105.914
1750 117.491
1760 110.63
1770 107.629
1780 106.342
1790 109.773
1800 105.914
1810 107.629
1820 124.781
1830 109.344
1840 102.054
1850 108.915
1860 98.1952
1870 98.624
1880 106.771
1890 114.061
1900 108.486
1910 105.485
1920 99.4816
1930 111.488
1940 99.4816
1950 98.1952
1960 111.488
1970 97.3376
1980 99.0528
1990 116.634
2000 111.059
2010 109.773
2020 105.914
2030 103.77
2040 111.059
2050 101.197
2060 110.202
2070 123.066
2080 116.205
2090 102.483
2100 115.347
2110 102.483
2120 104.627
2130 103.341
2140 104.627
2150 118.778
2160 116.205
2170 105.485
2180 109.344
2190 112.346
2200 115.776
2210 113.632
2220 108.058
2230 102.054
2240 120.064
2250 113.203
2260 108.486
2270 103.341
2280 104.627
2290 99.9104
2300 104.627
2310 109.344
2320 110.202
2330 110.63
2340 117.062
2350 123.066
2360 112.774
2370 119.206
2380 101.197
2390 118.349
2400 107.629
2410 108.058
2420 111.917
2430 96.48
2440 103.341
2450 106.342
2460 107.2
2470 109.773
2480 102.912
2490 106.771
2500 106.771
2510 120.922
2520 114.49
2530 112.774
2540 99.9104
2550 113.203
2560 111.059
2570 104.627
2580 102.483
2590 90.4768
2600 105.056
2610 96.9088
2620 107.629
2630 107.629
2640 106.771
2650 109.773
2660 118.778
2670 112.774
2680 114.49
2690 114.49
2700 90.4768
2710 123.066
2720 109.344
2730 107.2
2740 98.624
2750 100.339
2760 105.914
2770 109.773
2780 102.054
2790 113.632
2800 108.915
2810 102.912
2820 107.629
2830 99.0528
2840 107.629
2850 107.2
2860 115.776
2870 104.627
2880 114.061
2890 114.49
2900 103.341
2910 115.347
2920 114.918
2930 110.63
2940 120.922
2950 105.914
2960 126.925
2970 103.77
2980 116.205
2990 115.347
3000 109.773
3010 105.485
3020 100.339
3030 112.346
3040 104.627
3050 113.203
3060 110.63
3070 123.494
3080 106.771
3090 109.773
3100 115.347
3110 111.488
3120 96.9088
3130 122.637
3140 106.342
3150 118.349
3160 119.635
3170 112.346
3180 93.0496
3190 102.912
3200 113.203
3210 108.058
3220 115.347
3230 110.63
3240 112.774
3250 107.629
3260 114.49
3270 116.634
3280 97.7664
3290 111.059
3300 118.778
3310 112.774
3320 111.917
3330 113.632
3340 114.49
3350 114.49
3360 104.198
3370 112.346
3380 111.488
3390 107.2
3400 111.917
3410 111.059
3420 108.915
3430 107.629
3440 106.342
3450 107.2
3460 104.198
3470 113.632
3480 105.056
3490 101.626
3500 105.914
3510 111.488
3520 101.626
3530 107.629
3540 108.058
3550 114.49
3560 104.627
3570 102.912
3580 117.491
3590 119.206
3600 104.198
3610 115.347
3620 114.49
3630 118.349
3640 115.347
3650 106.342
3660 107.629
3670 124.352
3680 108.058
3690 95.6224
3700 96.0512
3710 101.197
3720 105.914
3730 106.771
3740 111.917
3750 126.067
3760 114.49
3770 125.638
3780 113.203
3790 114.918
3800 111.917
3810 121.779
3820 105.485
3830 108.486
3840 108.058
3850 110.202
3860 106.342
3870 101.626
3880 115.347
3890 105.914
3900 112.346
3910 109.344
3920 112.774
3930 116.634
3940 100.768
3950 113.632
3960 96.9088
3970 109.344
3980 110.63
3990 113.632
4000 111.059
4010 105.485
4020 115.776
4030 110.63
4040 102.483
4050 117.92
4060 99.9104
4070 98.624
4080 108.486
4090 116.205
4100 111.488
4110 108.486
4120 105.485
4130 113.632
4140 113.632
4150 101.197
4160 106.771
4170 110.63
4180 105.914
4190 109.773
4200 104.627
4210 92.192
4220 90.9056
4230 105.914
4240 114.918
4250 102.483
4260 106.771
4270 102.054
4280 109.773
4290 94.336
4300 101.626
4310 110.202
4320 112.346
4330 102.483
4340 106.342
4350 108.486
4360 112.774
4370 108.058
4380 109.773
4390 117.062
4400 105.056
4410 104.627
4420 111.488
4430 93.9072
4440 114.061
4450 105.914
4460 112.346
4470 116.205
4480 111.488
4490 121.779
4500 114.061
4510 112.774
4520 104.198
4530 114.061
4540 111.917
4550 112.346
4560 93.9072
4570 96.9088
4580 111.059
4590 115.776
4600 108.486
4610 113.632
4620 101.626
4630 103.341
4640 111.488
4650 103.77
4660 108.058
4670 108.915
4680 105.914
4690 106.342
4700 108.058
4710 112.774
4720 115.347
4730 107.629
4740 123.066
4750 105.485
4760 106.771
4770 119.635
4780 119.206
4790 111.059
4800 98.1952
4810 102.054
4820 104.627
4830 106.342
4840 102.054
4850 104.627
4860 96.9088
4870 113.632
4880 103.341
4890 107.629
4900 111.059
4910 100.768
4920 101.197
4930 109.344
4940 114.918
4950 93.4784
4960 115.347
4970 118.349
4980 124.352
4990 99.4816
5000 110.202
