1 137.216
2 77.184
3 98.624
4 137.216
5 90.048
6 72.896
7 98.624
8 120.064
9 120.064
10 102.912
11 145.792
12 107.2
13 115.776
14 81.472
15 94.336
16 0
17 102.912
18 0
19 111.488
20 0
21 111.488
22 0
23 102.912
24 17.152
25 128.64
26 0
27 85.76
28 42.88
29 55.744
30 81.472
31 77.184
32 68.608
33 111.488
34 42.88
35 111.488
36 51.456
37 77.184
38 94.336
39 94.336
40 85.76
41 102.912
42 85.76
43 68.608
44 120.064
45 77.184
46 128.64
47 102.912
48 111.488
49 128.64
50 102.912
51 98.624
52 111.488
53 132.928
54 98.624
55 98.624
56 102.912
57 98.624
58 145.792
59 94.336
60 81.472
61 128.64
62 111.488
63 81.472
64 85.76
65 72.896
66 180.096
67 124.352
68 102.912
69 64.32
70 124.352
71 154.368
72 137.216
73 98.624
74 120.064
75 124.352
76 51.456
77 111.488
78 124.352
79 111.488
80 124.352
81 111.488
82 120.064
83 77.184
84 120.064
85 107.2
86 120.064
87 81.472
88 137.216
89 102.912
90 132.928
91 111.488
92 81.472
93 85.76
94 98.624
95 77.184
96 85.76
97 81.472
98 115.776
99 128.64
100 120.064
101 64.32
102 124.352
103 64.32
104 120.064
105 72.896
106 128.64
107 94.336
108 115.776
109 107.2
110 120.064
111 115.776
112 115.776
113 85.76
114 132.928
115 115.776
116 111.488
117 72.896
118 102.912
119 90.048
120 120.064
121 137.216
122 94.336
123 98.624
124 111.488
125 115.776
126 77.184
127 115.776
128 128.64
129 98.624
130 111.488
131 107.2
132 115.776
133 102.912
134 102.912
135 132.928
136 107.2
137 94.336
138 111.488
139 90.048
140 115.776
141 120.064
142 94.336
143 94.336
144 94.336
145 90.048
146 102.912
147 94.336
148 111.488
149 107.2
150 132.928
151 107.2
152 90.048
153 111.488
154 102.912
155 107.2
156 128.64
157 150.08
158 107.2
159 90.048
160 141.504
161 124.352
162 90.048
163 90.048
164 98.624
165 77.184
166 90.048
167 137.216
168 137.216
169 60.032
170 120.064
171 141.504
172 128.64
173 115.776
174 137.216
175 94.336
176 102.912
177 72.896
178 90.048
179 85.76
180 120.064
181 94.336
182 111.488
183 158.656
184 81.472
185 102.912
186 81.472
187 120.064
188 85.76
189 102.912
190 111.488
191 132.928
192 154.368
193 141.504
194 115.776
195 85.76
196 98.624
197 115.776
198 102.912
199 132.928
200 85.76
201 150.08
202 94.336
203 120.064
204 120.064
205 120.064
206 111.488
207 132.928
208 120.064
209 98.624
210 111.488
211 115.776
212 77.184
213 107.2
214 115.776
215 94.336
216 111.488
217 85.76
218 137.216
219 115.776
220 102.912
221 90.048
222 180.096
223 90.048
224 124.352
225 120.064
226 107.2
227 150.08
228 124.352
229 94.336
230 94.336
231 94.336
232 90.048
233 132.928
234 85.76
235 94.336
236 107.2
237 60.032
238 90.048
239 120.064
240 102.912
241 180.096
242 124.352
243 128.64
244 150.08
245 107.2
246 85.76
247 90.048
248 98.624
249 94.336
250 94.336
251 107.2
252 102.912
253 115.776
254 150.08
255 90.048
256 72.896
257 111.488
258 120.064
259 90.048
260 94.336
261 90.048
262 107.2
263 120.064
264 115.776
265 132.928
266 107.2
267 72.896
268 77.184
269 137.216
270 107.2
271 107.2
272 94.336
273 111.488
274 124.352
275 111.488
276 128.64
277 115.776
278 94.336
279 102.912
280 94.336
281 132.928
282 81.472
283 137.216
284 81.472
285 94.336
286 111.488
287 77.184
288 115.776
289 90.048
290 141.504
291 137.216
292 111.488
293 102.912
294 102.912
295 132.928
296 128.64
297 141.504
298 68.608
299 124.352
300 77.184
301 81.472
302 124.352
303 120.064
304 128.64
305 120.064
306 115.776
307 98.624
308 90.048
309 68.608
310 115.776
311 81.472
312 111.488
313 98.624
314 115.776
315 111.488
316 120.064
317 137.216
318 124.352
319 85.76
320 102.912
321 98.624
322 98.624
323 120.064
324 107.2
325 120.064
326 90.048
327 111.488
328 98.624
329 124.352
330 107.2
331 115.776
332 124.352
333 132.928
334 111.488
335 132.928
336 98.624
337 124.352
338 94.336
339 115.776
340 77.184
341 94.336
342 124.352
343 98.624
344 132.928
345 77.184
346 141.504
347 90.048
348 141.504
349 111.488
350 90.048
351 94.336
352 115.776
353 98.624
354 141.504
355 124.352
356 98.624
357 158.656
358 94.336
359 81.472
360 60.032
361 72.896
362 77.184
363 77.184
364 98.624
365 94.336
366 94.336
367 132.928
368 94.336
369 145.792
370 107.2
371 120.064
372 141.504
373 98.624
374 90.048
375 107.2
376 102.912
377 85.76
378 102.912
379 128.64
380 85.76
381 98.624
382 145.792
383 98.624
384 98.624
385 111.488
386 137.216
387 90.048
388 141.504
389 85.76
390 111.488
391 81.472
392 132.928
393 124.352
394 154.368
395 94.336
396 137.216
397 124.352
398 94.336
399 98.624
400 85.76
401 107.2
402 128.64
403 94.336
404 102.912
405 150.08
406 120.064
407 94.336
408 81.472
409 111.488
410 102.912
411 120.064
412 98.624
413 111.488
414 90.048
415 102.912
416 98.624
417 102.912
418 137.216
419 137.216
420 145.792
421 120.064
422 120.064
423 107.2
424 81.472
425 90.048
426 111.488
427 68.608
428 68.608
429 120.064
430 90.048
431 137.216
432 98.624
433 107.2
434 150.08
435 98.624
436 85.76
437 128.64
438 102.912
439 107.2
440 150.08
441 98.624
442 77.184
443 102.912
444 90.048
445 111.488
446 90.048
447 111.488
448 85.76
449 145.792
450 98.624
451 111.488
452 94.336
453 81.472
454 107.2
455 120.064
456 115.776
457 90.048
458 115.776
459 124.352
460 132.928
461 124.352
462 120.064
463 120.064
464 107.2
465 98.624
466 94.336
467 124.352
468 132.928
469 132.928
470 98.624
471 107.2
472 115.776
473 102.912
474 98.624
475 77.184
476 98.624
477 111.488
478 55.744
479 111.488
480 115.776
481 111.488
482 94.336
483 107.2
484 90.048
485 98.624
486 128.64
487 98.624
488 120.064
489 115.776
490 124.352
491 150.08
492 77.184
493 107.2
494 85.76
495 94.336
496 77.184
497 141.504
498 128.64
499 107.2
500 115.776
501 107.2
502 120.064
503 81.472
504 77.184
505 72.896
506 132.928
507 184.384
508 90.048
509 85.76
510 137.216
511 128.64
512 128.64
513 141.504
514 115.776
515 90.048
516 115.776
517 132.928
518 111.488
519 68.608
520 128.64
521 128.64
522 81.472
523 154.368
524 107.2
525 94.336
526 85.76
527 115.776
528 137.216
529 77.184
530 107.2
531 107.2
532 98.624
533 111.488
534 98.624
535 111.488
536 132.928
537 124.352
538 107.2
539 162.944
540 85.76
541 154.368
542 115.776
543 102.912
544 132.928
545 90.048
546 68.608
547 94.336
548 111.488
549 102.912
550 124.352
551 55.744
552 115.776
553 137.216
554 77.184
555 102.912
556 115.776
557 68.608
558 111.488
559 137.216
560 81.472
561 120.064
562 124.352
563 81.472
564 107.2
565 77.184
566 102.912
567 111.488
568 90.048
569 128.64
570 115.776
571 115.776
572 111.488
573 120.064
574 120.064
575 77.184
576 77.184
577 94.336
578 90.048
579 98.624
580 132.928
581 102.912
582 120.064
583 111.488
584 94.336
585 85.76
586 90.048
587 141.504
588 98.624
589 120.064
590 98.624
591 85.76
592 90.048
593 137.216
594 128.64
595 94.336
596 77.184
597 120.064
598 111.488
599 90.048
600 115.776
601 120.064
602 115.776
603 150.08
604 128.64
605 107.2
606 124.352
607 111.488
608 94.336
609 115.776
610 137.216
611 102.912
612 132.928
613 124.352
614 115.776
615 111.488
616 85.76
617 102.912
618 85.76
619 132.928
620 145.792
621 107.2
622 111.488
623 102.912
624 137.216
625 141.504
626 124.352
627 85.76
628 124.352
629 102.912
630 90.048
631 128.64
632 85.76
633 98.624
634 124.352
635 124.352
636 107.2
637 128.64
638 111.488
639 111.488
640 55.744
641 85.76
642 120.064
643 72.896
644 98.624
645 85.76
646 111.488
647 111.488
648 137.216
649 132.928
650 94.336
651 124.352
652 141.504
653 107.2
654 94.336
655 94.336
656 180.096
657 120.064
658 68.608
659 94.336
660 102.912
661 128.64
662 98.624
663 141.504
664 128.64
665 132.928
666 154.368
667 68.608
668 55.744
669 72.896
670 115.776
671 115.776
672 111.488
673 102.912
674 55.744
675 77.184
676 77.184
677 81.472
678 94.336
679 120.064
680 98.624
681 85.76
682 115.776
683 141.504
684 107.2
685 115.776
686 111.488
687 128.64
688 120.064
689 120.064
690 107.2
691 120.064
692 90.048
693 145.792
694 120.064
695 85.76
696 81.472
697 128.64
698 124.352
699 124.352
700 77.184
701 124.352
702 111.488
703 77.184
704 98.624
705 90.048
706 115.776
707 111.488
708 85.76
709 98.624
710 115.776
711 115.776
712 124.352
713 115.776
714 132.928
715 120.064
716 115.776
717 111.488
718 94.336
719 115.776
720 94.336
721 132.928
722 124.352
723 137.216
724 94.336
725 128.64
726 98.624
727 102.912
728 111.488
729 90.048
730 81.472
731 128.64
732 94.336
733 124.352
734 85.76
735 128.64
736 102.912
737 94.336
738 98.624
739 85.76
740 128.64
741 132.928
742 154.368
743 137.216
744 137.216
745 98.624
746 77.184
747 77.184
748 128.64
749 124.352
750 60.032
751 68.608
752 128.64
753 115.776
754 124.352
755 128.64
756 94.336
757 124.352
758 90.048
759 132.928
760 98.624
761 124.352
762 102.912
763 107.2
764 115.776
765 98.624
766 94.336
767 98.624
768 162.944
769 94.336
770 51.456
771 128.64
772 120.064
773 115.776
774 98.624
775 90.048
776 94.336
777 94.336
778 120.064
779 102.912
780 94.336
781 145.792
782 102.912
783 94.336
784 72.896
785 137.216
786 107.2
787 107.2
788 68.608
789 98.624
790 90.048
791 145.792
792 128.64
793 132.928
794 141.504
795 85.76
796 98.624
797 137.216
798 115.776
799 98.624
800 107.2
801 77.184
802 124.352
803 85.76
804 132.928
805 137.216
806 77.184
807 132.928
808 77.184
809 102.912
810 85.76
811 132.928
812 72.896
813 98.624
814 145.792
815 115.776
816 94.336
817 124.352
818 64.32
819 115.776
820 128.64
821 81.472
822 115.776
823 94.336
824 107.2
825 98.624
826 81.472
827 128.64
828 128.64
829 98.624
830 98.624
831 120.064
832 145.792
833 98.624
834 120.064
835 98.624
836 94.336
837 94.336
838 132.928
839 137.216
840 115.776
841 77.184
842 128.64
843 102.912
844 107.2
845 102.912
846 111.488
847 120.064
848 98.624
849 85.76
850 141.504
851 171.52
852 132.928
853 102.912
854 90.048
855 107.2
856 102.912
857 154.368
858 98.624
859 98.624
860 124.352
861 85.76
862 90.048
863 115.776
864 68.608
865 107.2
866 115.776
867 107.2
868 120.064
869 98.624
870 115.776
871 98.624
872 98.624
873 154.368
874 115.776
875 150.08
876 137.216
877 137.216
878 115.776
879 94.336
880 81.472
881 102.912
882 111.488
883 128.64
884 107.2
885 137.216
886 102.912
887 132.928
888 115.776
889 107.2
890 120.064
891 137.216
892 124.352
893 137.216
894 124.352
895 107.2
896 68.608
897 85.76
898 107.2
899 68.608
900 81.472
901 128.64
902 111.488
903 98.624
904 94.336
905 77.184
906 115.776
907 94.336
908 98.624
909 64.32
910 102.912
911 60.032
912 94.336
913 98.624
914 124.352
915 85.76
916 81.472
917 81.472
918 102.912
919 115.776
920 107.2
921 154.368
922 107.2
923 137.216
924 132.928
925 132.928
926 90.048
927 64.32
928 77.184
929 107.2
930 98.624
931 85.76
932 94.336
933 107.2
934 94.336
935 94.336
936 102.912
937 120.064
938 98.624
939 124.352
940 98.624
941 94.336
942 98.624
943 107.2
944 94.336
945 132.928
946 137.216
947 111.488
948 124.352
949 81.472
950 72.896
951 150.08
952 72.896
953 115.776
954 68.608
955 102.912
956 81.472
957 64.32
958 120.064
959 111.488
960 98.624
961 102.912
962 90.048
963 102.912
964 150.08
965 111.488
966 111.488
967 115.776
968 98.624
969 111.488
970 107.2
971 120.064
972 111.488
973 98.624
974 98.624
975 81.472
976 111.488
977 90.048
978 64.32
979 94.336
980 128.64
981 115.776
982 132.928
983 150.08
984 137.216
985 72.896
986 115.776
987 137.216
988 98.624
989 90.048
990 111.488
991 124.352
992 81.472
993 107.2
994 94.336
995 94.336
996 90.048
997 128.64
998 98.624
999 132.928
1000 111.488
1001 77.184
1002 90.048
1003 107.2
1004 85.76
1005 85.76
1006 102.912
1007 77.184
1008 72.896
1009 150.08
1010 107.2
1011 115.776
1012 111.488
1013 81.472
1014 115.776
1015 107.2
1016 94.336
1017 85.76
1018 150.08
1019 141.504
1020 94.336
1021 128.64
1022 162.944
1023 90.048
1024 115.776
1025 102.912
1026 111.488
1027 90.048
1028 102.912
1029 107.2
1030 98.624
1031 111.488
1032 60.032
1033 124.352
1034 137.216
1035 145.792
1036 115.776
1037 124.352
1038 111.488
1039 115.776
1040 111.488
1041 102.912
1042 128.64
1043 107.2
1044 94.336
1045 120.064
1046 94.336
1047 124.352
1048 90.048
1049 98.624
1050 141.504
1051 124.352
1052 90.048
1053 77.184
1054 111.488
1055 85.76
1056 77.184
1057 77.184
1058 145.792
1059 137.216
1060 128.64
1061 120.064
1062 102.912
1063 154.368
1064 90.048
1065 120.064
1066 81.472
1067 137.216
1068 137.216
1069 85.76
1070 145.792
1071 115.776
1072 85.76
1073 107.2
1074 145.792
1075 132.928
1076 132.928
1077 98.624
1078 124.352
1079 98.624
1080 107.2
1081 120.064
1082 111.488
1083 111.488
1084 102.912
1085 162.944
1086 111.488
1087 90.048
1088 120.064
1089 124.352
1090 107.2
1091 120.064
1092 102.912
1093 85.76
1094 124.352
1095 98.624
1096 111.488
1097 68.608
1098 124.352
1099 111.488
1100 120.064
1101 90.048
1102 111.488
1103 120.064
1104 94.336
1105 107.2
1106 128.64
1107 111.488
1108 98.624
1109 120.064
1110 90.048
1111 102.912
1112 102.912
1113 102.912
1114 128.64
1115 120.064
1116 141.504
1117 68.608
1118 115.776
1119 94.336
1120 111.488
1121 120.064
1122 98.624
1123 98.624
1124 145.792
1125 51.456
1126 77.184
1127 77.184
1128 124.352
1129 137.216
1130 102.912
1131 124.352
1132 128.64
1133 180.096
1134 68.608
1135 81.472
1136 115.776
1137 85.76
1138 137.216
1139 81.472
1140 107.2
1141 124.352
1142 85.76
1143 102.912
1144 94.336
1145 124.352
1146 132.928
1147 145.792
1148 102.912
1149 107.2
1150 145.792
1151 111.488
1152 128.64
1153 98.624
1154 115.776
1155 145.792
1156 111.488
1157 115.776
1158 120.064
1159 158.656
1160 68.608
1161 72.896
1162 68.608
1163 98.624
1164 120.064
1165 102.912
1166 115.776
1167 120.064
1168 115.776
1169 141.504
1170 115.776
1171 115.776
1172 77.184
1173 120.064
1174 90.048
1175 102.912
1176 128.64
1177 111.488
1178 107.2
1179 90.048
1180 90.048
1181 85.76
1182 98.624
1183 77.184
1184 111.488
1185 81.472
1186 98.624
1187 81.472
1188 72.896
1189 94.336
1190 171.52
1191 85.76
1192 85.76
1193 124.352
1194 128.64
1195 107.2
1196 115.776
1197 98.624
1198 102.912
1199 111.488
1200 98.624
1201 132.928
1202 77.184
1203 102.912
1204 102.912
1205 158.656
1206 81.472
1207 102.912
1208 120.064
1209 137.216
1210 107.2
1211 85.76
1212 107.2
1213 115.776
1214 81.472
1215 120.064
1216 111.488
1217 85.76
1218 115.776
1219 124.352
1220 107.2
1221 107.2
1222 128.64
1223 120.064
1224 77.184
1225 111.488
1226 102.912
1227 107.2
1228 98.624
1229 94.336
1230 98.624
1231 77.184
1232 115.776
1233 132.928
1234 90.048
1235 128.64
1236 90.048
1237 120.064
1238 94.336
1239 85.76
1240 111.488
1241 115.776
1242 120.064
1243 111.488
1244 137.216
1245 81.472
1246 124.352
1247 141.504
1248 94.336
1249 90.048
1250 111.488
1251 77.184
1252 94.336
1253 90.048
1254 94.336
1255 141.504
1256 107.2
1257 64.32
1258 85.76
1259 107.2
1260 90.048
1261 102.912
1262 132.928
1263 120.064
1264 124.352
1265 94.336
1266 98.624
1267 120.064
1268 107.2
1269 81.472
1270 132.928
1271 94.336
1272 90.048
1273 124.352
1274 137.216
1275 102.912
1276 111.488
1277 115.776
1278 137.216
1279 115.776
1280 128.64
1281 115.776
1282 124.352
1283 102.912
1284 107.2
1285 68.608
1286 102.912
1287 107.2
1288 68.608
1289 162.944
1290 64.32
1291 111.488
1292 90.048
1293 145.792
1294 124.352
1295 107.2
1296 102.912
1297 90.048
1298 137.216
1299 107.2
1300 132.928
1301 102.912
1302 162.944
1303 94.336
1304 115.776
1305 85.76
1306 111.488
1307 102.912
1308 124.352
1309 120.064
1310 81.472
1311 90.048
1312 115.776
1313 120.064
1314 124.352
1315 137.216
1316 107.2
1317 98.624
1318 107.2
1319 137.216
1320 107.2
1321 141.504
1322 64.32
1323 72.896
1324 137.216
1325 137.216
1326 111.488
1327 102.912
1328 137.216
1329 128.64
1330 111.488
1331 107.2
1332 98.624
1333 85.76
1334 150.08
1335 158.656
1336 137.216
1337 102.912
1338 175.808
1339 167.232
1340 124.352
1341 77.184
1342 128.64
1343 98.624
1344 120.064
1345 120.064
1346 132.928
1347 72.896
1348 85.76
1349 124.352
1350 94.336
1351 85.76
1352 94.336
1353 102.912
1354 90.048
1355 98.624
1356 132.928
1357 94.336
1358 90.048
1359 72.896
1360 145.792
1361 154.368
1362 81.472
1363 98.624
1364 132.928
1365 111.488
1366 111.488
1367 132.928
1368 98.624
1369 90.048
1370 141.504
1371 94.336
1372 81.472
1373 132.928
1374 98.624
1375 90.048
1376 107.2
1377 90.048
1378 128.64
1379 60.032
1380 124.352
1381 85.76
1382 115.776
1383 111.488
1384 90.048
1385 154.368
1386 90.048
1387 81.472
1388 128.64
1389 102.912
1390 98.624
1391 128.64
1392 115.776
1393 98.624
1394 145.792
1395 98.624
1396 72.896
1397 68.608
1398 85.76
1399 128.64
1400 120.064
1401 141.504
1402 94.336
1403 94.336
1404 107.2
1405 124.352
1406 137.216
1407 107.2
1408 98.624
1409 124.352
1410 111.488
1411 120.064
1412 124.352
1413 120.064
1414 90.048
1415 111.488
1416 141.504
1417 98.624
1418 102.912
1419 77.184
1420 85.76
1421 94.336
1422 102.912
1423 141.504
1424 111.488
1425 72.896
1426 98.624
1427 150.08
1428 115.776
1429 111.488
1430 98.624
1431 107.2
1432 150.08
1433 124.352
1434 102.912
1435 115.776
1436 98.624
1437 128.64
1438 128.64
1439 77.184
1440 115.776
1441 120.064
1442 81.472
1443 77.184
1444 124.352
1445 102.912
1446 132.928
1447 124.352
1448 111.488
1449 98.624
1450 120.064
1451 102.912
1452 137.216
1453 94.336
1454 81.472
1455 64.32
1456 107.2
1457 111.488
1458 98.624
1459 94.336
1460 107.2
1461 60.032
1462 115.776
1463 102.912
1464 115.776
1465 72.896
1466 90.048
1467 90.048
1468 90.048
1469 64.32
1470 107.2
1471 94.336
1472 98.624
1473 51.456
1474 98.624
1475 77.184
1476 107.2
1477 132.928
1478 77.184
1479 111.488
1480 107.2
1481 115.776
1482 120.064
1483 102.912
1484 98.624
1485 128.64
1486 111.488
1487 68.608
1488 98.624
1489 120.064
1490 72.896
1491 94.336
1492 115.776
1493 77.184
1494 98.624
1495 107.2
1496 107.2
1497 81.472
1498 141.504
1499 111.488
1500 111.488
1501 85.76
1502 162.944
1503 94.336
1504 81.472
1505 77.184
1506 68.608
1507 128.64
1508 171.52
1509 115.776
1510 132.928
1511 77.184
1512 98.624
1513 77.184
1514 115.776
1515 111.488
1516 107.2
1517 81.472
1518 102.912
1519 145.792
1520 115.776
1521 111.488
1522 128.64
1523 81.472
1524 85.76
1525 124.352
1526 90.048
1527 115.776
1528 107.2
1529 81.472
1530 137.216
1531 120.064
1532 111.488
1533 77.184
1534 90.048
1535 98.624
1536 154.368
1537 111.488
1538 111.488
1539 102.912
1540 115.776
1541 90.048
1542 128.64
1543 120.064
1544 137.216
1545 98.624
1546 132.928
1547 111.488
1548 115.776
1549 154.368
1550 72.896
1551 94.336
1552 107.2
1553 128.64
1554 115.776
1555 47.168
1556 124.352
1557 115.776
1558 107.2
1559 94.336
1560 150.08
1561 111.488
1562 111.488
1563 145.792
1564 124.352
1565 120.064
1566 192.96
1567 158.656
1568 137.216
1569 90.048
1570 81.472
1571 124.352
1572 107.2
1573 115.776
1574 128.64
1575 111.488
1576 102.912
1577 98.624
1578 68.608
1579 124.352
1580 124.352
1581 90.048
1582 141.504
1583 111.488
1584 132.928
1585 72.896
1586 132.928
1587 128.64
1588 102.912
1589 72.896
1590 111.488
1591 85.76
1592 55.744
1593 94.336
1594 132.928
1595 68.608
1596 85.76
1597 102.912
1598 115.776
1599 120.064
1600 111.488
1601 77.184
1602 128.64
1603 137.216
1604 77.184
1605 102.912
1606 107.2
1607 90.048
1608 90.048
1609 128.64
1610 115.776
1611 124.352
1612 111.488
1613 128.64
1614 72.896
1615 85.76
1616 124.352
1617 107.2
1618 77.184
1619 111.488
1620 154.368
1621 81.472
1622 81.472
1623 98.624
1624 90.048
1625 85.76
1626 85.76
1627 154.368
1628 115.776
1629 132.928
1630 102.912
1631 132.928
1632 137.216
1633 150.08
1634 64.32
1635 102.912
1636 141.504
1637 128.64
1638 90.048
1639 81.472
1640 124.352
1641 98.624
1642 115.776
1643 115.776
1644 137.216
1645 98.624
1646 120.064
1647 85.76
1648 111.488
1649 55.744
1650 124.352
1651 124.352
1652 107.2
1653 98.624
1654 85.76
1655 124.352
1656 111.488
1657 81.472
1658 94.336
1659 107.2
1660 102.912
1661 85.76
1662 77.184
1663 124.352
1664 98.624
1665 77.184
1666 111.488
1667 85.76
1668 72.896
1669 107.2
1670 85.76
1671 107.2
1672 111.488
1673 90.048
1674 115.776
1675 120.064
1676 107.2
1677 128.64
1678 90.048
1679 98.624
1680 107.2
1681 128.64
1682 94.336
1683 141.504
1684 68.608
1685 124.352
1686 145.792
1687 102.912
1688 115.776
1689 111.488
1690 120.064
1691 111.488
1692 120.064
1693 77.184
1694 132.928
1695 72.896
1696 85.76
1697 137.216
1698 107.2
1699 154.368
1700 98.624
1701 120.064
1702 98.624
1703 124.352
1704 55.744
1705 107.2
1706 111.488
1707 102.912
1708 120.064
1709 98.624
1710 102.912
1711 137.216
1712 132.928
1713 158.656
1714 111.488
1715 90.048
1716 81.472
1717 145.792
1718 132.928
1719 81.472
1720 94.336
1721 94.336
1722 120.064
1723 128.64
1724 102.912
1725 98.624
1726 90.048
1727 72.896
1728 94.336
1729 102.912
1730 137.216
1731 115.776
1732 81.472
1733 115.776
1734 85.76
1735 98.624
1736 102.912
1737 111.488
1738 107.2
1739 128.64
1740 111.488
1741 128.64
1742 120.064
1743 94.336
1744 145.792
1745 141.504
1746 77.184
1747 94.336
1748 124.352
1749 141.504
1750 107.2
1751 124.352
1752 115.776
1753 128.64
1754 107.2
1755 85.76
1756 128.64
1757 137.216
1758 107.2
1759 102.912
1760 68.608
1761 124.352
1762 85.76
1763 120.064
1764 111.488
1765 124.352
1766 98.624
1767 124.352
1768 94.336
1769 115.776
1770 77.184
1771 107.2
1772 141.504
1773 124.352
1774 111.488
1775 72.896
1776 124.352
1777 90.048
1778 77.184
1779 120.064
1780 94.336
1781 98.624
1782 141.504
1783 85.76
1784 128.64
1785 102.912
1786 154.368
1787 102.912
1788 68.608
1789 90.048
1790 124.352
1791 111.488
1792 107.2
1793 77.184
1794 60.032
1795 128.64
1796 111.488
1797 107.2
1798 124.352
1799 124.352
1800 107.2
1801 124.352
1802 111.488
1803 120.064
1804 124.352
1805 85.76
1806 111.488
1807 120.064
1808 94.336
1809 85.76
1810 98.624
1811 150.08
1812 145.792
1813 107.2
1814 132.928
1815 98.624
1816 98.624
1817 115.776
1818 111.488
1819 158.656
1820 128.64
1821 77.184
1822 145.792
1823 120.064
1824 124.352
1825 85.76
1826 98.624
1827 94.336
1828 111.488
1829 132.928
1830 102.912
1831 90.048
1832 115.776
1833 107.2
1834 98.624
1835 94.336
1836 128.64
1837 81.472
1838 102.912
1839 94.336
1840 107.2
1841 120.064
1842 85.76
1843 94.336
1844 107.2
1845 85.76
1846 132.928
1847 94.336
1848 115.776
1849 115.776
1850 137.216
1851 107.2
1852 94.336
1853 98.624
1854 120.064
1855 158.656
1856 77.184
1857 98.624
1858 55.744
1859 85.76
1860 85.76
1861 102.912
1862 115.776
1863 72.896
1864 111.488
1865 111.488
1866 77.184
1867 64.32
1868 102.912
1869 111.488
1870 115.776
1871 132.928
1872 94.336
1873 107.2
1874 98.624
1875 98.624
1876 132.928
1877 68.608
1878 98.624
1879 111.488
1880 124.352
1881 128.64
1882 120.064
1883 111.488
1884 150.08
1885 132.928
1886 90.048
1887 85.76
1888 124.352
1889 98.624
1890 98.624
1891 85.76
1892 111.488
1893 115.776
1894 98.624
1895 128.64
1896 111.488
1897 111.488
1898 107.2
1899 102.912
1900 111.488
1901 120.064
1902 128.64
1903 120.064
1904 85.76
1905 90.048
1906 102.912
1907 90.048
1908 102.912
1909 102.912
1910 111.488
1911 111.488
1912 55.744
1913 98.624
1914 124.352
1915 102.912
1916 107.2
1917 64.32
1918 141.504
1919 81.472
1920 107.2
1921 141.504
1922 90.048
1923 128.64
1924 64.32
1925 102.912
1926 120.064
1927 107.2
1928 124.352
1929 115.776
1930 120.064
1931 72.896
1932 90.048
1933 77.184
1934 120.064
1935 102.912
1936 115.776
1937 64.32
1938 124.352
1939 128.64
1940 98.624
1941 132.928
1942 81.472
1943 102.912
1944 51.456
1945 85.76
1946 102.912
1947 115.776
1948 107.2
1949 120.064
1950 81.472
1951 180.096
1952 124.352
1953 98.624
1954 81.472
1955 120.064
1956 111.488
1957 120.064
1958 77.184
1959 90.048
1960 111.488
1961 107.2
1962 115.776
1963 128.64
1964 94.336
1965 68.608
1966 94.336
1967 55.744
1968 102.912
1969 94.336
1970 111.488
1971 51.456
1972 107.2
1973 115.776
1974 111.488
1975 90.048
1976 154.368
1977 68.608
1978 85.76
1979 98.624
1980 107.2
1981 141.504
1982 145.792
1983 90.048
1984 120.064
1985 111.488
1986 128.64
1987 128.64
1988 120.064
1989 77.184
1990 102.912
1991 102.912
1992 132.928
1993 115.776
1994 102.912
1995 98.624
1996 94.336
1997 64.32
1998 77.184
1999 175.808
2000 145.792
2001 111.488
2002 141.504
2003 102.912
2004 81.472
2005 150.08
2006 90.048
2007 90.048
2008 111.488
2009 128.64
2010 90.048
2011 115.776
2012 68.608
2013 102.912
2014 128.64
2015 94.336
2016 145.792
2017 137.216
2018 102.912
2019 90.048
2020 72.896
2021 107.2
2022 111.488
2023 68.608
2024 90.048
2025 94.336
2026 132.928
2027 115.776
2028 107.2
2029 90.048
2030 120.064
2031 102.912
2032 111.488
2033 90.048
2034 111.488
2035 90.048
2036 90.048
2037 128.64
2038 128.64
2039 145.792
2040 111.488
2041 90.048
2042 102.912
2043 102.912
2044 72.896
2045 81.472
2046 81.472
2047 102.912
2048 124.352
2049 128.64
2050 124.352
2051 115.776
2052 111.488
2053 115.776
2054 94.336
2055 111.488
2056 102.912
2057 124.352
2058 94.336
2059 111.488
2060 120.064
2061 120.064
2062 120.064
2063 111.488
2064 132.928
2065 115.776
2066 141.504
2067 145.792
2068 120.064
2069 98.624
2070 124.352
2071 111.488
2072 85.76
2073 124.352
2074 141.504
2075 98.624
2076 98.624
2077 145.792
2078 115.776
2079 132.928
2080 107.2
2081 90.048
2082 94.336
2083 120.064
2084 120.064
2085 77.184
2086 72.896
2087 94.336
2088 128.64
2089 111.488
2090 115.776
2091 102.912
2092 132.928
2093 102.912
2094 154.368
2095 98.624
2096 98.624
2097 111.488
2098 128.64
2099 107.2
2100 115.776
2101 141.504
2102 128.64
2103 128.64
2104 81.472
2105 90.048
2106 85.76
2107 111.488
2108 60.032
2109 102.912
2110 94.336
2111 98.624
2112 77.184
2113 77.184
2114 81.472
2115 94.336
2116 90.048
2117 137.216
2118 150.08
2119 102.912
2120 137.216
2121 120.064
2122 141.504
2123 64.32
2124 94.336
2125 120.064
2126 128.64
2127 77.184
2128 85.76
2129 64.32
2130 137.216
2131 98.624
2132 115.776
2133 107.2
2134 77.184
2135 81.472
2136 98.624
2137 107.2
2138 85.76
2139 124.352
2140 150.08
2141 111.488
2142 107.2
2143 162.944
2144 128.64
2145 115.776
2146 128.64
2147 85.76
2148 94.336
2149 115.776
2150 137.216
2151 94.336
2152 115.776
2153 85.76
2154 111.488
2155 107.2
2156 94.336
2157 158.656
2158 167.232
2159 85.76
2160 141.504
2161 64.32
2162 158.656
2163 81.472
2164 111.488
2165 115.776
2166 94.336
2167 94.336
2168 102.912
2169 124.352
2170 107.2
2171 94.336
2172 141.504
2173 85.76
2174 102.912
2175 107.2
2176 98.624
2177 68.608
2178 102.912
2179 150.08
2180 141.504
2181 85.76
2182 115.776
2183 94.336
2184 154.368
2185 124.352
2186 124.352
2187 124.352
2188 111.488
2189 111.488
2190 77.184
2191 128.64
2192 137.216
2193 141.504
2194 107.2
2195 132.928
2196 137.216
2197 111.488
2198 85.76
2199 81.472
2200 94.336
2201 120.064
2202 132.928
2203 115.776
2204 124.352
2205 128.64
2206 141.504
2207 94.336
2208 94.336
2209 77.184
2210 107.2
2211 77.184
2212 137.216
2213 111.488
2214 120.064
2215 141.504
2216 107.2
2217 90.048
2218 98.624
2219 72.896
2220 124.352
2221 128.64
2222 77.184
2223 72.896
2224 107.2
2225 90.048
2226 94.336
2227 128.64
2228 154.368
2229 111.488
2230 55.744
2231 107.2
2232 94.336
2233 128.64
2234 128.64
2235 120.064
2236 132.928
2237 128.64
2238 107.2
2239 115.776
2240 137.216
2241 132.928
2242 154.368
2243 102.912
2244 137.216
2245 107.2
2246 64.32
2247 115.776
2248 77.184
2249 94.336
2250 145.792
2251 102.912
2252 107.2
2253 94.336
2254 85.76
2255 111.488
2256 132.928
2257 128.64
2258 111.488
2259 85.76
2260 124.352
2261 72.896
2262 102.912
2263 98.624
2264 94.336
2265 90.048
2266 120.064
2267 90.048
2268 107.2
2269 128.64
2270 128.64
2271 111.488
2272 102.912
2273 90.048
2274 111.488
2275 85.76
2276 85.76
2277 137.216
2278 102.912
2279 111.488
2280 107.2
2281 90.048
2282 107.2
2283 68.608
2284 68.608
2285 132.928
2286 124.352
2287 115.776
2288 115.776
2289 60.032
2290 115.776
2291 158.656
2292 72.896
2293 120.064
2294 85.76
2295 102.912
2296 94.336
2297 90.048
2298 94.336
2299 111.488
2300 115.776
2301 124.352
2302 111.488
2303 77.184
2304 115.776
2305 102.912
2306 111.488
2307 115.776
2308 90.048
2309 137.216
2310 107.2
2311 98.624
2312 94.336
2313 120.064
2314 128.64
2315 115.776
2316 120.064
2317 98.624
2318 98.624
2319 115.776
2320 111.488
2321 115.776
2322 102.912
2323 94.336
2324 120.064
2325 132.928
2326 107.2
2327 107.2
2328 90.048
2329 107.2
2330 128.64
2331 124.352
2332 98.624
2333 150.08
2334 124.352
2335 141.504
2336 94.336
2337 111.488
2338 98.624
2339 111.488
2340 115.776
2341 150.08
2342 81.472
2343 107.2
2344 102.912
2345 107.2
2346 107.2
2347 115.776
2348 132.928
2349 171.52
2350 154.368
2351 81.472
2352 107.2
2353 102.912
2354 120.064
2355 102.912
2356 102.912
2357 85.76
2358 98.624
2359 175.808
2360 150.08
2361 115.776
2362 85.76
2363 120.064
2364 111.488
2365 154.368
2366 107.2
2367 162.944
2368 145.792
2369 107.2
2370 81.472
2371 132.928
2372 81.472
2373 132.928
2374 115.776
2375 98.624
2376 90.048
2377 124.352
2378 72.896
2379 102.912
2380 60.032
2381 132.928
2382 154.368
2383 150.08
2384 132.928
2385 107.2
2386 111.488
2387 120.064
2388 111.488
2389 85.76
2390 77.184
2391 94.336
2392 94.336
2393 150.08
2394 72.896
2395 132.928
2396 90.048
2397 98.624
2398 42.88
2399 137.216
2400 162.944
2401 115.776
2402 98.624
2403 128.64
2404 120.064
2405 132.928
2406 77.184
2407 102.912
2408 68.608
2409 120.064
2410 115.776
2411 85.76
2412 81.472
2413 141.504
2414 158.656
2415 132.928
2416 102.912
2417 124.352
2418 102.912
2419 107.2
2420 81.472
2421 81.472
2422 167.232
2423 81.472
2424 94.336
2425 102.912
2426 107.2
2427 72.896
2428 81.472
2429 81.472
2430 94.336
2431 77.184
2432 145.792
2433 85.76
2434 120.064
2435 98.624
2436 111.488
2437 64.32
2438 124.352
2439 111.488
2440 94.336
2441 102.912
2442 72.896
2443 141.504
2444 85.76
2445 111.488
2446 124.352
2447 120.064
2448 107.2
2449 120.064
2450 77.184
2451 77.184
2452 145.792
2453 132.928
2454 81.472
2455 81.472
2456 72.896
2457 115.776
2458 115.776
2459 120.064
2460 128.64
2461 120.064
2462 94.336
2463 107.2
2464 81.472
2465 94.336
2466 124.352
2467 111.488
2468 107.2
2469 132.928
2470 124.352
2471 124.352
2472 120.064
2473 141.504
2474 94.336
2475 85.76
2476 81.472
2477 72.896
2478 81.472
2479 128.64
2480 98.624
2481 120.064
2482 85.76
2483 90.048
2484 145.792
2485 90.048
2486 98.624
2487 124.352
2488 115.776
2489 81.472
2490 115.776
2491 124.352
2492 107.2
2493 85.76
2494 111.488
2495 124.352
2496 137.216
2497 72.896
2498 111.488
2499 94.336
2500 98.624
2501 145.792
2502 111.488
2503 102.912
2504 115.776
2505 94.336
2506 137.216
2507 132.928
2508 137.216
2509 94.336
2510 137.216
2511 94.336
2512 98.624
2513 132.928
2514 132.928
2515 98.624
2516 120.064
2517 128.64
2518 98.624
2519 98.624
2520 141.504
2521 115.776
2522 115.776
2523 107.2
2524 145.792
2525 102.912
2526 98.624
2527 98.624
2528 128.64
2529 94.336
2530 120.064
2531 128.64
2532 120.064
2533 128.64
2534 85.76
2535 115.776
2536 85.76
2537 98.624
2538 77.184
2539 94.336
2540 64.32
2541 141.504
2542 72.896
2543 128.64
2544 132.928
2545 107.2
2546 120.064
2547 94.336
2548 81.472
2549 124.352
2550 128.64
2551 94.336
2552 120.064
2553 72.896
2554 115.776
2555 81.472
2556 94.336
2557 115.776
2558 145.792
2559 107.2
2560 162.944
2561 102.912
2562 150.08
2563 128.64
2564 94.336
2565 85.76
2566 94.336
2567 115.776
2568 107.2
2569 81.472
2570 85.76
2571 85.76
2572 90.048
2573 124.352
2574 81.472
2575 115.776
2576 102.912
2577 120.064
2578 128.64
2579 85.76
2580 90.048
2581 128.64
2582 111.488
2583 94.336
2584 51.456
2585 72.896
2586 132.928
2587 77.184
2588 68.608
2589 68.608
2590 98.624
2591 81.472
2592 107.2
2593 128.64
2594 137.216
2595 85.76
2596 98.624
2597 107.2
2598 81.472
2599 124.352
2600 98.624
2601 141.504
2602 68.608
2603 94.336
2604 64.32
2605 115.776
2606 102.912
2607 120.064
2608 85.76
2609 68.608
2610 107.2
2611 120.064
2612 94.336
2613 111.488
2614 107.2
2615 154.368
2616 72.896
2617 120.064
2618 94.336
2619 107.2
2620 94.336
2621 98.624
2622 102.912
2623 107.2
2624 107.2
2625 111.488
2626 111.488
2627 132.928
2628 85.76
2629 128.64
2630 90.048
2631 90.048
2632 115.776
2633 98.624
2634 111.488
2635 98.624
2636 115.776
2637 102.912
2638 85.76
2639 141.504
2640 107.2
2641 107.2
2642 107.2
2643 111.488
2644 90.048
2645 124.352
2646 98.624
2647 111.488
2648 107.2
2649 124.352
2650 115.776
2651 102.912
2652 72.896
2653 120.064
2654 107.2
2655 171.52
2656 85.76
2657 137.216
2658 102.912
2659 128.64
2660 158.656
2661 120.064
2662 141.504
2663 77.184
2664 102.912
2665 120.064
2666 145.792
2667 102.912
2668 111.488
2669 102.912
2670 102.912
2671 81.472
2672 111.488
2673 72.896
2674 81.472
2675 115.776
2676 150.08
2677 111.488
2678 111.488
2679 162.944
2680 145.792
2681 107.2
2682 124.352
2683 124.352
2684 120.064
2685 107.2
2686 98.624
2687 111.488
2688 107.2
2689 145.792
2690 98.624
2691 94.336
2692 124.352
2693 98.624
2694 81.472
2695 77.184
2696 72.896
2697 81.472
2698 77.184
2699 107.2
2700 90.048
2701 111.488
2702 72.896
2703 128.64
2704 137.216
2705 158.656
2706 158.656
2707 124.352
2708 124.352
2709 128.64
2710 85.76
2711 98.624
2712 107.2
2713 94.336
2714 81.472
2715 128.64
2716 94.336
2717 98.624
2718 137.216
2719 111.488
2720 141.504
2721 141.504
2722 81.472
2723 98.624
2724 94.336
2725 115.776
2726 128.64
2727 102.912
2728 90.048
2729 98.624
2730 120.064
2731 81.472
2732 81.472
2733 124.352
2734 120.064
2735 90.048
2736 98.624
2737 81.472
2738 141.504
2739 72.896
2740 94.336
2741 72.896
2742 132.928
2743 98.624
2744 85.76
2745 102.912
2746 72.896
2747 68.608
2748 72.896
2749 162.944
2750 132.928
2751 120.064
2752 98.624
2753 115.776
2754 94.336
2755 120.064
2756 107.2
2757 81.472
2758 98.624
2759 124.352
2760 98.624
2761 120.064
2762 111.488
2763 94.336
2764 102.912
2765 124.352
2766 141.504
2767 111.488
2768 90.048
2769 98.624
2770 102.912
2771 77.184
2772 102.912
2773 102.912
2774 85.76
2775 132.928
2776 98.624
2777 111.488
2778 120.064
2779 68.608
2780 120.064
2781 102.912
2782 120.064
2783 115.776
2784 98.624
2785 141.504
2786 141.504
2787 90.048
2788 150.08
2789 107.2
2790 68.608
2791 102.912
2792 141.504
2793 107.2
2794 128.64
2795 98.624
2796 94.336
2797 90.048
2798 111.488
2799 124.352
2800 90.048
2801 102.912
2802 85.76
2803 98.624
2804 85.76
2805 124.352
2806 90.048
2807 107.2
2808 94.336
2809 120.064
2810 120.064
2811 94.336
2812 132.928
2813 132.928
2814 145.792
2815 102.912
2816 72.896
2817 81.472
2818 115.776
2819 102.912
2820 94.336
2821 120.064
2822 120.064
2823 90.048
2824 64.32
2825 98.624
2826 98.624
2827 64.32
2828 102.912
2829 120.064
2830 111.488
2831 128.64
2832 107.2
2833 98.624
2834 115.776
2835 107.2
2836 120.064
2837 107.2
2838 68.608
2839 102.912
2840 120.064
2841 102.912
2842 115.776
2843 98.624
2844 120.064
2845 120.064
2846 77.184
2847 111.488
2848 120.064
2849 72.896
2850 132.928
2851 94.336
2852 102.912
2853 141.504
2854 115.776
2855 94.336
2856 120.064
2857 141.504
2858 128.64
2859 128.64
2860 90.048
2861 81.472
2862 132.928
2863 94.336
2864 102.912
2865 111.488
2866 111.488
2867 124.352
2868 90.048
2869 94.336
2870 102.912
2871 120.064
2872 90.048
2873 124.352
2874 98.624
2875 120.064
2876 137.216
2877 120.064
2878 98.624
2879 107.2
2880 124.352
2881 124.352
2882 102.912
2883 115.776
2884 94.336
2885 128.64
2886 115.776
2887 107.2
2888 98.624
2889 120.064
2890 137.216
2891 81.472
2892 98.624
2893 111.488
2894 107.2
2895 120.064
2896 111.488
2897 111.488
2898 107.2
2899 55.744
2900 128.64
2901 167.232
2902 90.048
2903 120.064
2904 85.76
2905 90.048
2906 107.2
2907 107.2
2908 115.776
2909 154.368
2910 115.776
2911 102.912
2912 102.912
2913 162.944
2914 90.048
2915 111.488
2916 128.64
2917 60.032
2918 107.2
2919 180.096
2920 102.912
2921 64.32
2922 111.488
2923 132.928
2924 124.352
2925 94.336
2926 107.2
2927 102.912
2928 102.912
2929 128.64
2930 137.216
2931 124.352
2932 120.064
2933 124.352
2934 150.08
2935 107.2
2936 102.912
2937 102.912
2938 115.776
2939 107.2
2940 154.368
2941 120.064
2942 77.184
2943 115.776
2944 115.776
2945 111.488
2946 115.776
2947 64.32
2948 85.76
2949 124.352
2950 128.64
2951 107.2
2952 120.064
2953 158.656
2954 150.08
2955 145.792
2956 94.336
2957 124.352
2958 94.336
2959 128.64
2960 145.792
2961 107.2
2962 51.456
2963 124.352
2964 115.776
2965 51.456
2966 85.76
2967 107.2
2968 107.2
2969 124.352
2970 162.944
2971 145.792
2972 77.184
2973 111.488
2974 124.352
2975 115.776
2976 145.792
2977 115.776
2978 107.2
2979 137.216
2980 81.472
2981 128.64
2982 111.488
2983 102.912
2984 102.912
2985 154.368
2986 128.64
2987 107.2
2988 124.352
2989 111.488
2990 81.472
2991 124.352
2992 120.064
2993 94.336
2994 90.048
2995 98.624
2996 98.624
2997 98.624
2998 102.912
2999 98.624
3000 171.52
3001 124.352
3002 107.2
3003 94.336
3004 145.792
3005 94.336
3006 120.064
3007 72.896
3008 141.504
3009 72.896
3010 81.472
3011 154.368
3012 115.776
3013 90.048
3014 102.912
3015 94.336
3016 107.2
3017 72.896
3018 90.048
3019 94.336
3020 81.472
3021 90.048
3022 98.624
3023 115.776
3024 72.896
3025 107.2
3026 145.792
3027 111.488
3028 102.912
3029 150.08
3030 128.64
3031 90.048
3032 107.2
3033 111.488
3034 102.912
3035 85.76
3036 107.2
3037 94.336
3038 111.488
3039 120.064
3040 115.776
3041 141.504
3042 98.624
3043 102.912
3044 115.776
3045 98.624
3046 85.76
3047 111.488
3048 145.792
3049 77.184
3050 154.368
3051 167.232
3052 77.184
3053 77.184
3054 111.488
3055 102.912
3056 107.2
3057 90.048
3058 107.2
3059 111.488
3060 154.368
3061 124.352
3062 77.184
3063 145.792
3064 98.624
3065 107.2
3066 145.792
3067 128.64
3068 145.792
3069 124.352
3070 137.216
3071 98.624
3072 120.064
3073 102.912
3074 98.624
3075 141.504
3076 111.488
3077 72.896
3078 85.76
3079 107.2
3080 128.64
3081 145.792
3082 120.064
3083 85.76
3084 98.624
3085 124.352
3086 107.2
3087 111.488
3088 85.76
3089 124.352
3090 94.336
3091 120.064
3092 145.792
3093 102.912
3094 102.912
3095 115.776
3096 141.504
3097 81.472
3098 115.776
3099 107.2
3100 120.064
3101 128.64
3102 132.928
3103 107.2
3104 132.928
3105 72.896
3106 94.336
3107 107.2
3108 98.624
3109 124.352
3110 115.776
3111 120.064
3112 85.76
3113 128.64
3114 60.032
3115 128.64
3116 115.776
3117 77.184
3118 102.912
3119 72.896
3120 77.184
3121 128.64
3122 102.912
3123 107.2
3124 115.776
3125 132.928
3126 111.488
3127 120.064
3128 154.368
3129 137.216
3130 115.776
3131 107.2
3132 124.352
3133 98.624
3134 85.76
3135 120.064
3136 124.352
3137 107.2
3138 115.776
3139 94.336
3140 85.76
3141 102.912
3142 137.216
3143 111.488
3144 102.912
3145 111.488
3146 107.2
3147 141.504
3148 128.64
3149 111.488
3150 128.64
3151 115.776
3152 132.928
3153 98.624
3154 107.2
3155 115.776
3156 98.624
3157 120.064
3158 107.2
3159 167.232
3160 132.928
3161 115.776
3162 85.76
3163 94.336
3164 98.624
3165 137.216
3166 137.216
3167 132.928
3168 111.488
3169 77.184
3170 132.928
3171 60.032
3172 98.624
3173 128.64
3174 72.896
3175 115.776
3176 102.912
3177 72.896
3178 85.76
3179 111.488
3180 81.472
3181 124.352
3182 94.336
3183 120.064
3184 107.2
3185 77.184
3186 72.896
3187 111.488
3188 107.2
3189 94.336
3190 120.064
3191 141.504
3192 90.048
3193 111.488
3194 128.64
3195 145.792
3196 128.64
3197 94.336
3198 72.896
3199 124.352
3200 94.336
3201 107.2
3202 98.624
3203 85.76
3204 145.792
3205 85.76
3206 107.2
3207 115.776
3208 128.64
3209 90.048
3210 115.776
3211 77.184
3212 107.2
3213 94.336
3214 150.08
3215 94.336
3216 150.08
3217 111.488
3218 120.064
3219 102.912
3220 145.792
3221 72.896
3222 102.912
3223 132.928
3224 111.488
3225 120.064
3226 111.488
3227 111.488
3228 128.64
3229 115.776
3230 98.624
3231 107.2
3232 111.488
3233 98.624
3234 111.488
3235 81.472
3236 102.912
3237 128.64
3238 124.352
3239 124.352
3240 137.216
3241 120.064
3242 94.336
3243 90.048
3244 94.336
3245 98.624
3246 107.2
3247 102.912
3248 128.64
3249 150.08
3250 90.048
3251 132.928
3252 137.216
3253 145.792
3254 94.336
3255 98.624
3256 85.76
3257 107.2
3258 98.624
3259 124.352
3260 120.064
3261 111.488
3262 102.912
3263 137.216
3264 124.352
3265 115.776
3266 115.776
3267 128.64
3268 132.928
3269 115.776
3270 81.472
3271 98.624
3272 115.776
3273 124.352
3274 77.184
3275 98.624
3276 98.624
3277 81.472
3278 72.896
3279 115.776
3280 94.336
3281 90.048
3282 94.336
3283 115.776
3284 107.2
3285 107.2
3286 102.912
3287 120.064
3288 145.792
3289 98.624
3290 128.64
3291 102.912
3292 98.624
3293 85.76
3294 120.064
3295 124.352
3296 145.792
3297 98.624
3298 124.352
3299 150.08
3300 137.216
3301 85.76
3302 120.064
3303 72.896
3304 85.76
3305 137.216
3306 132.928
3307 111.488
3308 111.488
3309 132.928
3310 137.216
3311 120.064
3312 120.064
3313 68.608
3314 111.488
3315 85.76
3316 128.64
3317 124.352
3318 128.64
3319 107.2
3320 124.352
3321 111.488
3322 94.336
3323 124.352
3324 107.2
3325 120.064
3326 150.08
3327 124.352
3328 102.912
3329 98.624
3330 102.912
3331 137.216
3332 120.064
3333 111.488
3334 98.624
3335 85.76
3336 128.64
3337 145.792
3338 90.048
3339 124.352
3340 102.912
3341 107.2
3342 115.776
3343 132.928
3344 107.2
3345 115.776
3346 85.76
3347 72.896
3348 158.656
3349 141.504
3350 107.2
3351 102.912
3352 150.08
3353 120.064
3354 111.488
3355 68.608
3356 98.624
3357 128.64
3358 68.608
3359 98.624
3360 94.336
3361 98.624
3362 124.352
3363 124.352
3364 115.776
3365 102.912
3366 81.472
3367 111.488
3368 90.048
3369 132.928
3370 141.504
3371 158.656
3372 102.912
3373 128.64
3374 111.488
3375 132.928
3376 85.76
3377 94.336
3378 141.504
3379 77.184
3380 81.472
3381 154.368
3382 132.928
3383 81.472
3384 124.352
3385 77.184
3386 98.624
3387 107.2
3388 94.336
3389 94.336
3390 107.2
3391 94.336
3392 94.336
3393 162.944
3394 90.048
3395 107.2
3396 132.928
3397 94.336
3398 128.64
3399 98.624
3400 115.776
3401 132.928
3402 94.336
3403 107.2
3404 132.928
3405 85.76
3406 132.928
3407 111.488
3408 132.928
3409 102.912
3410 77.184
3411 137.216
3412 55.744
3413 128.64
3414 77.184
3415 128.64
3416 98.624
3417 102.912
3418 120.064
3419 141.504
3420 98.624
3421 120.064
3422 98.624
3423 90.048
3424 94.336
3425 102.912
3426 115.776
3427 102.912
3428 107.2
3429 115.776
3430 128.64
3431 141.504
3432 81.472
3433 102.912
3434 132.928
3435 111.488
3436 77.184
3437 77.184
3438 85.76
3439 137.216
3440 115.776
3441 94.336
3442 77.184
3443 111.488
3444 124.352
3445 124.352
3446 120.064
3447 98.624
3448 94.336
3449 115.776
3450 111.488
3451 68.608
3452 137.216
3453 98.624
3454 120.064
3455 94.336
3456 77.184
3457 111.488
3458 90.048
3459 128.64
3460 115.776
3461 107.2
3462 128.64
3463 111.488
3464 107.2
3465 111.488
3466 115.776
3467 102.912
3468 120.064
3469 128.64
3470 102.912
3471 107.2
3472 132.928
3473 85.76
3474 115.776
3475 111.488
3476 98.624
3477 94.336
3478 90.048
3479 81.472
3480 132.928
3481 107.2
3482 98.624
3483 94.336
3484 120.064
3485 107.2
3486 94.336
3487 128.64
3488 115.776
3489 60.032
3490 90.048
3491 120.064
3492 81.472
3493 128.64
3494 90.048
3495 102.912
3496 128.64
3497 94.336
3498 90.048
3499 81.472
3500 141.504
3501 124.352
3502 85.76
3503 102.912
3504 115.776
3505 128.64
3506 120.064
3507 68.608
3508 120.064
3509 111.488
3510 137.216
3511 102.912
3512 115.776
3513 90.048
3514 115.776
3515 102.912
3516 120.064
3517 90.048
3518 137.216
3519 81.472
3520 60.032
3521 107.2
3522 77.184
3523 145.792
3524 90.048
3525 111.488
3526 77.184
3527 81.472
3528 120.064
3529 141.504
3530 124.352
3531 90.048
3532 115.776
3533 94.336
3534 128.64
3535 102.912
3536 192.96
3537 47.168
3538 132.928
3539 81.472
3540 94.336
3541 137.216
3542 137.216
3543 102.912
3544 98.624
3545 94.336
3546 124.352
3547 115.776
3548 132.928
3549 77.184
3550 124.352
3551 124.352
3552 102.912
3553 115.776
3554 102.912
3555 94.336
3556 111.488
3557 94.336
3558 120.064
3559 107.2
3560 72.896
3561 102.912
3562 77.184
3563 132.928
3564 132.928
3565 90.048
3566 94.336
3567 120.064
3568 98.624
3569 98.624
3570 81.472
3571 107.2
3572 90.048
3573 98.624
3574 102.912
3575 137.216
3576 171.52
3577 132.928
3578 98.624
3579 120.064
3580 115.776
3581 124.352
3582 107.2
3583 107.2
3584 107.2
3585 90.048
3586 137.216
3587 145.792
3588 132.928
3589 111.488
3590 128.64
3591 124.352
3592 102.912
3593 77.184
3594 111.488
3595 102.912
3596 107.2
3597 102.912
3598 132.928
3599 85.76
3600 94.336
3601 124.352
3602 81.472
3603 124.352
3604 141.504
3605 90.048
3606 124.352
3607 115.776
3608 81.472
3609 128.64
3610 141.504
3611 111.488
3612 72.896
3613 120.064
3614 120.064
3615 141.504
3616 98.624
3617 137.216
3618 145.792
3619 85.76
3620 111.488
3621 98.624
3622 141.504
3623 102.912
3624 72.896
3625 90.048
3626 124.352
3627 141.504
3628 132.928
3629 141.504
3630 137.216
3631 77.184
3632 120.064
3633 137.216
3634 120.064
3635 132.928
3636 107.2
3637 120.064
3638 98.624
3639 145.792
3640 94.336
3641 115.776
3642 107.2
3643 137.216
3644 141.504
3645 98.624
3646 68.608
3647 120.064
3648 111.488
3649 81.472
3650 81.472
3651 72.896
3652 115.776
3653 115.776
3654 98.624
3655 111.488
3656 145.792
3657 120.064
3658 98.624
3659 107.2
3660 90.048
3661 120.064
3662 115.776
3663 145.792
3664 111.488
3665 120.064
3666 115.776
3667 158.656
3668 120.064
3669 94.336
3670 141.504
3671 102.912
3672 98.624
3673 132.928
3674 128.64
3675 77.184
3676 124.352
3677 137.216
3678 98.624
3679 77.184
3680 102.912
3681 85.76
3682 90.048
3683 111.488
3684 102.912
3685 102.912
3686 85.76
3687 107.2
3688 68.608
3689 98.624
3690 102.912
3691 68.608
3692 120.064
3693 107.2
3694 102.912
3695 102.912
3696 85.76
3697 107.2
3698 81.472
3699 77.184
3700 107.2
3701 98.624
3702 85.76
3703 72.896
3704 94.336
3705 98.624
3706 98.624
3707 90.048
3708 137.216
3709 132.928
3710 102.912
3711 90.048
3712 128.64
3713 85.76
3714 94.336
3715 102.912
3716 90.048
3717 115.776
3718 90.048
3719 120.064
3720 141.504
3721 94.336
3722 85.76
3723 128.64
3724 132.928
3725 107.2
3726 124.352
3727 107.2
3728 141.504
3729 60.032
3730 85.76
3731 145.792
3732 94.336
3733 132.928
3734 90.048
3735 94.336
3736 124.352
3737 111.488
3738 111.488
3739 124.352
3740 90.048
3741 128.64
3742 90.048
3743 124.352
3744 158.656
3745 141.504
3746 145.792
3747 137.216
3748 94.336
3749 120.064
3750 120.064
3751 115.776
3752 154.368
3753 132.928
3754 81.472
3755 102.912
3756 90.048
3757 111.488
3758 111.488
3759 124.352
3760 120.064
3761 98.624
3762 115.776
3763 124.352
3764 132.928
3765 124.352
3766 102.912
3767 132.928
3768 115.776
3769 180.096
3770 128.64
3771 85.76
3772 120.064
3773 111.488
3774 128.64
3775 180.096
3776 85.76
3777 81.472
3778 145.792
3779 124.352
3780 68.608
3781 90.048
3782 98.624
3783 124.352
3784 94.336
3785 98.624
3786 145.792
3787 128.64
3788 145.792
3789 90.048
3790 132.928
3791 102.912
3792 124.352
3793 94.336
3794 124.352
3795 137.216
3796 72.896
3797 128.64
3798 111.488
3799 120.064
3800 102.912
3801 124.352
3802 128.64
3803 175.808
3804 115.776
3805 167.232
3806 98.624
3807 120.064
3808 77.184
3809 81.472
3810 128.64
3811 98.624
3812 94.336
3813 120.064
3814 81.472
3815 94.336
3816 124.352
3817 111.488
3818 120.064
3819 111.488
3820 98.624
3821 132.928
3822 90.048
3823 90.048
3824 115.776
3825 120.064
3826 72.896
3827 90.048
3828 120.064
3829 150.08
3830 102.912
3831 90.048
3832 162.944
3833 102.912
3834 128.64
3835 90.048
3836 102.912
3837 94.336
3838 111.488
3839 94.336
3840 102.912
3841 81.472
3842 98.624
3843 98.624
3844 102.912
3845 102.912
3846 154.368
3847 145.792
3848 102.912
3849 98.624
3850 115.776
3851 120.064
3852 102.912
3853 94.336
3854 115.776
3855 102.912
3856 102.912
3857 137.216
3858 64.32
3859 111.488
3860 111.488
3861 90.048
3862 111.488
3863 111.488
3864 90.048
3865 98.624
3866 107.2
3867 145.792
3868 85.76
3869 85.76
3870 90.048
3871 90.048
3872 111.488
3873 150.08
3874 115.776
3875 132.928
3876 107.2
3877 115.776
3878 115.776
3879 124.352
3880 90.048
3881 128.64
3882 68.608
3883 102.912
3884 111.488
3885 120.064
3886 120.064
3887 102.912
3888 115.776
3889 47.168
3890 141.504
3891 111.488
3892 120.064
3893 85.76
3894 124.352
3895 124.352
3896 90.048
3897 94.336
3898 107.2
3899 145.792
3900 120.064
3901 90.048
3902 115.776
3903 115.776
3904 150.08
3905 102.912
3906 102.912
3907 98.624
3908 81.472
3909 128.64
3910 107.2
3911 137.216
3912 85.76
3913 102.912
3914 124.352
3915 128.64
3916 102.912
3917 115.776
3918 128.64
3919 98.624
3920 102.912
3921 111.488
3922 141.504
3923 111.488
3924 111.488
3925 132.928
3926 81.472
3927 115.776
3928 98.624
3929 102.912
3930 158.656
3931 81.472
3932 81.472
3933 107.2
3934 120.064
3935 85.76
3936 107.2
3937 90.048
3938 94.336
3939 141.504
3940 98.624
3941 141.504
3942 94.336
3943 111.488
3944 98.624
3945 137.216
3946 137.216
3947 94.336
3948 107.2
3949 120.064
3950 94.336
3951 47.168
3952 94.336
3953 90.048
3954 120.064
3955 90.048
3956 77.184
3957 98.624
3958 145.792
3959 102.912
3960 102.912
3961 102.912
3962 102.912
3963 115.776
3964 120.064
3965 128.64
3966 90.048
3967 85.76
3968 120.064
3969 94.336
3970 132.928
3971 111.488
3972 107.2
3973 107.2
3974 124.352
3975 128.64
3976 81.472
3977 150.08
3978 94.336
3979 81.472
3980 120.064
3981 137.216
3982 94.336
3983 120.064
3984 90.048
3985 158.656
3986 102.912
3987 107.2
3988 98.624
3989 107.2
3990 120.064
3991 90.048
3992 94.336
3993 102.912
3994 154.368
3995 102.912
3996 98.624
3997 150.08
3998 102.912
3999 107.2
4000 107.2
4001 120.064
4002 115.776
4003 115.776
4004 90.048
4005 90.048
4006 150.08
4007 81.472
4008 94.336
4009 98.624
4010 98.624
4011 141.504
4012 94.336
4013 128.64
4014 94.336
4015 132.928
4016 124.352
4017 124.352
4018 115.776
4019 94.336
4020 107.2
4021 111.488
4022 94.336
4023 124.352
4024 137.216
4025 102.912
4026 115.776
4027 102.912
4028 115.776
4029 85.76
4030 115.776
4031 111.488
4032 81.472
4033 94.336
4034 102.912
4035 115.776
4036 111.488
4037 115.776
4038 102.912
4039 124.352
4040 64.32
4041 98.624
4042 120.064
4043 115.776
4044 107.2
4045 128.64
4046 120.064
4047 102.912
4048 124.352
4049 128.64
4050 132.928
4051 90.048
4052 111.488
4053 77.184
4054 124.352
4055 132.928
4056 137.216
4057 77.184
4058 102.912
4059 94.336
4060 51.456
4061 128.64
4062 102.912
4063 98.624
4064 90.048
4065 124.352
4066 94.336
4067 77.184
4068 77.184
4069 94.336
4070 98.624
4071 120.064
4072 115.776
4073 94.336
4074 81.472
4075 68.608
4076 167.232
4077 81.472
4078 90.048
4079 150.08
4080 115.776
4081 115.776
4082 115.776
4083 107.2
4084 132.928
4085 124.352
4086 137.216
4087 60.032
4088 107.2
4089 124.352
4090 137.216
4091 98.624
4092 128.64
4093 154.368
4094 111.488
4095 68.608
4096 150.08
4097 115.776
4098 107.2
4099 85.76
4100 94.336
4101 141.504
4102 98.624
4103 115.776
4104 85.76
4105 107.2
4106 120.064
4107 107.2
4108 60.032
4109 120.064
4110 128.64
4111 64.32
4112 120.064
4113 128.64
4114 68.608
4115 107.2
4116 107.2
4117 145.792
4118 115.776
4119 85.76
4120 111.488
4121 81.472
4122 111.488
4123 145.792
4124 132.928
4125 98.624
4126 77.184
4127 115.776
4128 137.216
4129 102.912
4130 132.928
4131 124.352
4132 158.656
4133 107.2
4134 115.776
4135 102.912
4136 107.2
4137 94.336
4138 85.76
4139 132.928
4140 107.2
4141 64.32
4142 72.896
4143 102.912
4144 98.624
4145 111.488
4146 98.624
4147 128.64
4148 120.064
4149 94.336
4150 120.064
4151 85.76
4152 72.896
4153 94.336
4154 120.064
4155 107.2
4156 141.504
4157 120.064
4158 111.488
4159 124.352
4160 90.048
4161 167.232
4162 94.336
4163 102.912
4164 162.944
4165 98.624
4166 115.776
4167 77.184
4168 72.896
4169 98.624
4170 115.776
4171 120.064
4172 124.352
4173 132.928
4174 98.624
4175 90.048
4176 85.76
4177 107.2
4178 115.776
4179 94.336
4180 90.048
4181 107.2
4182 68.608
4183 107.2
4184 150.08
4185 85.76
4186 98.624
4187 94.336
4188 141.504
4189 102.912
4190 141.504
4191 85.76
4192 98.624
4193 90.048
4194 107.2
4195 102.912
4196 85.76
4197 111.488
4198 111.488
4199 128.64
4200 124.352
4201 64.32
4202 72.896
4203 94.336
4204 94.336
4205 85.76
4206 115.776
4207 120.064
4208 85.76
4209 107.2
4210 81.472
4211 90.048
4212 107.2
4213 60.032
4214 128.64
4215 68.608
4216 81.472
4217 64.32
4218 98.624
4219 120.064
4220 90.048
4221 102.912
4222 128.64
4223 115.776
4224 72.896
4225 81.472
4226 124.352
4227 94.336
4228 145.792
4229 90.048
4230 102.912
4231 128.64
4232 124.352
4233 120.064
4234 107.2
4235 102.912
4236 141.504
4237 120.064
4238 107.2
4239 111.488
4240 85.76
4241 145.792
4242 128.64
4243 42.88
4244 141.504
4245 107.2
4246 81.472
4247 94.336
4248 94.336
4249 120.064
4250 68.608
4251 94.336
4252 150.08
4253 94.336
4254 77.184
4255 141.504
4256 115.776
4257 85.76
4258 94.336
4259 111.488
4260 102.912
4261 90.048
4262 115.776
4263 128.64
4264 107.2
4265 90.048
4266 72.896
4267 124.352
4268 124.352
4269 98.624
4270 68.608
4271 85.76
4272 102.912
4273 98.624
4274 107.2
4275 145.792
4276 107.2
4277 124.352
4278 90.048
4279 154.368
4280 81.472
4281 94.336
4282 85.76
4283 81.472
4284 102.912
4285 115.776
4286 85.76
4287 90.048
4288 68.608
4289 98.624
4290 120.064
4291 77.184
4292 98.624
4293 102.912
4294 72.896
4295 132.928
4296 115.776
4297 111.488
4298 102.912
4299 94.336
4300 107.2
4301 85.76
4302 111.488
4303 141.504
4304 145.792
4305 111.488
4306 137.216
4307 77.184
4308 128.64
4309 98.624
4310 64.32
4311 162.944
4312 94.336
4313 98.624
4314 90.048
4315 115.776
4316 120.064
4317 137.216
4318 102.912
4319 98.624
4320 102.912
4321 72.896
4322 102.912
4323 107.2
4324 77.184
4325 120.064
4326 107.2
4327 85.76
4328 145.792
4329 85.76
4330 120.064
4331 81.472
4332 141.504
4333 94.336
4334 107.2
4335 115.776
4336 115.776
4337 77.184
4338 81.472
4339 120.064
4340 128.64
4341 72.896
4342 102.912
4343 81.472
4344 158.656
4345 124.352
4346 98.624
4347 102.912
4348 137.216
4349 120.064
4350 85.76
4351 150.08
4352 120.064
4353 120.064
4354 115.776
4355 141.504
4356 94.336
4357 90.048
4358 94.336
4359 102.912
4360 98.624
4361 102.912
4362 120.064
4363 85.76
4364 98.624
4365 115.776
4366 150.08
4367 98.624
4368 64.32
4369 115.776
4370 128.64
4371 111.488
4372 85.76
4373 77.184
4374 94.336
4375 128.64
4376 141.504
4377 85.76
4378 98.624
4379 132.928
4380 141.504
4381 124.352
4382 120.064
4383 111.488
4384 111.488
4385 124.352
4386 98.624
4387 154.368
4388 128.64
4389 81.472
4390 115.776
4391 111.488
4392 132.928
4393 94.336
4394 98.624
4395 60.032
4396 102.912
4397 107.2
4398 145.792
4399 120.064
4400 77.184
4401 128.64
4402 94.336
4403 81.472
4404 150.08
4405 124.352
4406 90.048
4407 107.2
4408 115.776
4409 81.472
4410 72.896
4411 128.64
4412 124.352
4413 107.2
4414 94.336
4415 111.488
4416 85.76
4417 128.64
4418 115.776
4419 115.776
4420 102.912
4421 77.184
4422 81.472
4423 68.608
4424 141.504
4425 98.624
4426 141.504
4427 81.472
4428 85.76
4429 64.32
4430 98.624
4431 85.76
4432 90.048
4433 111.488
4434 145.792
4435 167.232
4436 107.2
4437 124.352
4438 102.912
4439 102.912
4440 102.912
4441 77.184
4442 102.912
4443 111.488
4444 124.352
4445 132.928
4446 111.488
4447 120.064
4448 107.2
4449 102.912
4450 68.608
4451 102.912
4452 94.336
4453 137.216
4454 107.2
4455 85.76
4456 132.928
4457 102.912
4458 115.776
4459 137.216
4460 107.2
4461 111.488
4462 115.776
4463 124.352
4464 85.76
4465 102.912
4466 94.336
4467 175.808
4468 94.336
4469 115.776
4470 141.504
4471 111.488
4472 68.608
4473 175.808
4474 115.776
4475 115.776
4476 60.032
4477 115.776
4478 124.352
4479 98.624
4480 128.64
4481 132.928
4482 120.064
4483 77.184
4484 98.624
4485 120.064
4486 150.08
4487 128.64
4488 124.352
4489 137.216
4490 128.64
4491 90.048
4492 102.912
4493 64.32
4494 132.928
4495 154.368
4496 124.352
4497 94.336
4498 124.352
4499 120.064
4500 132.928
4501 137.216
4502 90.048
4503 115.776
4504 90.048
4505 107.2
4506 132.928
4507 102.912
4508 102.912
4509 120.064
4510 128.64
4511 120.064
4512 111.488
4513 94.336
4514 85.76
4515 107.2
4516 90.048
4517 98.624
4518 120.064
4519 107.2
4520 107.2
4521 102.912
4522 94.336
4523 77.184
4524 120.064
4525 137.216
4526 94.336
4527 98.624
4528 120.064
4529 158.656
4530 137.216
4531 124.352
4532 124.352
4533 124.352
4534 115.776
4535 171.52
4536 98.624
4537 111.488
4538 107.2
4539 77.184
4540 64.32
4541 64.32
4542 94.336
4543 120.064
4544 107.2
4545 102.912
4546 137.216
4547 107.2
4548 124.352
4549 137.216
4550 128.64
4551 81.472
4552 111.488
4553 68.608
4554 94.336
4555 115.776
4556 81.472
4557 94.336
4558 85.76
4559 94.336
4560 111.488
4561 77.184
4562 107.2
4563 120.064
4564 120.064
4565 98.624
4566 85.76
4567 98.624
4568 98.624
4569 81.472
4570 81.472
4571 115.776
4572 90.048
4573 102.912
4574 111.488
4575 128.64
4576 141.504
4577 111.488
4578 128.64
4579 72.896
4580 107.2
4581 120.064
4582 111.488
4583 124.352
4584 81.472
4585 145.792
4586 85.76
4587 111.488
4588 77.184
4589 145.792
4590 154.368
4591 85.76
4592 102.912
4593 90.048
4594 124.352
4595 124.352
4596 98.624
4597 115.776
4598 102.912
4599 111.488
4600 128.64
4601 85.76
4602 120.064
4603 141.504
4604 128.64
4605 132.928
4606 102.912
4607 98.624
4608 94.336
4609 124.352
4610 107.2
4611 120.064
4612 102.912
4613 107.2
4614 94.336
4615 64.32
4616 102.912
4617 90.048
4618 111.488
4619 102.912
4620 120.064
4621 154.368
4622 94.336
4623 72.896
4624 132.928
4625 115.776
4626 102.912
4627 94.336
4628 98.624
4629 72.896
4630 94.336
4631 111.488
4632 120.064
4633 111.488
4634 145.792
4635 94.336
4636 115.776
4637 90.048
4638 98.624
4639 102.912
4640 124.352
4641 124.352
4642 68.608
4643 90.048
4644 85.76
4645 111.488
4646 120.064
4647 94.336
4648 120.064
4649 98.624
4650 124.352
4651 111.488
4652 120.064
4653 111.488
4654 64.32
4655 124.352
4656 90.048
4657 111.488
4658 107.2
4659 102.912
4660 137.216
4661 141.504
4662 128.64
4663 102.912
4664 102.912
4665 107.2
4666 77.184
4667 81.472
4668 98.624
4669 137.216
4670 111.488
4671 90.048
4672 158.656
4673 115.776
4674 111.488
4675 102.912
4676 98.624
4677 98.624
4678 72.896
4679 102.912
4680 107.2
4681 137.216
4682 94.336
4683 98.624
4684 132.928
4685 72.896
4686 98.624
4687 111.488
4688 94.336
4689 98.624
4690 124.352
4691 141.504
4692 107.2
4693 107.2
4694 94.336
4695 107.2
4696 107.2
4697 137.216
4698 115.776
4699 94.336
4700 68.608
4701 102.912
4702 90.048
4703 124.352
4704 85.76
4705 115.776
4706 94.336
4707 102.912
4708 137.216
4709 145.792
4710 128.64
4711 120.064
4712 150.08
4713 175.808
4714 68.608
4715 90.048
4716 102.912
4717 120.064
4718 120.064
4719 98.624
4720 107.2
4721 132.928
4722 128.64
4723 90.048
4724 94.336
4725 94.336
4726 85.76
4727 98.624
4728 107.2
4729 150.08
4730 94.336
4731 115.776
4732 120.064
4733 115.776
4734 128.64
4735 128.64
4736 132.928
4737 124.352
4738 137.216
4739 120.064
4740 107.2
4741 81.472
4742 111.488
4743 128.64
4744 98.624
4745 137.216
4746 128.64
4747 90.048
4748 115.776
4749 77.184
4750 85.76
4751 102.912
4752 124.352
4753 102.912
4754 94.336
4755 128.64
4756 102.912
4757 81.472
4758 132.928
4759 94.336
4760 102.912
4761 145.792
4762 98.624
4763 115.776
4764 98.624
4765 120.064
4766 137.216
4767 132.928
4768 128.64
4769 107.2
4770 111.488
4771 111.488
4772 81.472
4773 124.352
4774 128.64
4775 145.792
4776 132.928
4777 158.656
4778 120.064
4779 102.912
4780 85.76
4781 124.352
4782 111.488
4783 90.048
4784 107.2
4785 137.216
4786 115.776
4787 102.912
4788 120.064
4789 115.776
4790 85.76
4791 98.624
4792 128.64
4793 98.624
4794 128.64
4795 72.896
4796 81.472
4797 94.336
4798 98.624
4799 94.336
4800 85.76
4801 120.064
4802 120.064
4803 94.336
4804 68.608
4805 154.368
4806 51.456
4807 102.912
4808 94.336
4809 94.336
4810 120.064
4811 107.2
4812 68.608
4813 98.624
4814 128.64
4815 107.2
4816 115.776
4817 102.912
4818 102.912
4819 94.336
4820 120.064
4821 90.048
4822 107.2
4823 90.048
4824 85.76
4825 128.64
4826 85.76
4827 132.928
4828 102.912
4829 120.064
4830 120.064
4831 128.64
4832 77.184
4833 90.048
4834 115.776
4835 98.624
4836 90.048
4837 141.504
4838 111.488
4839 68.608
4840 98.624
4841 111.488
4842 120.064
4843 72.896
4844 98.624
4845 98.624
4846 111.488
4847 90.048
4848 115.776
4849 90.048
4850 137.216
4851 107.2
4852 85.76
4853 94.336
4854 107.2
4855 111.488
4856 81.472
4857 111.488
4858 81.472
4859 98.624
4860 90.048
4861 128.64
4862 120.064
4863 120.064
4864 98.624
4865 162.944
4866 120.064
4867 111.488
4868 47.168
4869 72.896
4870 154.368
4871 141.504
4872 107.2
4873 115.776
4874 111.488
4875 98.624
4876 115.776
4877 120.064
4878 64.32
4879 68.608
4880 90.048
4881 90.048
4882 120.064
4883 107.2
4884 72.896
4885 158.656
4886 107.2
4887 102.912
4888 124.352
4889 107.2
4890 85.76
4891 120.064
4892 115.776
4893 98.624
4894 128.64
4895 85.76
4896 120.064
4897 115.776
4898 120.064
4899 107.2
4900 98.624
4901 132.928
4902 68.608
4903 120.064
4904 111.488
4905 111.488
4906 72.896
4907 94.336
4908 85.76
4909 98.624
4910 111.488
4911 90.048
4912 90.048
4913 98.624
4914 102.912
4915 137.216
4916 72.896
4917 115.776
4918 132.928
4919 81.472
4920 90.048
4921 107.2
4922 98.624
4923 102.912
4924 124.352
4925 115.776
4926 132.928
4927 94.336
4928 132.928
4929 90.048
4930 94.336
4931 137.216
4932 107.2
4933 107.2
4934 85.76
4935 98.624
4936 107.2
4937 137.216
4938 102.912
4939 145.792
4940 120.064
4941 94.336
4942 137.216
4943 98.624
4944 81.472
4945 64.32
4946 77.184
4947 90.048
4948 90.048
4949 94.336
4950 107.2
4951 107.2
4952 107.2
4953 132.928
4954 98.624
4955 120.064
4956 115.776
4957 167.232
4958 115.776
4959 120.064
4960 68.608
4961 137.216
4962 98.624
4963 111.488
4964 128.64
4965 162.944
4966 81.472
4967 107.2
4968 68.608
4969 128.64
4970 158.656
4971 102.912
4972 141.504
4973 128.64
4974 107.2
4975 132.928
4976 94.336
4977 124.352
4978 154.368
4979 137.216
4980 120.064
4981 107.2
4982 107.2
4983 64.32
4984 85.76
4985 85.76
4986 90.048
4987 115.776
4988 102.912
4989 111.488
4990 124.352
4991 150.08
4992 115.776
4993 128.64
4994 124.352
4995 90.048
4996 94.336
4997 107.2
4998 111.488
4999 102.912
5000 77.184
