10 35.432
20 49.44
30 63.036
40 82.4
50 103.824
60 133.076
70 109.592
80 82.4
90 82.4
100 82.4
110 82.4
120 82.4
130 82.4
140 82.4
150 82.4
160 82.4
170 82.4
180 82.4
190 82.4
200 82.4
210 82.4
220 82.4
230 82.4
240 82.4
250 82.4
260 82.4
270 82.4
280 82.4
290 82.4
300 82.4
310 82.4
320 82.4
330 82.4
340 82.4
350 82.4
360 82.4
370 82.4
380 82.4
390 82.4
400 82.4
410 82.4
420 82.4
430 82.4
440 82.4
450 82.4
460 82.4
470 82.4
480 82.4
490 82.4
500 82.4
510 82.4
520 82.4
530 82.4
540 82.4
550 82.4
560 82.4
570 82.4
580 82.4
590 82.4
600 82.4
610 82.4
