0,128
0.00177774,128
0.00241623,128
0.00453517,128
0.00567552,128
0.00666698,128
0.00807578,128
0.00910601,128
0.010523,128
0.0112288,128
0.0114324,128
0.0117294,128
0.0118634,128
0.0122737,128
0.0123009,128
0.0126114,128
0.0131583,128
0.0133019,128
0.0154923,128
0.0160558,128
0.017059,128
0.0185288,128
0.0216095,128
0.0220524,128
0.0231304,128
0.0244696,128
0.0248126,128
0.0248915,128
0.0258719,128
0.0268952,128
0.0272515,128
0.0282461,128
0.0313293,128
0.0319284,128
0.0328849,128
0.033204,128
0.0332275,128
0.0332277,128
0.0354347,128
0.0356432,128
0.0401782,128
0.0409984,128
0.0410496,128
0.0432031,128
0.0438273,128
0.0457709,128
0.0475698,128
0.0478095,128
0.0482646,128
0.0483946,128
0.0484935,128
0.050056,128
0.050232,128
0.0506713,128
0.0509147,128
0.0511428,128
0.0520218,128
0.0522554,128
0.0526711,128
0.0533586,128
0.0571028,128
0.0580838,128
0.0585942,128
0.059138,128
0.0595523,128
0.0605055,128
0.0612837,128
0.0615008,128
0.0633785,128
0.0636906,128
0.0640472,128
0.0682783,128
0.0687683,128
0.0703134,128
0.071088,128
0.0720837,128
0.0727607,128
0.0746343,128
0.0750519,128
0.0760617,128
0.0760932,128
0.0763074,128
0.0774463,128
0.0777438,128
0.0777714,128
0.0793427,128
0.0816642,128
0.0831387,128
0.0832288,128
0.0832974,128
0.0835344,128
0.0840506,128
0.084364,128
0.0844762,128
0.0853262,128
0.085958,128
0.0865468,128
0.086691,128
0.0898781,128
0.0909274,128
0.0918522,128
0.0920516,128
0.0925363,128
0.0932476,128
0.0945292,128
0.0979865,128
0.0986433,128
0.0991113,128
0.099158,128
0.0993137,128
0.0993402,128
0.099479,128
0.100175,128
0.10097,128
0.101361,128
0.10195,128
0.102025,128
0.10374,128
0.104673,128
0.105486,128
0.105901,128
0.10768,128
0.107924,128
0.108263,128
0.108302,128
0.108734,128
0.109483,128
0.110452,128
0.110665,128
0.110733,128
0.111055,128
0.11185,128
0.112357,128
0.112888,128
0.113261,128
0.113812,128
0.115736,128
0.11602,128
0.116429,128
0.117143,128
0.118326,128
0.118903,128
0.122848,128
0.12447,128
0.124756,128
0.125712,128
0.126014,128
0.127769,128
0.128698,128
0.129032,128
0.129148,128
0.130362,128
0.130678,128
0.131151,128
0.131357,128
0.132041,128
0.133537,128
0.140704,128
0.142857,128
0.144203,128
0.146213,128
0.146439,128
0.146794,128
0.146798,128
0.147195,128
0.14768,128
0.150042,128
0.151806,128
0.152164,128
0.152865,128
0.153181,128
0.15471,128
0.154996,128
0.158181,128
0.158925,128
0.15899,128
0.159527,128
0.159692,128
0.162881,128
0.165431,128
0.166047,128
0.166509,128
0.167901,128
0.170098,128
0.171494,128
0.173682,128
0.17398,128
0.175706,128
0.17695,128
0.17735,128
0.177396,128
0.177721,128
0.178059,128
0.178285,128
0.180224,128
0.182263,128
0.18278,128
0.183693,128
0.185281,128
0.185498,128
0.186623,128
0.18787,128
0.188035,128
0.188335,128
0.188471,128
0.189047,128
0.189245,128
0.19007,128
0.192154,128
0.19221,128
0.193438,128
0.194487,128
0.194976,128
0.197463,128
0.197991,128
0.198424,128
0.201073,128
0.201467,128
0.201541,128
0.202145,128
0.205219,128
0.205301,128
0.205907,128
0.207963,128
0.212139,128
0.21218,128
0.212183,128
0.212538,128
0.213153,128
0.214212,128
0.214262,128
0.216147,128
0.21617,128
0.217657,128
0.217918,128
0.220004,128
0.220379,128
0.222766,128
0.224463,128
0.224742,128
0.225728,128
0.2267,128
0.230991,128
0.232261,128
0.234484,128
0.23629,128
0.238612,128
0.23951,128
0.240083,128
0.240862,128
0.24088,128
0.241205,128
0.241743,128
0.246126,128
0.247179,128
0.24775,128
0.247911,128
0.248852,128
0.252399,128
0.252732,128
0.257785,128
0.258334,128
0.259147,128
0.259731,128
0.259925,128
0.260446,128
0.262017,128
0.26243,128
0.262561,128
0.263756,128
0.267032,128
0.267977,128
0.269596,128
0.269938,128
0.272494,128
0.272518,128
0.272533,128
0.273926,128
0.274162,128
0.275964,128
0.280079,128
0.280125,128
0.281087,128
0.282774,128
0.283152,128
0.286549,128
0.28666,128
0.286787,128
0.288168,128
0.288253,128
0.288254,128
0.289655,128
0.290926,128
0.291056,128
0.291792,128
0.293309,128
0.29379,128
0.293929,128
0.294168,128
0.296836,128
0.297986,128
0.300858,128
0.301778,128
0.301865,128
0.304293,128
0.304654,128
0.30472,128
0.305165,128
0.3062,128
0.306709,128
0.307353,128
0.307595,128
0.307935,128
0.308242,128
0.308243,128
0.310703,128
0.310855,128
0.310975,128
0.311914,128
0.311952,128
0.312912,128
0.313204,128
0.314963,128
0.318541,128
0.320165,128
0.32212,128
0.322244,128
0.322703,128
0.324147,128
0.325308,128
0.326612,128
0.327098,128
0.327118,128
0.328119,128
0.328459,128
0.329851,128
0.330011,128
0.332144,128
0.33258,128
0.332632,128
0.333426,128
0.3337,128
0.334698,128
0.334971,128
0.335027,128
0.337434,128
0.338891,128
0.339312,128
0.341428,128
0.342806,128
0.343143,128
0.343689,128
0.345403,128
0.345886,128
0.348063,128
0.348327,128
0.349882,128
0.351094,128
0.352684,128
0.352826,128
0.353739,128
0.355048,128
0.355558,128
0.356127,128
0.356392,128
0.356544,128
0.356876,128
0.358981,128
0.360452,128
0.360822,128
0.362086,128
0.36353,128
0.363787,128
0.364978,128
0.365114,128
0.365482,128
0.367341,128
0.368475,128
0.369145,128
0.370182,128
0.370761,128
0.371673,128
0.372308,128
0.373118,128
0.373251,128
0.373963,128
0.375456,128
0.375867,128
0.376018,128
0.376979,128
0.37816,128
0.379854,128
0.382154,128
0.382594,128
0.384115,128
0.384853,128
0.386163,128
0.386695,128
0.387055,128
0.388519,128
0.388643,128
0.38913,128
0.389266,128
0.38937,128
0.390552,128
0.391119,128
0.391576,128
0.392394,128
0.392574,128
0.393905,128
0.395062,128
0.395695,128
0.397043,128
0.40022,128
0.400869,128
0.401182,128
0.402358,128
0.402792,128
0.404359,128
0.40449,128
0.405214,128
0.405277,128
0.40556,128
0.406041,128
0.406658,128
0.407031,128
0.407524,128
0.407713,128
0.408427,128
0.409882,128
0.410773,128
0.411113,128
0.411156,128
0.412174,128
0.414117,128
0.417086,128
0.418215,128
0.418452,128
0.418638,128
0.419873,128
0.420653,128
0.42222,128
0.42266,128
0.423967,128
0.424032,128
0.424528,128
0.424562,128
0.425028,128
0.426397,128
0.426585,128
0.4271,128
0.43026,128
0.430595,128
0.431128,128
0.431502,128
0.432319,128
0.433922,128
0.434466,128
0.436387,128
0.436624,128
0.437555,128
0.437806,128
0.439883,128
0.440018,128
0.441016,128
0.441126,128
0.441587,128
0.441627,128
0.442218,128
0.442505,128
0.444006,128
0.44701,128
0.448919,128
0.449198,128
0.450459,128
0.450636,128
0.451413,128
0.4517,128
0.452773,128
0.453746,128
0.463103,128
0.463257,128
0.464243,128
0.464864,128
0.465043,128
0.465124,128
0.469009,128
0.469567,128
0.470451,128
0.470555,128
0.47128,128
0.47198,128
0.472692,128
0.472831,128
0.47406,128
0.474398,128
0.476295,128
0.477601,128
0.4784,128
0.478779,128
0.479007,128
0.481078,128
0.481345,128
0.481862,128
0.48217,128
0.482647,128
0.484235,128
0.485631,128
0.486906,128
0.487221,128
0.487648,128
0.488211,128
0.488739,128
0.489238,128
0.490581,128
0.490852,128
0.491755,128
0.492515,128
0.493036,128
0.494529,128
0.494626,128
0.495768,128
0.49741,128
0.497878,128
0.498139,128
0.500778,128
0.502161,128
0.502441,128
0.504552,128
0.510056,128
0.510645,128
0.511815,128
0.512113,128
0.513024,128
0.513486,128
0.514464,128
0.515032,128
0.516085,128
0.51707,128
0.518097,128
0.519397,128
0.519706,128
0.520174,128
0.520884,128
0.521361,128
0.524936,128
0.525074,128
0.52561,128
0.526993,128
0.528584,128
0.529355,128
0.529879,128
0.530866,128
0.532109,128
0.533586,128
0.533694,128
0.535813,128
0.536937,128
0.537069,128
0.537992,128
0.538124,128
0.538588,128
0.538721,128
0.541219,128
0.541255,128
0.544945,128
0.545813,128
0.546987,128
0.547122,128
0.549105,128
0.551091,128
0.552021,128
0.5523,128
0.55244,128
0.553728,128
0.553842,128
0.554743,128
0.555298,128
0.560518,128
0.56068,128
0.564408,128
0.565356,128
0.567171,128
0.568048,128
0.56885,128
0.568914,128
0.569724,128
0.570264,128
0.570415,128
0.570444,128
0.570575,128
0.57094,128
0.573792,128
0.574268,128
0.57532,128
0.575437,128
0.578755,128
0.579163,128
0.579511,128
0.579697,128
0.580439,128
0.580568,128
0.580665,128
0.581807,128
0.581893,128
0.582754,128
0.582855,128
0.583151,128
0.585009,128
0.585452,128
0.58606,128
0.586608,128
0.587823,128
0.589496,128
0.590456,128
0.590534,128
0.591085,128
0.594237,128
0.595103,128
0.595393,128
0.595413,128
0.595866,128
0.598178,128
0.598661,128
0.599056,128
0.599092,128
0.599281,128
0.5996,128
0.60069,128
0.600777,128
0.601071,128
0.601949,128
0.602402,128
0.602647,128
0.603251,128
0.60345,128
0.603525,128
0.603752,128
0.604544,128
0.604855,128
0.606098,128
0.606804,128
0.608585,128
0.612569,128
0.612844,128
0.615559,128
0.616029,128
0.617065,128
0.617714,128
0.617845,128
0.618735,128
0.619699,128
0.619798,128
0.620098,128
0.620335,128
0.62171,128
0.621765,128
0.621949,128
0.623582,128
0.624589,128
0.625191,128
0.630529,128
0.630603,128
0.63083,128
0.631382,128
0.632595,128
0.633034,128
0.634381,128
0.634693,128
0.636124,128
0.637302,128
0.637305,128
0.63845,128
0.639237,128
0.641129,128
0.641186,128
0.642362,128
0.643097,128
0.643261,128
0.644421,128
0.644909,128
0.646147,128
0.64653,128
0.648132,128
0.649506,128
0.650692,128
0.650952,128
0.652674,128
0.653268,128
0.65347,128
0.653626,128
0.657274,128
0.659253,128
0.660186,128
0.661057,128
0.661078,128
0.66156,128
0.669071,128
0.669185,128
0.669518,128
0.669562,128
0.670756,128
0.671884,128
0.673154,128
0.673194,128
0.676097,128
0.677486,128
0.677793,128
0.678028,128
0.679459,128
0.6814,128
0.681589,128
0.681748,128
0.68197,128
0.682298,128
0.682707,128
0.683788,128
0.68484,128
0.684991,128
0.686241,128
0.687123,128
0.688453,128
0.688922,128
0.68896,128
0.689894,128
0.692218,128
0.692975,128
0.693782,128
0.694097,128
0.69542,128
0.695427,128
0.696578,128
0.696677,128
0.698508,128
0.699549,128
0.703236,128
0.704299,128
0.706467,128
0.706935,128
0.706966,128
0.709446,128
0.710075,128
0.710233,128
0.711748,128
0.713341,128
0.714488,128
0.71559,128
0.715814,128
0.717273,128
0.718186,128
0.720707,128
0.721568,128
0.722091,128
0.724025,128
0.725443,128
0.725987,128
0.727742,128
0.728443,128
0.728831,128
0.729004,128
0.72971,128
0.730158,128
0.730785,128
0.73128,128
0.731972,128
0.73205,128
0.73288,128
0.736014,128
0.737209,128
0.738179,128
0.740148,128
0.740418,128
0.741472,128
0.742571,128
0.744305,128
0.745153,128
0.746218,128
0.751418,128
0.754125,128
0.754375,128
0.756268,128
0.756895,128
0.757386,128
0.758453,128
0.759155,128
0.759348,128
0.75977,128
0.760895,128
0.765403,128
0.765462,128
0.766244,128
0.766764,128
0.766928,128
0.767144,128
0.76715,128
0.767313,128
0.767642,128
0.769523,128
0.769772,128
0.77243,128
0.773841,128
0.779001,128
0.77928,128
0.77967,128
0.780702,128
0.78157,128
0.78228,128
0.782848,128
0.784789,128
0.785455,128
0.785553,128
0.787441,128
0.787965,128
0.789251,128
0.790527,128
0.79112,128
0.793477,128
0.794658,128
0.795337,128
0.796307,128
0.796685,128
0.798738,128
0.799502,128
0.800337,128
0.800621,128
0.801284,128
0.802173,128
0.802197,128
0.802639,128
0.803161,128
0.803597,128
0.803811,128
0.804631,128
0.812459,128
0.813358,128
0.813873,128
0.81404,128
0.815543,128
0.816501,128
0.817365,128
0.818568,128
0.818688,128
0.822034,128
0.82245,128
0.82276,128
0.822914,128
0.823004,128
0.823203,128
0.82386,128
0.824441,128
0.824763,128
0.825475,128
0.826686,128
0.82803,128
0.828305,128
0.828599,128
0.829911,128
0.830892,128
0.831513,128
0.832292,128
0.833149,128
0.83632,128
0.837612,128
0.839755,128
0.841432,128
0.842053,128
0.842066,128
0.844778,128
0.845137,128
0.845383,128
0.845737,128
0.84605,128
0.846106,128
0.846287,128
0.846437,128
0.84651,128
0.847949,128
0.848152,128
0.848435,128
0.849302,128
0.84942,128
0.849678,128
0.849705,128
0.850782,128
0.855299,128
0.855828,128
0.856586,128
0.857663,128
0.857819,128
0.858065,128
0.858537,128
0.861179,128
0.862584,128
0.862634,128
0.862852,128
0.863397,128
0.865034,128
0.865837,128
0.867236,128
0.870038,128
0.870569,128
0.871447,128
0.871955,128
0.87339,128
0.87352,128
0.874999,128
0.876215,128
0.876488,128
0.876806,128
0.87768,128
0.87867,128
0.878675,128
0.880317,128
0.881334,128
0.882818,128
0.883284,128
0.883549,128
0.884256,128
0.884546,128
0.884772,128
0.885399,128
0.885482,128
0.886672,128
0.887805,128
0.88795,128
0.889025,128
0.889776,128
0.890396,128
0.890422,128
0.891553,128
0.893096,128
0.895727,128
0.895896,128
0.897227,128
0.897453,128
0.897462,128
0.898433,128
0.899806,128
0.901282,128
0.901303,128
0.903066,128
0.90322,128
0.903542,128
0.903634,128
0.903927,128
0.904064,128
0.904494,128
0.906371,128
0.910385,128
0.911099,128
0.91118,128
0.911769,128
0.912116,128
0.912683,128
0.912977,128
0.913759,128
0.915764,128
0.916842,128
0.917212,128
0.91724,128
0.920382,128
0.920433,128
0.922312,128
0.923561,128
0.924192,128
0.926241,128
0.927438,128
0.927461,128
0.927709,128
0.928149,128
0.929058,128
0.929768,128
0.930537,128
0.933762,128
0.934161,128
0.935636,128
0.9358,128
0.936408,128
0.939754,128
0.940539,128
0.944479,128
0.944692,128
0.946355,128
0.946485,128
0.951005,128
0.952086,128
0.952359,128
0.952617,128
0.954163,128
0.954671,128
0.954971,128
0.955648,128
0.956308,128
0.957176,128
0.957511,128
0.959329,128
0.960804,128
0.961427,128
0.962715,128
0.964858,128
0.965537,128
0.966807,128
0.967126,128
0.968245,128
0.969265,128
0.970131,128
0.972814,128
0.97322,128
0.973968,128
0.977054,128
0.980267,128
0.980673,128
0.980994,128
0.982079,128
0.982123,128
0.982222,128
0.983587,128
0.984669,128
0.986067,128
0.987669,128
0.988208,128
0.988807,128
0.990199,128
0.990224,128
0.991054,128
0.991408,128
0.991629,128
0.99409,128
0.994793,128
0.997528,128
0.99777,128
0.998731,128
0.999305,128
0.999642,128
1.0002,128
1.00056,128
1.001,128
1.00351,128
1.00439,128
1.0045,128
1.00507,128
1.00698,128
1.00837,128
1.00912,128
1.00976,128
1.01044,128
1.01091,128
1.01234,128
1.01298,128
1.01318,128
1.01422,128
1.01512,128
1.01598,128
1.01767,128
1.01784,128
1.01795,128
1.02099,128
1.02108,128
1.02151,128
1.02165,128
1.02393,128
1.02409,128
1.02517,128
1.02709,128
1.02864,128
1.03028,128
1.03375,128
1.03415,128
1.03456,128
1.036,128
1.03716,128
1.03756,128
1.03872,128
1.03902,128
1.03904,128
1.03987,128
1.04046,128
1.04132,128
1.04135,128
1.0414,128
1.04178,128
1.04192,128
1.04378,128
1.04434,128
1.04575,128
1.04713,128
1.04722,128
1.04733,128
1.04854,128
1.04936,128
1.05,128
1.0501,128
1.05161,128
1.05179,128
1.05213,128
1.05308,128
1.05429,128
1.05433,128
1.05475,128
1.05534,128
1.05557,128
1.05588,128
1.05728,128
1.05899,128
1.05961,128
1.06008,128
1.06019,128
1.06055,128
1.06168,128
1.06185,128
1.0635,128
1.06476,128
1.0654,128
1.06549,128
1.06606,128
1.06685,128
1.06818,128
1.06845,128
1.06872,128
1.06958,128
1.07066,128
1.07548,128
1.0759,128
1.07595,128
1.07609,128
1.0762,128
1.07626,128
1.0763,128
1.08053,128
1.08074,128
1.08076,128
1.08281,128
1.08433,128
1.08546,128
1.08625,128
1.08676,128
1.08846,128
1.09151,128
1.09238,128
1.09302,128
1.09348,128
1.09381,128
1.09481,128
1.09595,128
1.0979,128
1.09807,128
1.09941,128
1.10422,128
1.10505,128
1.1052,128
1.10627,128
1.10651,128
1.10773,128
1.10774,128
1.10789,128
1.10814,128
1.10843,128
1.10875,128
1.10894,128
1.11088,128
1.111,128
1.11133,128
1.11316,128
1.11452,128
1.11474,128
1.11499,128
1.11701,128
1.11791,128
1.11854,128
1.11857,128
1.11874,128
1.12082,128
1.12312,128
1.12425,128
1.12426,128
1.12602,128
1.12609,128
1.12721,128
1.1274,128
1.12884,128
1.12983,128
1.13082,128
1.13297,128
1.13318,128
1.13343,128
1.13348,128
1.13373,128
1.13618,128
1.13901,128
1.14038,128
1.14113,128
1.14203,128
1.14367,128
1.14409,128
1.14436,128
1.14481,128
1.14499,128
1.14531,128
1.14562,128
1.14713,128
1.14805,128
1.14901,128
1.15077,128
1.15111,128
1.15135,128
1.15143,128
1.15178,128
1.15359,128
1.15368,128
1.15491,128
1.15548,128
1.15571,128
1.15616,128
1.15696,128
1.15871,128
1.15977,128
1.16095,128
1.16308,128
1.16309,128
1.16415,128
1.16485,128
1.16489,128
1.16614,128
1.1663,128
1.1691,128
1.16912,128
1.1698,128
1.16986,128
1.17138,128
1.17222,128
1.17378,128
1.17414,128
1.17468,128
1.1761,128
1.17734,128
1.17788,128
1.17813,128
1.17885,128
1.17958,128
1.18054,128
1.18082,128
1.18091,128
1.18134,128
1.18259,128
1.1829,128
1.18298,128
1.18458,128
1.18663,128
1.18705,128
1.1886,128
1.18866,128
1.18973,128
1.19155,128
1.19225,128
1.19271,128
1.19292,128
1.19385,128
1.19397,128
1.19408,128
1.19504,128
1.19516,128
1.19663,128
1.19982,128
1.2012,128
1.20339,128
1.20467,128
1.20717,128
1.2084,128
1.20986,128
1.21096,128
1.21386,128
1.21456,128
1.21507,128
1.21611,128
1.21626,128
1.21659,128
1.21742,128
1.21999,128
1.22086,128
1.2233,128
1.22337,128
1.22342,128
1.2238,128
1.22486,128
1.22569,128
1.22849,128
1.22886,128
1.22944,128
1.23016,128
1.23053,128
1.23178,128
1.23201,128
1.23201,128
1.23223,128
1.23247,128
1.23422,128
1.23554,128
1.23579,128
1.23828,128
1.23834,128
1.23911,128
1.23957,128
1.2423,128
1.2425,128
1.24253,128
1.24275,128
1.24393,128
1.24405,128
1.24457,128
1.24568,128
1.24827,128
1.24936,128
1.25036,128
1.25181,128
1.25317,128
1.25451,128
1.25513,128
1.25718,128
1.25931,128
1.25983,128
1.25994,128
1.2603,128
1.26096,128
1.26139,128
1.26255,128
1.26411,128
1.26599,128
1.26615,128
1.26621,128
1.26796,128
1.26809,128
1.26841,128
1.26847,128
1.27149,128
1.27279,128
1.27381,128
1.27421,128
1.27469,128
1.27476,128
1.27522,128
1.27581,128
1.2776,128
1.2779,128
1.27808,128
1.27893,128
1.27904,128
1.28115,128
1.28317,128
1.28418,128
1.28507,128
1.28596,128
1.28621,128
1.28837,128
1.28858,128
1.2888,128
1.28967,128
1.2916,128
1.29212,128
1.2929,128
1.29381,128
1.29455,128
1.29457,128
1.29616,128
1.29636,128
1.29649,128
1.29766,128
1.2977,128
1.29822,128
1.30022,128
1.30085,128
1.30156,128
1.30488,128
1.305,128
1.30518,128
1.30642,128
1.30895,128
1.30935,128
1.30985,128
1.3129,128
1.31336,128
1.3134,128
1.31469,128
1.31512,128
1.31763,128
1.31853,128
1.31925,128
1.32125,128
1.32194,128
1.32315,128
1.32794,128
1.32796,128
1.32875,128
1.33167,128
1.33289,128
1.33353,128
1.33429,128
1.33516,128
1.3353,128
1.33558,128
1.3366,128
1.33814,128
1.33886,128
1.33902,128
1.34095,128
1.34219,128
1.34223,128
1.34326,128
1.34364,128
1.34434,128
1.34962,128
1.34992,128
1.35021,128
1.35046,128
1.35181,128
1.35258,128
1.35432,128
1.35603,128
1.3581,128
1.35894,128
1.36008,128
1.36073,128
1.36141,128
1.36204,128
1.36379,128
1.36397,128
1.36483,128
1.36589,128
1.36639,128
1.36766,128
1.36844,128
1.36861,128
1.36897,128
1.36934,128
1.37056,128
1.37128,128
1.37192,128
1.37274,128
1.37277,128
1.37325,128
1.37541,128
1.38206,128
1.3822,128
1.38363,128
1.38382,128
1.3846,128
1.38515,128
1.38531,128
1.38625,128
1.38699,128
1.38771,128
1.38938,128
1.38958,128
1.39052,128
1.39108,128
1.39192,128
1.39204,128
1.39243,128
1.39292,128
1.39361,128
1.39493,128
1.39512,128
1.39608,128
1.39703,128
1.3993,128
1.40006,128
1.40048,128
1.40051,128
1.40114,128
1.40296,128
1.40463,128
1.4051,128
1.40612,128
1.40703,128
1.40719,128
1.40805,128
1.40812,128
1.40855,128
1.40901,128
1.40921,128
1.41119,128
1.41381,128
1.41381,128
1.41598,128
1.41786,128
1.41815,128
1.41875,128
1.41903,128
1.41919,128
1.41946,128
1.42057,128
1.42075,128
1.42185,128
1.42208,128
1.42372,128
1.42401,128
1.42453,128
1.42523,128
1.42537,128
1.42696,128
1.42751,128
1.42752,128
1.4283,128
1.4286,128
1.42922,128
1.4303,128
1.43226,128
1.4327,128
1.43323,128
1.4352,128
1.43554,128
1.43643,128
1.43674,128
1.43707,128
1.43725,128
1.43778,128
1.4378,128
1.43968,128
1.4397,128
1.44121,128
1.44127,128
1.44219,128
1.44425,128
1.44769,128
1.44824,128
1.45055,128
1.45186,128
1.45462,128
1.4547,128
1.45518,128
1.4557,128
1.45587,128
1.45676,128
1.45707,128
1.45718,128
1.45983,128
1.45995,128
1.46227,128
1.46248,128
1.46307,128
1.46375,128
1.46515,128
1.46569,128
1.46587,128
1.46689,128
1.46758,128
1.46772,128
1.46817,128
1.47139,128
1.47222,128
1.47326,128
1.47339,128
1.47415,128
1.47696,128
1.47712,128
1.47835,128
1.47845,128
1.48055,128
1.48188,128
1.48232,128
1.48262,128
1.48324,128
1.48325,128
1.48439,128
1.48497,128
1.48633,128
1.48685,128
1.48781,128
1.48818,128
1.48879,128
1.4896,128
1.48967,128
1.49136,128
1.49201,128
1.49517,128
1.49557,128
1.49579,128
1.49636,128
1.49781,128
1.50039,128
1.50142,128
1.50223,128
1.50247,128
1.50433,128
1.50519,128
1.50587,128
1.50641,128
1.50677,128
1.50681,128
1.50708,128
1.50785,128
1.50827,128
1.50996,128
1.50998,128
1.51173,128
1.51184,128
1.51306,128
1.51382,128
1.51407,128
1.5157,128
1.51614,128
1.51766,128
1.52171,128
1.52243,128
1.52347,128
1.52387,128
1.52394,128
1.5256,128
1.52566,128
1.52571,128
1.52677,128
1.52749,128
1.53035,128
1.53065,128
1.53245,128
1.53275,128
1.53414,128
1.53442,128
1.53553,128
1.53716,128
1.53983,128
1.5399,128
1.54154,128
1.54513,128
1.54592,128
1.54669,128
1.54861,128
1.54898,128
1.54977,128
1.55068,128
1.5514,128
1.55214,128
1.55271,128
1.55308,128
1.5556,128
1.55594,128
1.55639,128
1.55788,128
1.55812,128
1.55837,128
1.56056,128
1.56123,128
1.56199,128
1.56259,128
1.56269,128
1.56371,128
1.56456,128
1.56501,128
1.56506,128
1.566,128
1.56653,128
1.56775,128
1.56809,128
1.57014,128
1.57019,128
1.57163,128
1.57337,128
1.57525,128
1.57556,128
1.57806,128
1.57808,128
1.58028,128
1.58129,128
1.58197,128
1.58366,128
1.58377,128
1.58509,128
1.5858,128
1.58594,128
1.58662,128
1.58969,128
1.58982,128
1.59158,128
1.59185,128
1.5921,128
1.59455,128
1.59642,128
1.5975,128
1.59807,128
1.59875,128
1.59893,128
1.59904,128
1.5996,128
1.60083,128
1.60096,128
1.60206,128
1.60218,128
1.60532,128
1.60552,128
1.60636,128
1.60732,128
1.60783,128
1.61039,128
1.61088,128
1.61115,128
1.61136,128
1.61233,128
1.61314,128
1.61351,128
1.6136,128
1.6137,128
1.61397,128
1.61515,128
1.61667,128
1.61678,128
1.61866,128
1.62098,128
1.62134,128
1.62195,128
1.62207,128
1.62208,128
1.62248,128
1.62295,128
1.62331,128
1.62387,128
1.62512,128
1.62537,128
1.62639,128
1.62689,128
1.62733,128
1.62775,128
1.62831,128
1.62873,128
1.62962,128
1.63018,128
1.63124,128
1.63127,128
1.63148,128
1.6315,128
1.63266,128
1.63382,128
1.63415,128
1.63638,128
1.63726,128
1.63734,128
1.63784,128
1.63815,128
1.6388,128
1.63945,128
1.64036,128
1.64094,128
1.64101,128
1.64115,128
1.64127,128
1.64303,128
1.6432,128
1.64402,128
1.645,128
1.6462,128
1.64632,128
1.64634,128
1.64767,128
1.64957,128
1.65006,128
1.65187,128
1.65245,128
1.65343,128
1.65385,128
1.65465,128
1.66076,128
1.66166,128
1.66232,128
1.6627,128
1.66369,128
1.66394,128
1.66474,128
1.66504,128
1.66606,128
1.66634,128
1.6674,128
1.66801,128
1.66926,128
1.66959,128
1.66967,128
1.66967,128
1.66994,128
1.67048,128
1.67272,128
1.67428,128
1.67454,128
1.67486,128
1.67564,128
1.67596,128
1.67699,128
1.67738,128
1.67855,128
1.67912,128
1.6795,128
1.67964,128
1.68077,128
1.68113,128
1.68208,128
1.68262,128
1.68262,128
1.68304,128
1.68363,128
1.685,128
1.68548,128
1.68557,128
1.68563,128
1.68642,128
1.68644,128
1.6868,128
1.68734,128
1.68772,128
1.68847,128
1.69086,128
1.69348,128
1.69461,128
1.69493,128
1.69831,128
1.69877,128
1.69904,128
1.6995,128
1.69956,128
1.70078,128
1.70134,128
1.70182,128
1.70329,128
1.70355,128
1.70568,128
1.70599,128
1.70755,128
1.70801,128
1.70852,128
1.70907,128
1.71203,128
1.71284,128
1.71409,128
1.71566,128
1.71599,128
1.71873,128
1.71979,128
1.72217,128
1.72292,128
1.72304,128
1.72643,128
1.72758,128
1.7276,128
1.7284,128
1.72925,128
1.73059,128
1.73141,128
1.73185,128
1.73375,128
1.7347,128
1.73601,128
1.73639,128
1.73671,128
1.74162,128
1.74164,128
1.74168,128
1.74298,128
1.74362,128
1.74499,128
1.7463,128
1.74673,128
1.74744,128
1.74929,128
1.7493,128
1.74972,128
1.74982,128
1.75161,128
1.75238,128
1.75278,128
1.75457,128
1.7547,128
1.7548,128
1.75557,128
1.75578,128
1.75587,128
1.75829,128
1.76326,128
1.76388,128
1.76422,128
1.76565,128
1.7659,128
1.76687,128
1.76756,128
1.76799,128
1.76998,128
1.77289,128
1.7733,128
1.77395,128
1.77397,128
1.77483,128
1.77484,128
1.77513,128
1.77922,128
1.77926,128
1.77938,128
1.78032,128
1.78117,128
1.78158,128
1.78176,128
1.78227,128
1.78337,128
1.78467,128
1.78487,128
1.78559,128
1.78728,128
1.78818,128
1.78916,128
1.78917,128
1.78963,128
1.79,128
1.79097,128
1.79109,128
1.79274,128
1.79318,128
1.79322,128
1.79477,128
1.79592,128
1.79702,128
1.79846,128
1.79878,128
1.79898,128
1.79947,128
1.79992,128
1.80015,128
1.80232,128
1.80411,128
1.80468,128
1.80476,128
1.80558,128
1.80721,128
1.81233,128
1.81363,128
1.81407,128
1.81507,128
1.81511,128
1.81584,128
1.81726,128
1.81859,128
1.81995,128
1.82016,128
1.82163,128
1.82176,128
1.82384,128
1.82431,128
1.8253,128
1.8254,128
1.82563,128
1.82677,128
1.82832,128
1.82961,128
1.82983,128
1.83042,128
1.83065,128
1.83124,128
1.83178,128
1.83341,128
1.83375,128
1.83488,128
1.83548,128
1.83749,128
1.83812,128
1.83818,128
1.83869,128
1.83899,128
1.83938,128
1.84009,128
1.84052,128
1.84208,128
1.84229,128
1.84427,128
1.84611,128
1.84624,128
1.84665,128
1.8469,128
1.84696,128
1.84743,128
1.84923,128
1.85109,128
1.85263,128
1.85289,128
1.85448,128
1.85704,128
1.85789,128
1.8615,128
1.86153,128
1.86157,128
1.8623,128
1.86561,128
1.86714,128
1.87024,128
1.87059,128
1.872,128
1.87323,128
1.87439,128
1.87606,128
1.87893,128
1.87985,128
1.88016,128
1.88073,128
1.88115,128
1.88233,128
1.88273,128
1.88291,128
1.88438,128
1.88492,128
1.88582,128
1.88778,128
1.88837,128
1.8888,128
1.88931,128
1.89057,128
1.89096,128
1.89226,128
1.89272,128
1.89299,128
1.89413,128
1.89428,128
1.89541,128
1.89558,128
1.90074,128
1.90164,128
1.90291,128
1.90347,128
1.90549,128
1.90591,128
1.90611,128
1.90618,128
1.90636,128
1.90902,128
1.91117,128
1.91195,128
1.91325,128
1.91377,128
1.91407,128
1.91416,128
1.91424,128
1.91605,128
1.91614,128
1.91661,128
1.91705,128
1.91841,128
1.92171,128
1.92243,128
1.92387,128
1.92434,128
1.92522,128
1.92693,128
1.92756,128
1.93029,128
1.93207,128
1.93554,128
1.93753,128
1.93792,128
1.93845,128
1.93851,128
1.93921,128
1.93964,128
1.9408,128
1.94126,128
1.94146,128
1.943,128
1.94301,128
1.9442,128
1.94454,128
1.94518,128
1.94556,128
1.94673,128
1.94997,128
1.95132,128
1.9517,128
1.95215,128
1.95418,128
1.95466,128
1.95653,128
1.95731,128
1.95966,128
1.96043,128
1.96109,128
1.96131,128
1.96161,128
1.96221,128
1.96335,128
1.96468,128
1.96519,128
1.96613,128
1.96672,128
1.96811,128
1.96933,128
1.97081,128
1.97166,128
1.97317,128
1.97334,128
1.97393,128
1.97396,128
1.97428,128
1.97527,128
1.97757,128
1.97961,128
1.98135,128
1.98177,128
1.98338,128
1.98978,128
1.99013,128
1.99109,128
1.99357,128
1.99372,128
1.99394,128
1.99402,128
1.99458,128
1.99469,128
1.99495,128
1.99516,128
1.99556,128
1.99575,128
1.99625,128
1.99683,128
1.99696,128
1.99786,128
1.99943,128
1.99946,128
1.99977,128
2.00091,128
2.00108,128
2.00268,128
2.00292,128
2.00377,128
2.00488,128
2.00541,128
2.00625,128
2.00634,128
2.00742,128
2.008,128
2.00983,128
2.01086,128
2.01299,128
2.01448,128
2.01778,128
2.01937,128
2.02258,128
2.02314,128
2.0234,128
2.02485,128
2.02529,128
2.02583,128
2.02595,128
2.02626,128
2.02639,128
2.02668,128
2.02907,128
2.02913,128
2.03055,128
2.03229,128
2.03249,128
2.03256,128
2.03355,128
2.03417,128
2.03461,128
2.0353,128
2.03733,128
2.03813,128
2.03814,128
2.03924,128
2.04139,128
2.04218,128
2.0441,128
2.04462,128
2.04503,128
2.04558,128
2.04587,128
2.04641,128
2.04659,128
2.04728,128
2.04884,128
2.04918,128
2.0494,128
2.04961,128
2.04985,128
2.05112,128
2.05158,128
2.05193,128
2.05243,128
2.05319,128
2.05359,128
2.05361,128
2.0537,128
2.05374,128
2.05377,128
2.05419,128
2.05544,128
2.05585,128
2.05686,128
2.05691,128
2.05714,128
2.05761,128
2.05798,128
2.05929,128
2.0597,128
2.06004,128
2.06052,128
2.06079,128
2.0637,128
2.06493,128
2.06544,128
2.06607,128
2.06625,128
2.06654,128
2.06674,128
2.06678,128
2.06693,128
2.06803,128
2.0681,128
2.0682,128
2.06831,128
2.0688,128
2.07416,128
2.07675,128
2.07726,128
2.07962,128
2.07974,128
2.08005,128
2.0808,128
2.08201,128
2.08204,128
2.08494,128
2.08501,128
2.0874,128
2.08758,128
2.09538,128
2.09616,128
2.09652,128
2.09703,128
2.10209,128
2.10211,128
2.10219,128
2.10231,128
2.10236,128
2.10372,128
2.10497,128
2.10498,128
2.10525,128
2.10667,128
2.10714,128
2.10727,128
2.10743,128
2.10801,128
2.10803,128
2.10883,128
2.11042,128
2.11051,128
2.11091,128
2.11218,128
2.1124,128
2.11246,128
2.11318,128
2.11351,128
2.11744,128
2.12144,128
2.12195,128
2.12288,128
2.12348,128
2.12405,128
2.12464,128
2.12581,128
2.12601,128
2.12841,128
2.12886,128
2.12927,128
2.13159,128
2.13344,128
2.13389,128
2.13474,128
2.1348,128
2.135,128
2.13513,128
2.13528,128
2.13568,128
2.13579,128
2.13633,128
2.13751,128
2.14189,128
2.14193,128
2.14232,128
2.14487,128
2.14832,128
2.14935,128
2.14958,128
2.15054,128
2.15093,128
2.15313,128
2.15459,128
2.155,128
2.15783,128
2.15926,128
2.15968,128
2.1629,128
2.16323,128
2.1639,128
2.16515,128
2.16573,128
2.16816,128
2.16849,128
2.17009,128
2.17071,128
2.17222,128
2.17252,128
2.17439,128
2.175,128
2.17592,128
2.17772,128
2.17849,128
2.17858,128
2.17874,128
2.17927,128
2.18004,128
2.18018,128
2.18018,128
2.18184,128
2.18186,128
2.18232,128
2.18613,128
2.18691,128
2.18716,128
2.18901,128
2.18994,128
2.19097,128
2.19116,128
2.19204,128
2.1929,128
2.19429,128
2.19479,128
2.19526,128
2.197,128
2.19725,128
2.19751,128
2.20125,128
2.20171,128
2.20244,128
2.20582,128
2.21107,128
2.21149,128
2.21158,128
2.21177,128
2.21202,128
2.21266,128
2.21385,128
2.21397,128
2.21455,128
2.21464,128
2.21532,128
2.21637,128
2.21828,128
2.21864,128
2.22092,128
2.2214,128
2.22159,128
2.22207,128
2.22495,128
2.22541,128
2.22765,128
2.2281,128
2.22852,128
2.22905,128
2.2292,128
2.23035,128
2.23135,128
2.23359,128
2.23364,128
2.23537,128
2.23869,128
2.24026,128
2.24159,128
2.24241,128
2.24438,128
2.24478,128
2.24695,128
2.24732,128
2.24764,128
2.24875,128
2.24933,128
2.24952,128
2.25014,128
2.25212,128
2.25215,128
2.25226,128
2.25304,128
2.25383,128
2.254,128
2.25536,128
2.25623,128
2.25719,128
2.26122,128
2.26199,128
2.26275,128
2.26302,128
2.26593,128
2.26796,128
2.26829,128
2.26852,128
2.26991,128
2.2703,128
2.27047,128
2.27048,128
2.272,128
2.27257,128
2.27358,128
2.27707,128
2.28181,128
2.28336,128
2.28344,128
2.2842,128
2.28557,128
2.2873,128
2.28821,128
2.28882,128
2.28894,128
2.28978,128
2.2898,128
2.29096,128
2.29307,128
2.29419,128
2.2946,128
2.29787,128
2.29914,128
2.30407,128
2.30452,128
2.30633,128
2.30707,128
2.30739,128
2.30822,128
2.30918,128
2.31038,128
2.31366,128
2.31813,128
2.31892,128
2.32002,128
2.32047,128
2.32115,128
2.32352,128
2.32358,128
2.32391,128
2.32491,128
2.32542,128
2.32638,128
2.32668,128
2.33073,128
2.3313,128
2.33146,128
2.33284,128
2.33325,128
2.33346,128
2.33491,128
2.33498,128
2.33577,128
2.33744,128
2.33815,128
2.34136,128
2.3417,128
2.34234,128
2.3428,128
2.34405,128
2.34456,128
2.34468,128
2.34501,128
2.35091,128
2.35118,128
2.35134,128
2.35147,128
2.35235,128
2.35304,128
2.35478,128
2.35492,128
2.35807,128
2.35895,128
2.35938,128
2.35941,128
2.3611,128
2.36172,128
2.36256,128
2.36272,128
2.3634,128
2.36416,128
2.36423,128
2.36461,128
2.36787,128
2.36809,128
2.36938,128
2.36992,128
2.37096,128
2.37236,128
2.3725,128
2.37301,128
2.37368,128
2.37566,128
2.37719,128
2.37859,128
2.37981,128
2.38048,128
2.3822,128
2.38302,128
2.38469,128
2.3852,128
2.38782,128
2.38953,128
2.39153,128
2.3928,128
2.393,128
2.39482,128
2.39625,128
2.39694,128
2.39732,128
2.39776,128
2.39834,128
2.39919,128
2.40174,128
2.40287,128
2.40297,128
2.4042,128
2.4051,128
2.40569,128
2.40642,128
2.40708,128
2.40768,128
2.40926,128
2.4107,128
2.41082,128
2.4111,128
2.41212,128
2.41269,128
2.41292,128
2.41323,128
2.41357,128
2.41372,128
2.41397,128
2.41478,128
2.41577,128
2.41688,128
2.42058,128
2.42122,128
2.4252,128
2.42591,128
2.42627,128
2.42861,128
2.42955,128
2.4305,128
2.43294,128
2.4334,128
2.43646,128
2.43677,128
2.4373,128
2.43766,128
2.43873,128
2.44023,128
2.44029,128
2.44036,128
2.44063,128
2.44104,128
2.44224,128
2.44257,128
2.4436,128
2.44448,128
2.44591,128
2.44714,128
2.44778,128
2.4488,128
2.44966,128
2.45027,128
2.45031,128
2.45157,128
2.45169,128
2.45295,128
2.45325,128
2.45538,128
2.4555,128
2.45554,128
2.45662,128
2.45703,128
2.45728,128
2.45746,128
2.45916,128
2.45924,128
2.46121,128
2.46149,128
2.46177,128
2.4619,128
2.46295,128
2.46351,128
2.46452,128
2.46553,128
2.46662,128
2.46744,128
2.46979,128
2.46992,128
2.47035,128
2.47115,128
2.47203,128
2.47269,128
2.47407,128
2.47486,128
2.47732,128
2.47779,128
2.47831,128
2.47855,128
2.47943,128
2.48298,128
2.4846,128
2.48604,128
2.48611,128
2.48626,128
2.48663,128
2.48679,128
2.48917,128
2.48946,128
2.49005,128
2.49072,128
2.4942,128
2.49458,128
2.49524,128
2.4954,128
2.49573,128
2.49962,128
2.50267,128
2.50268,128
2.50362,128
2.50467,128
2.50542,128
2.50596,128
2.50612,128
2.50614,128
2.50722,128
2.50856,128
2.50927,128
2.50942,128
2.51,128
2.51033,128
2.51145,128
2.51476,128
2.51513,128
2.51605,128
2.51912,128
2.51943,128
2.51951,128
2.52005,128
2.52059,128
2.52162,128
2.52256,128
2.5229,128
2.52304,128
2.52392,128
2.52649,128
2.5268,128
2.52707,128
2.52832,128
2.52922,128
2.52986,128
2.53001,128
2.53004,128
2.53014,128
2.53055,128
2.53103,128
2.53328,128
2.53342,128
2.53458,128
2.53485,128
2.53494,128
2.53563,128
2.53677,128
2.53693,128
2.53746,128
2.53831,128
2.53864,128
2.53925,128
2.54285,128
2.54707,128
2.54746,128
2.54756,128
2.54935,128
2.54996,128
2.55052,128
2.55132,128
2.55161,128
2.55184,128
2.55206,128
2.55214,128
2.55254,128
2.55449,128
2.55451,128
2.55543,128
2.55697,128
2.55762,128
2.55947,128
2.56018,128
2.56078,128
2.56191,128
2.56416,128
2.5659,128
2.56605,128
2.56638,128
2.56777,128
2.56928,128
2.57139,128
2.57293,128
2.573,128
2.57344,128
2.57363,128
2.57364,128
2.57462,128
2.57536,128
2.5756,128
2.57791,128
2.57956,128
2.57965,128
2.5803,128
2.58124,128
2.58238,128
2.58261,128
2.5827,128
2.58353,128
2.58379,128
2.5838,128
2.58383,128
2.58421,128
2.5846,128
2.58556,128
2.58817,128
2.58943,128
2.58951,128
2.59313,128
2.59375,128
2.59385,128
2.59507,128
2.59558,128
2.59818,128
2.5992,128
2.60138,128
2.6023,128
2.60283,128
2.60344,128
2.60347,128
2.60604,128
2.6067,128
2.60781,128
2.60866,128
2.61051,128
2.6107,128
2.6154,128
2.61631,128
2.61694,128
2.61773,128
2.61773,128
2.61895,128
2.61915,128
2.61968,128
2.62047,128
2.62093,128
2.62138,128
2.62157,128
2.62233,128
2.62593,128
2.62597,128
2.62644,128
2.62806,128
2.62916,128
2.63003,128
2.6309,128
2.63237,128
2.63408,128
2.63416,128
2.63469,128
2.63488,128
2.63535,128
2.63676,128
2.63815,128
2.63852,128
2.63917,128
2.64012,128
2.64049,128
2.64105,128
2.64212,128
2.64278,128
2.6437,128
2.64448,128
2.64515,128
2.64647,128
2.64697,128
2.6474,128
2.64792,128
2.65056,128
2.65067,128
2.65152,128
2.65164,128
2.65227,128
2.65259,128
2.65296,128
2.65462,128
2.65468,128
2.65806,128
2.66055,128
2.6614,128
2.66231,128
2.66492,128
2.66616,128
2.66616,128
2.6666,128
2.66883,128
2.66933,128
2.66972,128
2.66991,128
2.66998,128
2.67108,128
2.6711,128
2.67149,128
2.67241,128
2.6731,128
2.67366,128
2.67384,128
2.67656,128
2.67665,128
2.67895,128
2.67935,128
2.68062,128
2.68206,128
2.68221,128
2.68369,128
2.68507,128
2.68676,128
2.68847,128
2.68892,128
2.68973,128
2.69,128
2.69198,128
2.69253,128
2.69256,128
2.69306,128
2.69314,128
2.6943,128
2.6955,128
2.69723,128
2.69728,128
2.69769,128
2.69927,128
2.70001,128
2.70012,128
2.70045,128
2.70221,128
2.70231,128
2.70241,128
2.70467,128
2.70505,128
2.70506,128
2.70583,128
2.70618,128
2.70653,128
2.70727,128
2.70898,128
2.71028,128
2.71075,128
2.71107,128
2.71186,128
2.71327,128
2.71328,128
2.7139,128
2.71393,128
2.71424,128
2.71488,128
2.71508,128
2.7153,128
2.71562,128
2.71599,128
2.71794,128
2.71928,128
2.71955,128
2.71994,128
2.72314,128
2.72374,128
2.72377,128
2.72437,128
2.72517,128
2.72655,128
2.73055,128
2.73126,128
2.73152,128
2.73248,128
2.73284,128
2.7347,128
2.73564,128
2.73586,128
2.73704,128
2.73779,128
2.73809,128
2.74044,128
2.741,128
2.7419,128
2.74247,128
2.74394,128
2.74716,128
2.74897,128
2.74923,128
2.74931,128
2.75209,128
2.75325,128
2.75335,128
2.75372,128
2.75389,128
2.75402,128
2.75449,128
2.75785,128
2.75845,128
2.75886,128
2.76045,128
2.76067,128
2.76129,128
2.76234,128
2.76357,128
2.76406,128
2.76624,128
2.76643,128
2.76704,128
2.77049,128
2.77111,128
2.77124,128
2.77297,128
2.77422,128
2.77463,128
2.77515,128
2.77717,128
2.77749,128
2.77995,128
2.7809,128
2.78096,128
2.7815,128
2.78326,128
2.78355,128
2.78399,128
2.7849,128
2.78505,128
2.78582,128
2.78675,128
2.78839,128
2.78937,128
2.79132,128
2.79164,128
2.79224,128
2.79261,128
2.79456,128
2.79469,128
2.79562,128
2.79564,128
2.7959,128
2.79612,128
2.79619,128
2.79891,128
2.79925,128
2.79982,128
2.7999,128
2.80098,128
2.804,128
2.80516,128
2.80524,128
2.80635,128
2.80702,128
2.80918,128
2.80923,128
2.80994,128
2.81073,128
2.81081,128
2.81127,128
2.81244,128
2.81441,128
2.81486,128
2.81492,128
2.81559,128
2.81704,128
2.81939,128
2.82039,128
2.8209,128
2.82115,128
2.82145,128
2.82303,128
2.82602,128
2.82713,128
2.82732,128
2.82878,128
2.8291,128
2.82974,128
2.83047,128
2.83307,128
2.83478,128
2.83533,128
2.83615,128
2.83741,128
2.83792,128
2.83831,128
2.83982,128
2.84165,128
2.8422,128
2.84312,128
2.84341,128
2.84425,128
2.8445,128
2.8474,128
2.84836,128
2.8487,128
2.84986,128
2.85261,128
2.855,128
2.85583,128
2.85631,128
2.85736,128
2.85766,128
2.85871,128
2.86468,128
2.8648,128
2.86638,128
2.86755,128
2.86764,128
2.86769,128
2.8693,128
2.87166,128
2.87224,128
2.8723,128
2.87267,128
2.87319,128
2.87466,128
2.87509,128
2.87524,128
2.87537,128
2.8769,128
2.87691,128
2.87699,128
2.87795,128
2.87834,128
2.87846,128
2.87848,128
2.87889,128
2.87973,128
2.88058,128
2.8809,128
2.88174,128
2.88277,128
2.88345,128
2.88365,128
2.88374,128
2.88564,128
2.88821,128
2.88874,128
2.88879,128
2.88976,128
2.88979,128
2.89008,128
2.89087,128
2.89238,128
2.89315,128
2.89506,128
2.89607,128
2.89764,128
2.89776,128
2.89822,128
2.89846,128
2.90258,128
2.9055,128
2.90584,128
2.90679,128
2.90681,128
2.9069,128
2.9074,128
2.90813,128
2.90909,128
2.90981,128
2.91061,128
2.91118,128
2.91211,128
2.91413,128
2.91418,128
2.91441,128
2.92039,128
2.92078,128
2.92079,128
2.92247,128
2.92285,128
2.92309,128
2.92316,128
2.92693,128
2.9279,128
2.92916,128
2.93003,128
2.93073,128
2.932,128
2.9324,128
2.93244,128
2.93339,128
2.93415,128
2.93443,128
2.93507,128
2.93753,128
2.93831,128
2.94066,128
2.94089,128
2.94183,128
2.9423,128
2.94367,128
2.94428,128
2.94455,128
2.94515,128
2.94524,128
2.94601,128
2.9468,128
2.9474,128
2.9493,128
2.94931,128
2.95034,128
2.95096,128
2.95129,128
2.95185,128
2.95199,128
2.95322,128
2.95341,128
2.95367,128
2.95383,128
2.95412,128
2.95502,128
2.95633,128
2.95711,128
2.9585,128
2.95928,128
2.95951,128
2.96168,128
2.96273,128
2.96336,128
2.96484,128
2.96488,128
2.96511,128
2.96523,128
2.96534,128
2.96565,128
2.96639,128
2.9679,128
2.96917,128
2.96937,128
2.97001,128
2.97084,128
2.97173,128
2.97549,128
2.97572,128
2.97576,128
2.97596,128
2.97604,128
2.97687,128
2.97865,128
2.97898,128
2.98158,128
2.98203,128
2.98205,128
2.98338,128
2.9839,128
2.98415,128
2.98631,128
2.98645,128
2.98705,128
2.98819,128
2.98976,128
2.99038,128
2.99059,128
2.99159,128
2.99222,128
2.99415,128
2.99518,128
2.99639,128
2.99661,128
2.99746,128
2.99788,128
2.99804,128
2.99957,128
3.0003,128
3.00045,128
3.00068,128
3.00174,128
3.00248,128
3.00357,128
3.00463,128
3.00496,128
3.0052,128
3.00589,128
3.00664,128
3.0074,128
3.00798,128
3.00941,128
3.01033,128
3.01181,128
3.01271,128
3.01313,128
3.01329,128
3.01461,128
3.01606,128
3.01613,128
3.0165,128
3.01659,128
3.01725,128
3.01728,128
3.01752,128
3.01908,128
3.02206,128
3.02369,128
3.02393,128
3.0276,128
3.02793,128
3.02968,128
3.03103,128
3.035,128
3.03512,128
3.03537,128
3.03643,128
3.03681,128
3.03788,128
3.03862,128
3.03881,128
3.04037,128
3.04346,128
3.04427,128
3.04686,128
3.04702,128
3.04923,128
3.05322,128
3.05466,128
3.05529,128
3.05665,128
3.05672,128
3.05766,128
3.05939,128
3.0602,128
3.06051,128
3.06141,128
3.06208,128
3.06267,128
3.06368,128
3.06588,128
3.06846,128
3.06964,128
3.07027,128
3.07068,128
3.07116,128
3.0731,128
3.07523,128
3.07759,128
3.07796,128
3.07861,128
3.07972,128
3.08018,128
3.08145,128
3.08529,128
3.08529,128
3.08652,128
3.08698,128
3.08904,128
3.09022,128
3.09023,128
3.09242,128
3.09272,128
3.09433,128
3.09467,128
3.09488,128
3.09532,128
3.09731,128
3.09829,128
3.09984,128
3.10043,128
3.10414,128
3.10598,128
3.10757,128
3.10885,128
3.11108,128
3.11215,128
3.11255,128
3.11281,128
3.11304,128
3.11482,128
3.11604,128
3.11687,128
3.11702,128
3.11821,128
3.11912,128
3.11928,128
3.11933,128
3.11984,128
3.12008,128
3.12173,128
3.1235,128
3.12435,128
3.12574,128
3.12792,128
3.12868,128
3.12887,128
3.13102,128
3.13216,128
3.13286,128
3.13288,128
3.13315,128
3.13317,128
3.13365,128
3.13467,128
3.13619,128
3.13638,128
3.13641,128
3.13683,128
3.13697,128
3.13698,128
3.14039,128
3.14041,128
3.14159,128
3.14172,128
3.14409,128
3.14555,128
3.14616,128
3.14766,128
3.15399,128
3.15429,128
3.15537,128
3.1601,128
3.16014,128
3.16101,128
3.16183,128
3.16245,128
3.16303,128
3.1639,128
3.16493,128
3.16627,128
3.16646,128
3.16694,128
3.17141,128
3.17244,128
3.17294,128
3.17426,128
3.1751,128
3.17533,128
3.17577,128
3.17619,128
3.17621,128
3.17651,128
3.1767,128
3.1817,128
3.18213,128
3.1823,128
3.18242,128
3.18449,128
3.18741,128
3.1892,128
3.19074,128
3.19091,128
3.19212,128
3.19345,128
3.19364,128
3.19571,128
3.19704,128
3.19802,128
3.1982,128
3.19882,128
3.19915,128
3.19957,128
3.20111,128
3.20335,128
3.20424,128
3.20636,128
3.20658,128
3.20884,128
3.20957,128
3.20966,128
3.21194,128
3.21207,128
3.21678,128
3.21761,128
3.21826,128
3.21838,128
3.21955,128
3.2196,128
3.21986,128
3.22132,128
3.22295,128
3.22404,128
3.22464,128
3.22826,128
3.22838,128
3.22966,128
3.23001,128
3.23141,128
3.23226,128
3.23291,128
3.23444,128
3.23448,128
3.23646,128
3.2383,128
3.23837,128
3.23974,128
3.2402,128
3.24089,128
3.24403,128
3.24692,128
3.24692,128
3.24706,128
3.24788,128
3.25155,128
3.25181,128
3.25194,128
3.25207,128
3.25332,128
3.25395,128
3.25616,128
3.25738,128
3.25759,128
3.25766,128
3.25933,128
3.25963,128
3.26053,128
3.2622,128
3.26508,128
3.26662,128
3.26897,128
3.26979,128
3.27165,128
3.27255,128
3.2733,128
3.27539,128
3.27666,128
3.2788,128
3.27889,128
3.27969,128
3.28143,128
3.28185,128
3.28217,128
3.28322,128
3.28483,128
3.28663,128
3.28675,128
3.28691,128
3.28796,128
3.29058,128
3.29096,128
3.29356,128
3.29607,128
3.29864,128
3.29874,128
3.30013,128
3.30023,128
3.30196,128
3.30266,128
3.30314,128
3.30464,128
3.30683,128
3.30684,128
3.30843,128
3.30915,128
3.31136,128
3.31208,128
3.31238,128
3.31272,128
3.31387,128
3.31414,128
3.31418,128
3.31554,128
3.31564,128
3.31589,128
3.31759,128
3.31871,128
3.31911,128
3.31991,128
3.32143,128
3.32157,128
3.32166,128
3.32261,128
3.32284,128
3.32369,128
3.32664,128
3.32713,128
3.3272,128
3.33271,128
3.33321,128
3.33339,128
3.3343,128
3.33487,128
3.33607,128
3.33625,128
3.3367,128
3.33696,128
3.33764,128
3.33771,128
3.33825,128
3.3411,128
3.34129,128
3.34171,128
3.34458,128
3.34653,128
3.3476,128
3.35061,128
3.35084,128
3.35112,128
3.35136,128
3.35161,128
3.35167,128
3.35208,128
3.35471,128
3.35505,128
3.35533,128
3.35861,128
3.35906,128
3.36013,128
3.36149,128
3.36216,128
3.36284,128
3.36386,128
3.36506,128
3.36564,128
3.36719,128
3.36793,128
3.36905,128
3.36919,128
3.37012,128
3.37051,128
3.37068,128
3.37082,128
3.37664,128
3.37805,128
3.37898,128
3.37956,128
3.37963,128
3.3806,128
3.38125,128
3.38262,128
3.38288,128
3.38384,128
3.38545,128
3.3862,128
3.38623,128
3.38642,128
3.3904,128
3.39144,128
3.39223,128
3.39383,128
3.39553,128
3.39621,128
3.39741,128
3.39785,128
3.39979,128
3.40218,128
3.40419,128
3.40552,128
3.40691,128
3.4075,128
3.40847,128
3.40874,128
3.40884,128
3.40893,128
3.40909,128
3.40965,128
3.4102,128
3.41039,128
3.41158,128
3.41492,128
3.41535,128
3.41604,128
3.41734,128
3.41885,128
3.42032,128
3.42179,128
3.42277,128
3.42322,128
3.42395,128
3.42426,128
3.42491,128
3.42522,128
3.42857,128
3.43153,128
3.43153,128
3.43186,128
3.43204,128
3.43335,128
3.43808,128
3.44084,128
3.44116,128
3.44141,128
3.44168,128
3.44229,128
3.44285,128
3.44374,128
3.44375,128
3.44376,128
3.44423,128
3.44461,128
3.44678,128
3.44905,128
3.45363,128
3.45548,128
3.45746,128
3.45804,128
3.45995,128
3.46008,128
3.46114,128
3.46195,128
3.46351,128
3.4639,128
3.46414,128
3.46832,128
3.46927,128
3.46941,128
3.47083,128
3.47126,128
3.47206,128
3.47256,128
3.47354,128
3.47395,128
3.47622,128
3.47696,128
3.47857,128
3.4787,128
3.4788,128
3.47966,128
3.4802,128
3.48252,128
3.48375,128
3.48629,128
3.48846,128
3.48857,128
3.48871,128
3.48986,128
3.49028,128
3.49165,128
3.49374,128
3.49583,128
3.49694,128
3.49707,128
3.49712,128
3.50113,128
3.50126,128
3.50126,128
3.50144,128
3.50171,128
3.50262,128
3.50267,128
3.50621,128
3.50673,128
3.50759,128
3.50791,128
3.50903,128
3.50949,128
3.50976,128
3.51016,128
3.51032,128
3.51153,128
3.51155,128
3.51188,128
3.51198,128
3.51353,128
3.51482,128
3.51648,128
3.5165,128
3.51716,128
3.51754,128
3.51755,128
3.51771,128
3.51925,128
3.5193,128
3.5197,128
3.52406,128
3.52416,128
3.52634,128
3.52678,128
3.5269,128
3.52787,128
3.52884,128
3.5289,128
3.53132,128
3.53145,128
3.53176,128
3.53263,128
3.533,128
3.53359,128
3.53367,128
3.53409,128
3.53652,128
3.53672,128
3.53694,128
3.53862,128
3.53944,128
3.53973,128
3.54071,128
3.54093,128
3.54173,128
3.54241,128
3.54243,128
3.54265,128
3.54391,128
3.54397,128
3.544,128
3.54547,128
3.54662,128
3.54753,128
3.55064,128
3.55144,128
3.5516,128
3.55187,128
3.55226,128
3.55282,128
3.55422,128
3.55428,128
3.55484,128
3.55491,128
3.55529,128
3.55563,128
3.55601,128
3.5562,128
3.56015,128
3.56033,128
3.56077,128
3.56086,128
3.56111,128
3.56243,128
3.5626,128
3.56318,128
3.56346,128
3.56413,128
3.56434,128
3.56481,128
3.56594,128
3.56706,128
3.5675,128
3.56771,128
3.5691,128
3.57048,128
3.57092,128
3.57123,128
3.57214,128
3.57226,128
3.57353,128
3.5743,128
3.57631,128
3.5769,128
3.57778,128
3.57811,128
3.58173,128
3.58206,128
3.58221,128
3.58318,128
3.58454,128
3.58474,128
3.58512,128
3.58594,128
3.58814,128
3.58874,128
3.58956,128
3.59159,128
3.59206,128
3.59293,128
3.5931,128
3.59503,128
3.5981,128
3.59864,128
3.5989,128
3.59895,128
3.59945,128
3.5996,128
3.60349,128
3.60437,128
3.60761,128
3.60775,128
3.60802,128
3.60828,128
3.60846,128
3.60906,128
3.60933,128
3.61114,128
3.61315,128
3.61439,128
3.61629,128
3.61681,128
3.61694,128
3.61897,128
3.62063,128
3.62076,128
3.62198,128
3.62246,128
3.62306,128
3.62365,128
3.62635,128
3.62817,128
3.62827,128
3.62978,128
3.63027,128
3.63036,128
3.63151,128
3.63314,128
3.63448,128
3.6354,128
3.63542,128
3.63627,128
3.63642,128
3.63647,128
3.63702,128
3.63803,128
3.64022,128
3.64023,128
3.6411,128
3.64411,128
3.64463,128
3.64463,128
3.64569,128
3.64637,128
3.64651,128
3.6476,128
3.64936,128
3.65046,128
3.65309,128
3.65564,128
3.65577,128
3.65603,128
3.65746,128
3.65812,128
3.65825,128
3.65864,128
3.66069,128
3.6635,128
3.66358,128
3.66378,128
3.66449,128
3.66463,128
3.6648,128
3.66498,128
3.66505,128
3.66655,128
3.66669,128
3.66703,128
3.66707,128
3.66738,128
3.66859,128
3.66896,128
3.6714,128
3.67173,128
3.67476,128
3.6804,128
3.68118,128
3.68147,128
3.68149,128
3.68597,128
3.6865,128
3.68715,128
3.68955,128
3.69134,128
3.69218,128
3.69437,128
3.6956,128
3.69587,128
3.69633,128
3.69668,128
3.69848,128
3.69912,128
3.70005,128
3.70011,128
3.7006,128
3.70129,128
3.70415,128
3.70432,128
3.70555,128
3.70587,128
3.70591,128
3.70632,128
3.70693,128
3.70925,128
3.70948,128
3.71113,128
3.71202,128
3.71317,128
3.71347,128
3.71378,128
3.71689,128
3.71739,128
3.71941,128
3.71975,128
3.72034,128
3.7209,128
3.72136,128
3.72156,128
3.72391,128
3.72649,128
3.72727,128
3.72742,128
3.72854,128
3.73038,128
3.73216,128
3.73245,128
3.73459,128
3.73556,128
3.73637,128
3.73641,128
3.7384,128
3.73852,128
3.73933,128
3.7398,128
3.74057,128
3.74304,128
3.74415,128
3.74422,128
3.74483,128
3.74602,128
3.74804,128
3.74967,128
3.75198,128
3.75421,128
3.75467,128
3.75502,128
3.75541,128
3.75621,128
3.75687,128
3.75709,128
3.75827,128
3.75889,128
3.76066,128
3.76077,128
3.76361,128
3.76503,128
3.76619,128
3.7671,128
3.76858,128
3.76886,128
3.76942,128
3.77019,128
3.77082,128
3.77146,128
3.77303,128
3.77458,128
3.77561,128
3.77725,128
3.77727,128
3.77774,128
3.7799,128
3.78029,128
3.7808,128
3.7814,128
3.78241,128
3.78279,128
3.78316,128
3.78889,128
3.78901,128
3.78902,128
3.79102,128
3.79236,128
3.79239,128
3.7937,128
3.79518,128
3.79528,128
3.79673,128
3.79715,128
3.7982,128
3.79905,128
3.79996,128
3.80039,128
3.80076,128
3.8011,128
3.80193,128
3.80231,128
3.80655,128
3.80752,128
3.80809,128
3.80879,128
3.8093,128
3.81018,128
3.81029,128
3.81262,128
3.81385,128
3.81455,128
3.81463,128
3.81616,128
3.81713,128
3.8181,128
3.81826,128
3.82188,128
3.8222,128
3.82226,128
3.82273,128
3.82281,128
3.82296,128
3.82418,128
3.82561,128
3.82699,128
3.82979,128
3.83107,128
3.83168,128
3.83195,128
3.83243,128
3.83465,128
3.83644,128
3.84148,128
3.84173,128
3.8418,128
3.84182,128
3.84493,128
3.84721,128
3.84768,128
3.84813,128
3.84977,128
3.85047,128
3.85291,128
3.85555,128
3.8557,128
3.8562,128
3.85735,128
3.85757,128
3.85811,128
3.85833,128
3.85861,128
3.86094,128
3.86125,128
3.86189,128
3.86204,128
3.8624,128
3.86262,128
3.8647,128
3.86628,128
3.86643,128
3.86688,128
3.86743,128
3.86901,128
3.87137,128
3.87139,128
3.87227,128
3.87392,128
3.87692,128
3.87693,128
3.87701,128
3.87788,128
3.87814,128
3.87978,128
3.88232,128
3.8825,128
3.88305,128
3.88339,128
3.88462,128
3.88472,128
3.88531,128
3.88576,128
3.88622,128
3.88722,128
3.88799,128
3.88815,128
3.88911,128
3.88945,128
3.88948,128
3.89065,128
3.89123,128
3.89233,128
3.89242,128
3.89243,128
3.89516,128
3.89805,128
3.89865,128
3.89996,128
3.90102,128
3.90166,128
3.90373,128
3.90508,128
3.90605,128
3.90808,128
3.90927,128
3.90986,128
3.91049,128
3.9105,128
3.91055,128
3.91108,128
3.91109,128
3.91175,128
3.91212,128
3.91311,128
3.91376,128
3.91441,128
3.91503,128
3.91715,128
3.91735,128
3.91778,128
3.91788,128
3.91907,128
3.91913,128
3.92086,128
3.92096,128
3.92102,128
3.92181,128
3.9237,128
3.92724,128
3.92788,128
3.92881,128
3.92981,128
3.93034,128
3.93044,128
3.93047,128
3.93142,128
3.93232,128
3.93257,128
3.93321,128
3.93327,128
3.93636,128
3.93643,128
3.93861,128
3.94058,128
3.94059,128
3.94181,128
3.94467,128
3.94663,128
3.94801,128
3.9485,128
3.94862,128
3.94938,128
3.9496,128
3.95461,128
3.95546,128
3.95554,128
3.95611,128
3.95773,128
3.95863,128
3.95903,128
3.95916,128
3.95967,128
3.96141,128
3.96157,128
3.96181,128
3.96189,128
3.9621,128
3.96236,128
3.96271,128
3.96422,128
3.96481,128
3.96591,128
3.96635,128
3.96687,128
3.9681,128
3.96902,128
3.97056,128
3.97118,128
3.97126,128
3.97134,128
3.97144,128
3.97238,128
3.97623,128
3.97623,128
3.97659,128
3.97792,128
3.98013,128
3.98182,128
3.98362,128
3.98369,128
3.98465,128
3.98568,128
3.98728,128
3.98749,128
3.98914,128
3.98928,128
3.99005,128
3.99094,128
3.99172,128
3.99188,128
3.99225,128
3.99291,128
3.99386,128
3.99452,128
3.99557,128
3.99635,128
3.99695,128
3.99771,128
3.99835,128
3.99861,128
4.00035,128
4.00162,128
4.00191,128
4.0031,128
4.00399,128
4.00405,128
4.00441,128
4.00599,128
4.00641,128
4.00671,128
4.0075,128
4.00786,128
4.00982,128
4.00997,128
4.01096,128
4.01144,128
4.01187,128
4.01205,128
4.01216,128
4.01258,128
4.01287,128
4.01335,128
4.01351,128
4.0136,128
4.01384,128
4.0139,128
4.01705,128
4.0173,128
4.01775,128
4.0179,128
4.01851,128
4.01864,128
4.02047,128
4.02142,128
4.02152,128
4.02347,128
4.02408,128
4.02463,128
4.02672,128
4.02715,128
4.02826,128
4.02864,128
4.03146,128
4.03265,128
4.034,128
4.03464,128
4.03606,128
4.03749,128
4.0378,128
4.04692,128
4.0478,128
4.04821,128
4.05182,128
4.0538,128
4.05428,128
4.05653,128
4.05699,128
4.05759,128
4.05843,128
4.05875,128
4.06052,128
4.0625,128
4.0629,128
4.06446,128
4.06533,128
4.06558,128
4.06716,128
4.06725,128
4.0675,128
4.06798,128
4.06871,128
4.06999,128
4.07027,128
4.07049,128
4.07298,128
4.07317,128
4.07424,128
4.07481,128
4.07543,128
4.07667,128
4.07711,128
4.07925,128
4.08673,128
4.08787,128
4.088,128
4.08845,128
4.08994,128
4.08998,128
4.09012,128
4.09119,128
4.09253,128
4.09291,128
4.09341,128
4.09346,128
4.09372,128
4.09445,128
4.0945,128
4.09458,128
4.0965,128
4.09726,128
4.09838,128
4.09859,128
4.09965,128
4.10036,128
4.10052,128
4.10292,128
4.10488,128
4.10686,128
4.11043,128
4.11199,128
4.11219,128
4.11441,128
4.11484,128
4.11587,128
4.11628,128
4.11712,128
4.1172,128
4.11729,128
4.11757,128
4.11835,128
4.11837,128
4.11915,128
4.12157,128
4.12629,128
4.12667,128
4.12709,128
4.12888,128
4.12946,128
4.12982,128
4.13016,128
4.13033,128
4.13034,128
4.13101,128
4.13389,128
4.13408,128
4.13439,128
4.13447,128
4.13451,128
4.13567,128
4.13654,128
4.13659,128
4.13774,128
4.13834,128
4.14015,128
4.14049,128
4.14194,128
4.14395,128
4.14442,128
4.14728,128
4.14733,128
4.14753,128
4.14779,128
4.14797,128
4.14826,128
4.15174,128
4.15178,128
4.15189,128
4.1571,128
4.1574,128
4.15907,128
4.15947,128
4.15956,128
4.15972,128
4.15998,128
4.16056,128
4.16306,128
4.16458,128
4.16467,128
4.16761,128
4.16953,128
4.16955,128
4.17049,128
4.17089,128
4.17097,128
4.17132,128
4.17193,128
4.17261,128
4.17266,128
4.17559,128
4.17658,128
4.17668,128
4.17932,128
4.18057,128
4.18197,128
4.18224,128
4.18322,128
4.18341,128
4.18445,128
4.18515,128
4.18661,128
4.1877,128
4.18982,128
4.19122,128
4.19175,128
4.19382,128
4.19513,128
4.19536,128
4.19585,128
4.19621,128
4.19824,128
4.20035,128
4.2007,128
4.20122,128
4.20345,128
4.20367,128
4.20716,128
4.20723,128
4.20736,128
4.20776,128
4.20882,128
4.20907,128
4.20912,128
4.21081,128
4.21195,128
4.21219,128
4.21399,128
4.21437,128
4.21765,128
4.21928,128
4.21941,128
4.22124,128
4.22187,128
4.22266,128
4.22274,128
4.22354,128
4.22354,128
4.22921,128
4.22977,128
4.23037,128
4.23378,128
4.23563,128
4.23768,128
4.23797,128
4.23866,128
4.23954,128
4.24243,128
4.24254,128
4.24329,128
4.2434,128
4.24535,128
4.24753,128
4.24798,128
4.24815,128
4.24817,128
4.25003,128
4.25047,128
4.25053,128
4.2513,128
4.25137,128
4.25539,128
4.25545,128
4.2559,128
4.25649,128
4.25701,128
4.25923,128
4.25969,128
4.26022,128
4.26415,128
4.26448,128
4.26484,128
4.26596,128
4.26604,128
4.26681,128
4.26722,128
4.26732,128
4.26926,128
4.26946,128
4.26965,128
4.27155,128
4.27236,128
4.27291,128
4.27411,128
4.27476,128
4.27772,128
4.27857,128
4.27928,128
4.27935,128
4.27978,128
4.28006,128
4.28076,128
4.28076,128
4.28266,128
4.28383,128
4.28482,128
4.28774,128
4.2878,128
4.28942,128
4.28957,128
4.28974,128
4.29057,128
4.29135,128
4.2914,128
4.29169,128
4.29503,128
4.29697,128
4.29864,128
4.30024,128
4.30065,128
4.30162,128
4.30222,128
4.30232,128
4.30343,128
4.30358,128
4.30452,128
4.30559,128
4.30743,128
4.30856,128
4.30884,128
4.31047,128
4.31116,128
4.31197,128
4.31203,128
4.31209,128
4.31309,128
4.31432,128
4.31466,128
4.31556,128
4.31679,128
4.31871,128
4.31902,128
4.31909,128
4.32184,128
4.32207,128
4.32405,128
4.32506,128
4.32557,128
4.32704,128
4.32756,128
4.32767,128
4.32962,128
4.33058,128
4.33061,128
4.3318,128
4.33375,128
4.33392,128
4.33414,128
4.33429,128
4.33681,128
4.33748,128
4.33824,128
4.33959,128
4.34107,128
4.34524,128
4.34717,128
4.34757,128
4.34761,128
4.34777,128
4.34892,128
4.34957,128
4.35008,128
4.35017,128
4.35314,128
4.3534,128
4.35355,128
4.35721,128
4.35793,128
4.35812,128
4.35836,128
4.36026,128
4.36055,128
4.36078,128
4.36101,128
4.3612,128
4.36191,128
4.36256,128
4.36299,128
4.36301,128
4.36335,128
4.36416,128
4.36517,128
4.36518,128
4.36562,128
4.36576,128
4.36605,128
4.36641,128
4.3666,128
4.36676,128
4.36743,128
4.36811,128
4.37025,128
4.37078,128
4.37106,128
4.37251,128
4.37331,128
4.37354,128
4.37417,128
4.37474,128
4.37592,128
4.37613,128
4.37744,128
4.37812,128
4.38178,128
4.38182,128
4.3829,128
4.38308,128
4.38396,128
4.38438,128
4.38446,128
4.38473,128
4.38559,128
4.3859,128
4.38678,128
4.38728,128
4.38817,128
4.38931,128
4.3895,128
4.39019,128
4.39175,128
4.39254,128
4.39259,128
4.39446,128
4.39496,128
4.39551,128
4.39597,128
4.39791,128
4.39892,128
4.40052,128
4.40072,128
4.40155,128
4.40167,128
4.4039,128
4.40411,128
4.40416,128
4.40641,128
4.40738,128
4.40773,128
4.40819,128
4.41156,128
4.41199,128
4.4122,128
4.41332,128
4.41366,128
4.41378,128
4.41469,128
4.41553,128
4.41696,128
4.41754,128
4.41824,128
4.41839,128
4.41858,128
4.4191,128
4.42229,128
4.42384,128
4.42458,128
4.42465,128
4.42477,128
4.42509,128
4.426,128
4.42663,128
4.42698,128
4.42704,128
4.42705,128
4.42715,128
4.42734,128
4.42753,128
4.42779,128
4.42818,128
4.42913,128
4.42978,128
4.43072,128
4.43122,128
4.43134,128
4.43339,128
4.43343,128
4.4335,128
4.43599,128
4.43617,128
4.43715,128
4.43819,128
4.44007,128
4.44022,128
4.44255,128
4.44271,128
4.44365,128
4.44398,128
4.44482,128
4.4453,128
4.44745,128
4.44856,128
4.44887,128
4.449,128
4.44916,128
4.45023,128
4.45243,128
4.45449,128
4.45544,128
4.45549,128
4.45602,128
4.45615,128
4.45658,128
4.45677,128
4.45803,128
4.45834,128
4.45834,128
4.45929,128
4.46135,128
4.46143,128
4.46202,128
4.46259,128
4.46282,128
4.46376,128
4.46395,128
4.46671,128
4.46795,128
4.46842,128
4.4688,128
4.46893,128
4.4697,128
4.46978,128
4.46979,128
4.47008,128
4.47088,128
4.47206,128
4.47269,128
4.47273,128
4.47533,128
4.47609,128
4.47674,128
4.47758,128
4.47766,128
4.47811,128
4.47861,128
4.47882,128
4.47907,128
4.48207,128
4.48305,128
4.4842,128
4.48485,128
4.48545,128
4.48551,128
4.48595,128
4.48602,128
4.48704,128
4.48788,128
4.48804,128
4.49003,128
4.49305,128
4.49377,128
4.49427,128
4.49457,128
4.49654,128
4.49784,128
4.49911,128
4.49933,128
4.49986,128
4.50174,128
4.50239,128
4.50485,128
4.50505,128
4.50572,128
4.50689,128
4.50739,128
4.50893,128
4.50942,128
4.50942,128
4.50996,128
4.51075,128
4.51216,128
4.5131,128
4.5137,128
4.51376,128
4.51471,128
4.51542,128
4.51551,128
4.51666,128
4.5184,128
4.5192,128
4.51923,128
4.52357,128
4.5241,128
4.52425,128
4.5247,128
4.52525,128
4.52577,128
4.5276,128
4.52822,128
4.52843,128
4.52844,128
4.52856,128
4.52918,128
4.5306,128
4.53101,128
4.53477,128
4.53627,128
4.53651,128
4.53696,128
4.53753,128
4.53778,128
4.54036,128
4.54038,128
4.54289,128
4.54434,128
4.54475,128
4.54504,128
4.54539,128
4.54563,128
4.546,128
4.54659,128
4.54678,128
4.54758,128
4.5484,128
4.54868,128
4.54975,128
4.5506,128
4.55128,128
4.5514,128
4.55237,128
4.55351,128
4.55357,128
4.5558,128
4.55905,128
4.56009,128
4.56025,128
4.5611,128
4.5612,128
4.5622,128
4.56239,128
4.56253,128
4.56327,128
4.56332,128
4.56407,128
4.56425,128
4.56476,128
4.56523,128
4.56586,128
4.56722,128
4.5674,128
4.56795,128
4.56825,128
4.5698,128
4.56984,128
4.57062,128
4.57219,128
4.57304,128
4.57311,128
4.57317,128
4.57372,128
4.57418,128
4.57432,128
4.57439,128
4.57457,128
4.57593,128
4.57682,128
4.5807,128
4.58124,128
4.58177,128
4.58256,128
4.58329,128
4.58458,128
4.58514,128
4.58859,128
4.58905,128
4.5893,128
4.58959,128
4.58965,128
4.59018,128
4.59041,128
4.59059,128
4.59341,128
4.59393,128
4.59592,128
4.596,128
4.59736,128
4.59771,128
4.60191,128
4.60216,128
4.60298,128
4.6032,128
4.604,128
4.60429,128
4.60621,128
4.60873,128
4.6095,128
4.60976,128
4.61194,128
4.61303,128
4.61339,128
4.61392,128
4.6141,128
4.61449,128
4.61665,128
4.61856,128
4.61953,128
4.62092,128
4.62203,128
4.62284,128
4.62394,128
4.62606,128
4.62681,128
4.62686,128
4.62852,128
4.62922,128
4.62988,128
4.63026,128
4.63031,128
4.6318,128
4.63204,128
4.63488,128
4.63494,128
4.63496,128
4.63556,128
4.63623,128
4.63687,128
4.63756,128
4.63766,128
4.63838,128
4.63858,128
4.63911,128
4.63915,128
4.63942,128
4.64203,128
4.64221,128
4.64314,128
4.64367,128
4.6456,128
4.64635,128
4.64765,128
4.64911,128
4.64939,128
4.64947,128
4.64981,128
4.6499,128
4.65029,128
4.65108,128
4.6511,128
4.65412,128
4.65479,128
4.65482,128
4.65621,128
4.65637,128
4.65686,128
4.65731,128
4.6609,128
4.66152,128
4.66324,128
4.66583,128
4.66953,128
4.67012,128
4.67032,128
4.67037,128
4.67293,128
4.67487,128
4.67503,128
4.67627,128
4.67631,128
4.67782,128
4.67956,128
4.67957,128
4.68198,128
4.68202,128
4.68379,128
4.68546,128
4.686,128
4.68741,128
4.6879,128
4.68906,128
4.6908,128
4.6908,128
4.69119,128
4.69178,128
4.69273,128
4.69339,128
4.69393,128
4.69438,128
4.69546,128
4.69555,128
4.69663,128
4.6971,128
4.69817,128
4.69997,128
4.70078,128
4.7034,128
4.70404,128
4.7042,128
4.70532,128
4.7055,128
4.70664,128
4.70679,128
4.7075,128
4.70846,128
4.70961,128
4.71048,128
4.71051,128
4.71068,128
4.71103,128
4.71115,128
4.71226,128
4.71582,128
4.7186,128
4.72102,128
4.72126,128
4.72286,128
4.72557,128
4.7272,128
4.72956,128
4.72957,128
4.73023,128
4.73166,128
4.73315,128
4.73568,128
4.7358,128
4.73625,128
4.73664,128
4.73685,128
4.73789,128
4.73892,128
4.74237,128
4.74266,128
4.74307,128
4.74317,128
4.74333,128
4.74376,128
4.74399,128
4.74459,128
4.7455,128
4.74562,128
4.74727,128
4.74914,128
4.75047,128
4.75551,128
4.75662,128
4.75688,128
4.7578,128
4.76016,128
4.76024,128
4.76136,128
4.76176,128
4.76223,128
4.76241,128
4.76252,128
4.76285,128
4.76416,128
4.76467,128
4.76486,128
4.76566,128
4.7657,128
4.76731,128
4.76741,128
4.76925,128
4.76979,128
4.77237,128
4.7736,128
4.77405,128
4.77541,128
4.7756,128
4.77675,128
4.7773,128
4.77755,128
4.7778,128
4.7782,128
4.77925,128
4.7797,128
4.77978,128
4.78068,128
4.7809,128
4.78123,128
4.7814,128
4.78279,128
4.7865,128
4.78684,128
4.78691,128
4.78835,128
4.78885,128
4.79016,128
4.79055,128
4.79067,128
4.79071,128
4.79088,128
4.79112,128
4.79179,128
4.79201,128
4.79352,128
4.79542,128
4.79608,128
4.7962,128
4.79652,128
4.79729,128
4.79744,128
4.7989,128
4.79932,128
4.80007,128
4.80027,128
4.80089,128
4.80165,128
4.80317,128
4.80392,128
4.80394,128
4.80437,128
4.80441,128
4.80786,128
4.80856,128
4.80924,128
4.80951,128
4.81119,128
4.81212,128
4.81291,128
4.81317,128
4.81459,128
4.8156,128
4.81723,128
4.81976,128
4.82146,128
4.8219,128
4.82203,128
4.82234,128
4.82475,128
4.82546,128
4.82568,128
4.82636,128
4.82717,128
4.82742,128
4.82947,128
4.83033,128
4.83075,128
4.83139,128
4.83283,128
4.83477,128
4.8362,128
4.83661,128
4.83749,128
4.83789,128
4.84129,128
4.84248,128
4.84329,128
4.84557,128
4.84665,128
4.84731,128
4.84738,128
4.8474,128
4.84746,128
4.84834,128
4.84866,128
4.84895,128
4.84996,128
4.84998,128
4.8503,128
4.85035,128
4.85309,128
4.85315,128
4.85479,128
4.85498,128
4.85534,128
4.85585,128
4.8562,128
4.8562,128
4.85636,128
4.85756,128
4.85792,128
4.85843,128
4.8599,128
4.86041,128
4.86043,128
4.86075,128
4.86139,128
4.86211,128
4.86238,128
4.86244,128
4.86307,128
4.86369,128
4.86418,128
4.86449,128
4.86454,128
4.86574,128
4.86594,128
4.86636,128
4.86828,128
4.87037,128
4.87165,128
4.87182,128
4.87211,128
4.87277,128
4.87315,128
4.87438,128
4.87487,128
4.87519,128
4.87521,128
4.87659,128
4.87693,128
4.88491,128
4.88649,128
4.88776,128
4.88822,128
4.88878,128
4.889,128
4.88931,128
4.88999,128
4.89059,128
4.89153,128
4.89415,128
4.89901,128
4.89911,128
4.90058,128
4.90116,128
4.90117,128
4.90131,128
4.9015,128
4.9031,128
4.90378,128
4.90436,128
4.90447,128
4.90508,128
4.90555,128
4.90569,128
4.90954,128
4.9097,128
4.91002,128
4.91235,128
4.91242,128
4.91289,128
4.91392,128
4.91406,128
4.91569,128
4.91811,128
4.91851,128
4.91855,128
4.91908,128
4.91927,128
4.91967,128
4.91987,128
4.92151,128
4.92426,128
4.92482,128
4.92483,128
4.9283,128
4.92854,128
4.92904,128
4.92945,128
4.92987,128
4.93009,128
4.93061,128
4.93104,128
4.93256,128
4.93564,128
4.93622,128
4.93637,128
4.93723,128
4.93809,128
4.93832,128
4.93868,128
4.9387,128
4.93872,128
4.93879,128
4.93951,128
4.93978,128
4.94025,128
4.94078,128
4.94267,128
4.94386,128
4.94461,128
4.94487,128
4.94563,128
4.94642,128
4.94785,128
4.94924,128
4.9493,128
4.9495,128
4.95427,128
4.95433,128
4.95443,128
4.95466,128
4.95472,128
4.95637,128
4.95838,128
4.9597,128
4.96029,128
4.96093,128
4.96357,128
4.96472,128
4.96514,128
4.96596,128
4.96645,128
4.96878,128
4.96909,128
4.96946,128
4.97015,128
4.97046,128
4.97198,128
4.97199,128
4.97209,128
4.97391,128
4.97546,128
4.97568,128
4.97595,128
4.97703,128
4.97746,128
4.97756,128
4.97884,128
4.97963,128
4.98077,128
4.98144,128
4.98277,128
4.98305,128
4.98398,128
4.98432,128
4.98558,128
4.98571,128
4.98596,128
4.98735,128
4.98834,128
4.99066,128
4.99101,128
4.99114,128
4.99396,128
4.99434,128
4.99543,128
4.99717,128
4.99749,128
4.99851,128
4.99855,128
4.9995,128
5.00056,128
5.00235,128
5.00351,128
5.00352,128
5.00395,128
5.00495,128
5.0059,128
5.00655,128
5.00806,128
5.00884,128
5.00901,128
5.00907,128
5.00984,128
5.00994,128
5.01024,128
5.01056,128
5.01152,128
5.013,128
5.01405,128
5.01429,128
5.01518,128
5.01581,128
5.0159,128
5.01639,128
5.01831,128
5.01862,128
5.02038,128
5.02084,128
5.02282,128
5.02506,128
5.02626,128
5.02747,128
5.02868,128
5.02872,128
5.02925,128
5.02979,128
5.03064,128
5.03068,128
5.03195,128
5.03246,128
5.033,128
5.03308,128
5.03448,128
5.03505,128
5.03509,128
5.03588,128
5.03829,128
5.03869,128
5.03905,128
5.03999,128
5.04001,128
5.04009,128
5.04077,128
5.04155,128
5.04221,128
5.04332,128
5.04431,128
5.04494,128
5.04503,128
5.04604,128
5.0463,128
5.04709,128
5.04876,128
5.05021,128
5.05132,128
5.05214,128
5.05387,128
5.05583,128
5.05833,128
5.05843,128
5.06073,128
5.06145,128
5.06316,128
5.0686,128
5.07095,128
5.07129,128
5.07153,128
5.07333,128
5.07366,128
5.07476,128
5.07485,128
5.07545,128
5.07581,128
5.0759,128
5.07592,128
5.07807,128
5.07828,128
5.07843,128
5.07928,128
5.07966,128
5.08023,128
5.08024,128
5.0807,128
5.08082,128
5.08095,128
5.08102,128
5.08562,128
5.09101,128
5.09187,128
5.09199,128
5.09217,128
5.09288,128
5.09475,128
5.09482,128
5.09514,128
5.09593,128
5.09887,128
5.0992,128
5.10002,128
5.10022,128
5.10048,128
5.10227,128
5.10255,128
5.10328,128
5.10528,128
5.1054,128
5.10559,128
5.10613,128
5.10636,128
5.10706,128
5.1083,128
5.10896,128
5.10965,128
5.11036,128
5.11047,128
5.11336,128
5.11354,128
5.11462,128
5.11532,128
5.11639,128
5.11669,128
5.11919,128
5.1221,128
5.12656,128
5.12707,128
5.12713,128
5.12884,128
5.1297,128
5.13031,128
5.13086,128
5.13196,128
5.13281,128
5.13336,128
5.13349,128
5.13603,128
5.13611,128
5.13624,128
5.13646,128
5.13666,128
5.13792,128
5.13869,128
5.14153,128
5.14444,128
5.14588,128
5.146,128
5.14671,128
5.14875,128
5.14879,128
5.14888,128
5.15007,128
5.15014,128
5.15206,128
5.15212,128
5.15222,128
5.15274,128
5.15484,128
5.15581,128
5.1582,128
5.1601,128
5.16037,128
5.16165,128
5.16312,128
5.1666,128
5.1671,128
5.17081,128
5.17274,128
5.17351,128
5.17409,128
5.17561,128
5.17899,128
5.17921,128
5.17974,128
5.17995,128
5.18197,128
5.18238,128
5.1833,128
5.18366,128
5.18384,128
5.18404,128
5.18735,128
5.1879,128
5.18922,128
5.19015,128
5.19068,128
5.19131,128
5.19267,128
5.19285,128
5.19509,128
5.19666,128
5.19863,128
5.19924,128
5.2012,128
5.20248,128
5.20296,128
5.20302,128
5.20541,128
5.20654,128
5.20832,128
5.20837,128
5.20865,128
5.20867,128
5.20932,128
5.21032,128
5.21053,128
5.21174,128
5.21262,128
5.21404,128
5.21524,128
5.21539,128
5.21554,128
5.21716,128
5.21836,128
5.21982,128
5.21986,128
5.22116,128
5.22132,128
5.2295,128
5.231,128
5.23256,128
5.23489,128
5.23538,128
5.23553,128
5.23726,128
5.23836,128
5.24071,128
5.24098,128
5.24303,128
5.24396,128
5.24404,128
5.24574,128
5.24694,128
5.24732,128
5.24775,128
5.2482,128
5.24841,128
5.24911,128
5.24932,128
5.2494,128
5.2507,128
5.25272,128
5.25296,128
5.25406,128
5.25437,128
5.2544,128
5.25443,128
5.25555,128
5.25581,128
5.25641,128
5.25759,128
5.25808,128
5.25889,128
5.25912,128
5.25932,128
5.26226,128
5.26352,128
5.26579,128
5.26628,128
5.26726,128
5.26732,128
5.26854,128
5.26877,128
5.26952,128
5.27188,128
5.27294,128
5.27347,128
5.27403,128
5.27514,128
5.27703,128
5.27845,128
5.27878,128
5.28187,128
5.28248,128
5.28346,128
5.28488,128
5.28515,128
5.28658,128
5.28666,128
5.28741,128
5.2879,128
5.28992,128
5.29004,128
5.29045,128
5.29065,128
5.29123,128
5.29151,128
5.29164,128
5.29237,128
5.29321,128
5.2942,128
5.29545,128
5.29724,128
5.29764,128
5.2979,128
5.30168,128
5.30225,128
5.303,128
5.3074,128
5.30855,128
5.30889,128
5.30913,128
5.30965,128
5.31297,128
5.31498,128
5.31542,128
5.31584,128
5.31585,128
5.31604,128
5.31633,128
5.3183,128
5.3185,128
5.31896,128
5.31936,128
5.31947,128
5.32138,128
5.32149,128
5.32213,128
5.32238,128
5.32274,128
5.32286,128
5.32509,128
5.32535,128
5.32695,128
5.32734,128
5.33112,128
5.33358,128
5.33378,128
5.33497,128
5.33567,128
5.33569,128
5.338,128
5.34018,128
5.34032,128
5.34088,128
5.3417,128
5.34253,128
5.3432,128
5.34515,128
5.34614,128
5.3475,128
5.34818,128
5.35045,128
5.35188,128
5.3519,128
5.35294,128
5.35323,128
5.35326,128
5.35436,128
5.35468,128
5.35595,128
5.35621,128
5.35634,128
5.3565,128
5.35743,128
5.35782,128
5.36023,128
5.3606,128
5.36106,128
5.36177,128
5.36203,128
5.36327,128
5.36331,128
5.36461,128
5.36482,128
5.36767,128
5.3679,128
5.36933,128
5.36951,128
5.36954,128
5.37042,128
5.37143,128
5.37149,128
5.37196,128
5.37468,128
5.375,128
5.37921,128
5.37999,128
5.38105,128
5.38228,128
5.38257,128
5.38279,128
5.38299,128
5.38461,128
5.38568,128
5.38635,128
5.38701,128
5.3892,128
5.38951,128
5.39166,128
5.39167,128
5.39397,128
5.395,128
5.39534,128
5.39687,128
5.39699,128
5.39732,128
5.39858,128
5.39929,128
5.39944,128
5.40188,128
5.40291,128
5.4045,128
5.40505,128
5.40635,128
5.40683,128
5.40891,128
5.40942,128
5.40942,128
5.40946,128
5.40955,128
5.41059,128
5.41079,128
5.41375,128
5.41379,128
5.41423,128
5.41628,128
5.41861,128
5.42043,128
5.42122,128
5.42425,128
5.42598,128
5.42687,128
5.42758,128
5.42902,128
5.43022,128
5.43207,128
5.43354,128
5.43501,128
5.4354,128
5.43705,128
5.43851,128
5.43882,128
5.4397,128
5.44017,128
5.4405,128
5.44087,128
5.44142,128
5.44173,128
5.44179,128
5.44289,128
5.44361,128
5.44412,128
5.44472,128
5.44552,128
5.4456,128
5.44728,128
5.44744,128
5.44924,128
5.4499,128
5.45073,128
5.45085,128
5.45099,128
5.45224,128
5.45273,128
5.45295,128
5.45471,128
5.45482,128
5.45694,128
5.46116,128
5.46222,128
5.4625,128
5.46257,128
5.46372,128
5.46457,128
5.46657,128
5.46737,128
5.46786,128
5.46822,128
5.46834,128
5.46841,128
5.46982,128
5.47062,128
5.47173,128
5.47282,128
5.47311,128
5.47583,128
5.4764,128
5.47674,128
5.47678,128
5.4772,128
5.47991,128
5.48071,128
5.48118,128
5.48122,128
5.48129,128
5.48134,128
5.4814,128
5.482,128
5.48233,128
5.48248,128
5.48279,128
5.48316,128
5.48597,128
5.48612,128
5.48691,128
5.48791,128
5.48854,128
5.48949,128
5.48992,128
5.4923,128
5.49318,128
5.49365,128
5.4952,128
5.49714,128
5.4976,128
5.49775,128
5.49906,128
5.49914,128
5.49995,128
5.50049,128
5.50287,128
5.50347,128
5.5061,128
5.50644,128
5.50662,128
5.50723,128
5.50994,128
5.51149,128
5.5121,128
5.51318,128
5.51458,128
5.51816,128
5.51823,128
5.51989,128
5.52244,128
5.52441,128
5.52476,128
5.52523,128
5.52545,128
5.52806,128
5.52853,128
5.53108,128
5.5325,128
5.53409,128
5.53587,128
5.53673,128
5.53772,128
5.53858,128
5.53858,128
5.539,128
5.54196,128
5.54211,128
5.54238,128
5.54244,128
5.54321,128
5.54328,128
5.54569,128
5.54772,128
5.54804,128
5.54899,128
5.54954,128
5.55235,128
5.55318,128
5.55457,128
5.55575,128
5.55797,128
5.55838,128
5.55951,128
5.55951,128
5.56,128
5.56107,128
5.56111,128
5.56233,128
5.56375,128
5.56487,128
5.56582,128
5.5666,128
5.56676,128
5.56924,128
5.56928,128
5.56936,128
5.56991,128
5.5706,128
5.57213,128
5.57262,128
5.57372,128
5.57501,128
5.57525,128
5.57567,128
5.57666,128
5.57922,128
5.57935,128
5.58292,128
5.5831,128
5.58458,128
5.58544,128
5.58549,128
5.58669,128
5.58724,128
5.58728,128
5.58749,128
5.58785,128
5.58799,128
5.58958,128
5.58987,128
5.59055,128
5.59103,128
5.59216,128
5.59306,128
5.5945,128
5.59543,128
5.59544,128
5.59675,128
5.59942,128
5.601,128
5.60133,128
5.60361,128
5.60539,128
5.60681,128
5.60741,128
5.60824,128
5.60972,128
5.61019,128
5.61047,128
5.61214,128
5.61256,128
5.61482,128
5.61685,128
5.61711,128
5.61733,128
5.61773,128
5.62001,128
5.62036,128
5.62058,128
5.62109,128
5.62111,128
5.62273,128
5.62385,128
5.62683,128
5.62747,128
5.62994,128
5.63266,128
5.63353,128
5.63375,128
5.6388,128
5.63884,128
5.63906,128
5.63925,128
5.63948,128
5.63998,128
5.64149,128
5.64158,128
5.64171,128
5.64434,128
5.64445,128
5.64764,128
5.64793,128
5.64957,128
5.65052,128
5.65101,128
5.65275,128
5.6529,128
5.65296,128
5.65426,128
5.65474,128
5.65528,128
5.65766,128
5.65992,128
5.66034,128
5.66048,128
5.6621,128
5.66257,128
5.66313,128
5.66373,128
5.66377,128
5.66402,128
5.6643,128
5.66469,128
5.66556,128
5.66622,128
5.66636,128
5.66662,128
5.66672,128
5.6702,128
5.67062,128
5.67423,128
5.67434,128
5.67667,128
5.6771,128
5.6773,128
5.68035,128
5.68207,128
5.68337,128
5.68395,128
5.68638,128
5.68685,128
5.68731,128
5.69115,128
5.69253,128
5.69336,128
5.69351,128
5.6937,128
5.69609,128
5.69623,128
5.69629,128
5.69644,128
5.69835,128
5.70014,128
5.7005,128
5.70147,128
5.70331,128
5.70387,128
5.70462,128
5.70533,128
5.70542,128
5.70593,128
5.71028,128
5.71088,128
5.71119,128
5.71182,128
5.71201,128
5.71209,128
5.71333,128
5.71456,128
5.71528,128
5.71679,128
5.71866,128
5.71904,128
5.71981,128
5.71989,128
5.72034,128
5.72038,128
5.72126,128
5.72339,128
5.72525,128
5.72584,128
5.72587,128
5.72621,128
5.72655,128
5.72713,128
5.72859,128
5.73089,128
5.73117,128
5.73157,128
5.73209,128
5.73259,128
5.73278,128
5.73403,128
5.7349,128
5.73549,128
5.73557,128
5.73561,128
5.73602,128
5.73629,128
5.73703,128
5.7377,128
5.73907,128
5.7396,128
5.73976,128
5.73981,128
5.74065,128
5.74118,128
5.74126,128
5.7418,128
5.7444,128
5.74533,128
5.74673,128
5.74679,128
5.74685,128
5.7483,128
5.74974,128
5.75081,128
5.75271,128
5.75311,128
5.75357,128
5.75388,128
5.75523,128
5.75531,128
5.75737,128
5.75738,128
5.75966,128
5.75969,128
5.76089,128
5.76122,128
5.76279,128
5.76323,128
5.76329,128
5.76779,128
5.76793,128
5.76814,128
5.76903,128
5.76985,128
5.77105,128
5.77258,128
5.77318,128
5.77363,128
5.77465,128
5.77922,128
5.77936,128
5.77957,128
5.7799,128
5.7808,128
5.78183,128
5.78324,128
5.78384,128
5.78574,128
5.78775,128
5.78784,128
5.79072,128
5.79163,128
5.79169,128
5.79205,128
5.79212,128
5.7937,128
5.79452,128
5.79672,128
5.79824,128
5.79827,128
5.7983,128
5.79956,128
5.79969,128
5.8004,128
5.80091,128
5.80155,128
5.80171,128
5.80378,128
5.8038,128
5.80407,128
5.80571,128
5.80844,128
5.80848,128
5.809,128
5.80984,128
5.8134,128
5.81351,128
5.81403,128
5.81412,128
5.81588,128
5.8178,128
5.81862,128
5.81901,128
5.81922,128
5.82153,128
5.82301,128
5.82373,128
5.82388,128
5.82398,128
5.82419,128
5.82505,128
5.82567,128
5.82614,128
5.82768,128
5.82879,128
5.83007,128
5.83012,128
5.83032,128
5.83033,128
5.8316,128
5.83283,128
5.83419,128
5.83558,128
5.83603,128
5.83625,128
5.83803,128
5.83951,128
5.83962,128
5.84087,128
5.84201,128
5.84307,128
5.84375,128
5.84416,128
5.84523,128
5.84587,128
5.84643,128
5.85046,128
5.85171,128
5.85415,128
5.8547,128
5.85775,128
5.85793,128
5.85825,128
5.85922,128
5.86257,128
5.86301,128
5.86361,128
5.86448,128
5.86505,128
5.86545,128
5.86561,128
5.86566,128
5.86576,128
5.86584,128
5.867,128
5.86703,128
5.86725,128
5.87032,128
5.87484,128
5.8759,128
5.87654,128
5.87863,128
5.88296,128
5.88331,128
5.8836,128
5.88744,128
5.88886,128
5.8902,128
5.89275,128
5.89294,128
5.89335,128
5.89364,128
5.89474,128
5.89591,128
5.89618,128
5.89682,128
5.89788,128
5.89953,128
5.90084,128
5.90446,128
5.90539,128
5.90579,128
5.90585,128
5.90686,128
5.9103,128
5.91042,128
5.91058,128
5.91759,128
5.91767,128
5.91952,128
5.91952,128
5.92095,128
5.92257,128
5.92319,128
5.92454,128
5.92477,128
5.92498,128
5.92614,128
5.92659,128
5.9276,128
5.92859,128
5.92862,128
5.9297,128
5.92992,128
5.93003,128
5.93076,128
5.93214,128
5.93245,128
5.93443,128
5.9354,128
5.93636,128
5.93733,128
5.9375,128
5.93773,128
5.93867,128
5.9406,128
5.94101,128
5.94256,128
5.94344,128
5.94578,128
5.94851,128
5.94874,128
5.95148,128
5.95255,128
5.95279,128
5.95303,128
5.95371,128
5.95419,128
5.9543,128
5.9567,128
5.96267,128
5.9648,128
5.96584,128
5.967,128
5.96739,128
5.96849,128
5.96888,128
5.97255,128
5.97303,128
5.97343,128
5.97446,128
5.97504,128
5.97543,128
5.97551,128
5.97911,128
5.98189,128
5.98366,128
5.98378,128
5.98433,128
5.98533,128
5.98557,128
5.98628,128
5.9872,128
5.98874,128
5.98968,128
5.99033,128
5.99082,128
5.99121,128
5.99243,128
5.99375,128
5.99403,128
5.99409,128
5.99435,128
5.99454,128
5.99536,128
5.99556,128
5.99657,128
5.9979,128
5.9988,128
5.99882,128
5.99888,128
5.999,128
5.99941,128
6.00002,128
6.00022,128
6.00093,128
6.00181,128
6.0021,128
6.00329,128
6.00429,128
6.00443,128
6.00597,128
6.00632,128
6.00673,128
6.00733,128
6.00795,128
6.00873,128
6.01073,128
6.0119,128
6.01422,128
6.01554,128
6.01676,128
6.01712,128
6.01827,128
6.01944,128
6.01952,128
6.01974,128
6.02053,128
6.02189,128
6.02275,128
6.02292,128
6.02409,128
6.02477,128
6.0251,128
6.02524,128
6.02562,128
6.02572,128
6.02577,128
6.02624,128
6.02857,128
6.02916,128
6.0302,128
6.03066,128
6.032,128
6.03286,128
6.03786,128
6.04008,128
6.04019,128
6.04224,128
6.0437,128
6.04398,128
6.04427,128
6.04494,128
6.04559,128
6.04593,128
6.04675,128
6.04863,128
6.04902,128
6.04925,128
6.04997,128
6.05128,128
6.05148,128
6.05172,128
6.0547,128
6.05803,128
6.05912,128
6.05943,128
6.06019,128
6.06044,128
6.06049,128
6.06075,128
6.06311,128
6.06323,128
6.06365,128
6.06481,128
6.06528,128
6.06625,128
6.0665,128
6.06806,128
6.06875,128
6.06882,128
6.0695,128
6.07013,128
6.07111,128
6.07226,128
6.07284,128
6.07285,128
6.07326,128
6.07722,128
6.07808,128
6.07904,128
6.08013,128
6.08139,128
6.08195,128
6.08312,128
6.08318,128
6.08352,128
6.08504,128
6.08515,128
6.08591,128
6.08961,128
6.09117,128
6.09161,128
6.09264,128
6.09302,128
6.09355,128
6.09619,128
6.09816,128
6.09896,128
6.09979,128
6.10217,128
6.10381,128
6.10406,128
6.10575,128
6.10622,128
6.10808,128
6.10954,128
6.11014,128
6.11152,128
6.11155,128
6.11157,128
6.11165,128
6.11216,128
6.11231,128
6.11292,128
6.11495,128
6.11581,128
6.11633,128
6.11652,128
6.11947,128
6.12037,128
6.12052,128
6.1206,128
6.12076,128
6.12796,128
6.12862,128
6.12933,128
6.12939,128
6.13059,128
6.13264,128
6.13595,128
6.13763,128
6.14015,128
6.14144,128
6.14274,128
6.14304,128
6.14415,128
6.14513,128
6.14603,128
6.14684,128
6.14693,128
6.14769,128
6.14884,128
6.14993,128
6.14997,128
6.15017,128
6.15081,128
6.15129,128
6.15385,128
6.15489,128
6.15609,128
6.15641,128
6.15687,128
6.15806,128
6.15952,128
6.15958,128
6.16039,128
6.16289,128
6.16315,128
6.16319,128
6.16327,128
6.16358,128
6.16533,128
6.16744,128
6.1685,128
6.16856,128
6.16971,128
6.17015,128
6.17082,128
6.17178,128
6.17455,128
6.17636,128
6.17693,128
6.17704,128
6.17758,128
6.17806,128
6.17811,128
6.17825,128
6.17872,128
6.17897,128
6.181,128
6.18302,128
6.18343,128
6.18519,128
6.1857,128
6.18591,128
6.18639,128
6.18956,128
6.18991,128
6.19068,128
6.19396,128
6.19481,128
6.19747,128
6.2028,128
6.20355,128
6.204,128
6.20408,128
6.20422,128
6.20433,128
6.20542,128
6.2071,128
6.20807,128
6.20855,128
6.20901,128
6.21095,128
6.21139,128
6.21146,128
6.21218,128
6.21258,128
6.21258,128
6.21381,128
6.21404,128
6.21413,128
6.21484,128
6.21673,128
6.22012,128
6.22132,128
6.22339,128
6.22447,128
6.22527,128
6.22613,128
6.22617,128
6.22786,128
6.22924,128
6.22937,128
6.23124,128
6.23181,128
6.2322,128
6.23448,128
6.23802,128
6.23826,128
6.24017,128
6.24321,128
6.24322,128
6.24539,128
6.24616,128
6.24738,128
6.24809,128
6.24811,128
6.24915,128
6.2509,128
6.25294,128
6.25422,128
6.25442,128
6.25456,128
6.25502,128
6.25575,128
6.25589,128
6.25627,128
6.25779,128
6.25782,128
6.25846,128
6.25935,128
6.26158,128
6.26489,128
6.26516,128
6.26549,128
6.2656,128
6.26567,128
6.26612,128
6.26613,128
6.26678,128
6.26826,128
6.26834,128
6.26932,128
6.27112,128
6.27147,128
6.27282,128
6.27398,128
6.27541,128
6.27565,128
6.27666,128
6.27792,128
6.27923,128
6.28006,128
6.28183,128
6.28272,128
6.28366,128
6.28425,128
6.28508,128
6.28538,128
6.28588,128
6.28644,128
6.28669,128
6.28759,128
6.2885,128
6.28957,128
6.28976,128
6.29111,128
6.29143,128
6.29149,128
6.29218,128
6.29325,128
6.29403,128
6.29461,128
6.29511,128
6.29535,128
6.29851,128
6.30139,128
6.3048,128
6.30674,128
6.30798,128
6.30825,128
6.31162,128
6.3124,128
6.31287,128
6.31308,128
6.31347,128
6.31364,128
6.31386,128
6.31461,128
6.31462,128
6.3153,128
6.31627,128
6.31677,128
6.31684,128
6.31726,128
6.31805,128
6.31853,128
6.31934,128
6.32005,128
6.323,128
6.32366,128
6.32435,128
6.32464,128
6.32466,128
6.3248,128
6.32504,128
6.32523,128
6.32831,128
6.3321,128
6.33262,128
6.33281,128
6.33354,128
6.33452,128
6.33534,128
6.33552,128
6.33706,128
6.33723,128
6.33814,128
6.33828,128
6.33914,128
6.34174,128
6.34439,128
6.34497,128
6.34555,128
6.34747,128
6.34766,128
6.35062,128
6.35352,128
6.35373,128
6.35445,128
6.35465,128
6.35833,128
6.35863,128
6.35896,128
6.3592,128
6.36215,128
6.36262,128
6.3639,128
6.36529,128
6.36556,128
6.36579,128
6.36602,128
6.36611,128
6.36728,128
6.36736,128
6.36792,128
6.36866,128
6.37033,128
6.37106,128
6.37179,128
6.37281,128
6.37428,128
6.37474,128
6.37697,128
6.37765,128
6.38231,128
6.38344,128
6.38428,128
6.38475,128
6.38607,128
6.38961,128
6.39013,128
6.39046,128
6.39084,128
6.39152,128
6.39255,128
6.39353,128
6.39372,128
6.39372,128
6.3944,128
6.39749,128
6.39833,128
6.39918,128
6.39949,128
6.39977,128
6.40118,128
6.40155,128
6.40353,128
6.40379,128
6.40633,128
6.40784,128
6.40818,128
6.40904,128
6.41106,128
6.41159,128
6.41162,128
6.41249,128
6.41292,128
6.41359,128
6.41612,128
6.4162,128
6.41633,128
6.41633,128
6.41641,128
6.41764,128
6.4195,128
6.41954,128
6.41995,128
6.42363,128
6.42403,128
6.42491,128
6.4263,128
6.4264,128
6.42719,128
6.4275,128
6.42849,128
6.42885,128
6.43202,128
6.43223,128
6.43313,128
6.43583,128
6.43656,128
6.43811,128
6.44063,128
6.44215,128
6.44251,128
6.44281,128
6.44288,128
6.44492,128
6.44559,128
6.44625,128
6.44626,128
6.44688,128
6.44781,128
6.44933,128
6.44954,128
6.45284,128
6.45353,128
6.45431,128
6.45665,128
6.45866,128
6.45872,128
6.45928,128
6.45988,128
6.46028,128
6.46141,128
6.46185,128
6.46399,128
6.46512,128
6.4665,128
6.46684,128
6.46729,128
6.46765,128
6.46795,128
6.47035,128
6.47095,128
6.47145,128
6.47244,128
6.47256,128
6.47391,128
6.47426,128
6.47452,128
6.47453,128
6.47461,128
6.47528,128
6.47543,128
6.47579,128
6.4766,128
6.4771,128
6.47734,128
6.47755,128
6.47852,128
6.47864,128
6.47937,128
6.47979,128
6.48006,128
6.48059,128
6.48081,128
6.4816,128
6.48207,128
6.48262,128
6.48462,128
6.48518,128
6.48568,128
6.48583,128
6.48615,128
6.4864,128
6.48798,128
6.48816,128
6.49011,128
6.49038,128
6.49052,128
6.49055,128
6.49114,128
6.4914,128
6.4921,128
6.49551,128
6.49628,128
6.50076,128
6.50455,128
6.50586,128
6.5066,128
6.50746,128
6.50825,128
6.5106,128
6.51362,128
6.51367,128
6.51397,128
6.51406,128
6.51464,128
6.51536,128
6.51592,128
6.51705,128
6.51732,128
6.51765,128
6.52007,128
6.52113,128
6.52139,128
6.52199,128
6.5242,128
6.52425,128
6.52463,128
6.52652,128
6.52963,128
6.52989,128
6.53001,128
6.53097,128
6.53382,128
6.53438,128
6.5351,128
6.53585,128
6.53678,128
6.5384,128
6.54045,128
6.54077,128
6.54085,128
6.54245,128
6.54357,128
6.5438,128
6.54539,128
6.54703,128
6.54911,128
6.55107,128
6.55254,128
6.55279,128
6.55467,128
6.55625,128
6.55643,128
6.55659,128
6.55781,128
6.5625,128
6.56398,128
6.5645,128
6.5651,128
6.56631,128
6.56642,128
6.56654,128
6.56688,128
6.5693,128
6.5694,128
6.56985,128
6.57007,128
6.57059,128
6.5715,128
6.57155,128
6.57298,128
6.5736,128
6.57363,128
6.57365,128
6.57371,128
6.57639,128
6.57655,128
6.57711,128
6.5779,128
6.58042,128
6.58086,128
6.58411,128
6.58559,128
6.58576,128
6.58681,128
6.58751,128
6.58772,128
6.58797,128
6.58895,128
6.59311,128
6.59388,128
6.59447,128
6.59595,128
6.59612,128
6.59727,128
6.59728,128
6.59796,128
6.6012,128
6.60121,128
6.60322,128
6.60513,128
6.60589,128
6.60637,128
6.60662,128
6.60679,128
6.60812,128
6.61,128
6.61146,128
6.61215,128
6.61337,128
6.61417,128
6.61598,128
6.6167,128
6.61687,128
6.61701,128
6.61754,128
6.61765,128
6.61828,128
6.61891,128
6.61901,128
6.61941,128
6.62073,128
6.62167,128
6.62197,128
6.62209,128
6.62357,128
6.62364,128
6.62617,128
6.62653,128
6.62768,128
6.62845,128
6.63001,128
6.63004,128
6.63052,128
6.63227,128
6.63255,128
6.63285,128
6.63512,128
6.63658,128
6.63964,128
6.63983,128
6.64011,128
6.64011,128
6.64149,128
6.64216,128
6.64266,128
6.64542,128
6.64612,128
6.64669,128
6.64671,128
6.64778,128
6.64851,128
6.64918,128
6.64946,128
6.64964,128
6.64984,128
6.65186,128
6.65568,128
6.65569,128
6.65981,128
6.66024,128
6.66037,128
6.66109,128
6.66177,128
6.66223,128
6.66235,128
6.66425,128
6.66569,128
6.66819,128
6.6712,128
6.67126,128
6.67196,128
6.67271,128
6.67338,128
6.67376,128
6.67465,128
6.67481,128
6.67494,128
6.67521,128
6.67668,128
6.67707,128
6.67731,128
6.67768,128
6.6819,128
6.68374,128
6.68513,128
6.68586,128
6.68619,128
6.68636,128
6.68682,128
6.68707,128
6.68762,128
6.6877,128
6.68895,128
6.69059,128
6.69082,128
6.69289,128
6.69595,128
6.69703,128
6.69886,128
6.70064,128
6.70077,128
6.7032,128
6.70375,128
6.70388,128
6.70389,128
6.70663,128
6.70892,128
6.71026,128
6.7105,128
6.71104,128
6.71109,128
6.71168,128
6.71177,128
6.71295,128
6.713,128
6.71306,128
6.71387,128
6.71391,128
6.71429,128
6.71482,128
6.71944,128
6.72044,128
6.7206,128
6.72077,128
6.72288,128
6.72301,128
6.72311,128
6.72338,128
6.72548,128
6.72625,128
6.72785,128
6.72799,128
6.73043,128
6.73062,128
6.73091,128
6.73278,128
6.73322,128
6.73387,128
6.73495,128
6.73716,128
6.73757,128
6.73791,128
6.73811,128
6.73812,128
6.73813,128
6.73913,128
6.73956,128
6.74027,128
6.74033,128
6.74074,128
6.74076,128
6.74186,128
6.74338,128
6.74372,128
6.74423,128
6.74462,128
6.74494,128
6.74522,128
6.74558,128
6.74615,128
6.74676,128
6.74714,128
6.74757,128
6.74816,128
6.7501,128
6.75247,128
6.75282,128
6.75305,128
6.75335,128
6.75466,128
6.75555,128
6.75599,128
6.75752,128
6.76044,128
6.7607,128
6.76079,128
6.76147,128
6.76171,128
6.7637,128
6.76411,128
6.76417,128
6.7643,128
6.76439,128
6.7653,128
6.76753,128
6.76805,128
6.76845,128
6.76976,128
6.7703,128
6.77032,128
6.7716,128
6.77261,128
6.7743,128
6.77463,128
6.77489,128
6.77509,128
6.77522,128
6.77569,128
6.77641,128
6.77943,128
6.78026,128
6.78186,128
6.78229,128
6.78306,128
6.78457,128
6.7868,128
6.78806,128
6.78943,128
6.79063,128
6.79191,128
6.79398,128
6.79426,128
6.79613,128
6.7981,128
6.79889,128
6.79899,128
6.80172,128
6.80178,128
6.80194,128
6.80465,128
6.80537,128
6.80731,128
6.8074,128
6.80939,128
6.80944,128
6.80984,128
6.81067,128
6.81567,128
6.81621,128
6.81726,128
6.8175,128
6.81785,128
6.8184,128
6.81885,128
6.81943,128
6.81961,128
6.82069,128
6.82125,128
6.82254,128
6.82299,128
6.82319,128
6.82384,128
6.82499,128
6.82523,128
6.8258,128
6.82634,128
6.82804,128
6.82826,128
6.82916,128
6.83066,128
6.8308,128
6.83087,128
6.83108,128
6.83203,128
6.83292,128
6.83307,128
6.8341,128
6.83454,128
6.83468,128
6.83499,128
6.8358,128
6.83826,128
6.83875,128
6.83995,128
6.8411,128
6.84162,128
6.84294,128
6.84502,128
6.84532,128
6.84598,128
6.84702,128
6.84829,128
6.84859,128
6.84864,128
6.84984,128
6.85108,128
6.85275,128
6.85332,128
6.85474,128
6.85644,128
6.85692,128
6.85708,128
6.85735,128
6.85795,128
6.85977,128
6.86079,128
6.86106,128
6.86122,128
6.8625,128
6.86379,128
6.86585,128
6.86631,128
6.86669,128
6.86729,128
6.86732,128
6.86779,128
6.86834,128
6.86919,128
6.8692,128
6.87,128
6.87089,128
6.87281,128
6.87452,128
6.87456,128
6.875,128
6.87625,128
6.87703,128
6.87726,128
6.87809,128
6.87866,128
6.87934,128
6.87964,128
6.88363,128
6.88417,128
6.88542,128
6.88728,128
6.88975,128
6.88984,128
6.89081,128
6.89091,128
6.89119,128
6.89329,128
6.89385,128
6.894,128
6.89455,128
6.89552,128
6.8965,128
6.8977,128
6.89849,128
6.89945,128
6.89984,128
6.90257,128
6.90319,128
6.90424,128
6.90448,128
6.90539,128
6.90626,128
6.90783,128
6.9099,128
6.91083,128
6.91843,128
6.91907,128
6.91961,128
6.91982,128
6.92081,128
6.92088,128
6.92107,128
6.92111,128
6.92119,128
6.92186,128
6.92191,128
6.92273,128
6.92411,128
6.92634,128
6.92736,128
6.92945,128
6.92988,128
6.93112,128
6.93131,128
6.93142,128
6.93164,128
6.93304,128
6.93327,128
6.93411,128
6.93517,128
6.9352,128
6.93543,128
6.93545,128
6.93571,128
6.93606,128
6.9366,128
6.93687,128
6.93714,128
6.93792,128
6.93796,128
6.93826,128
6.93993,128
6.94054,128
6.94069,128
6.94306,128
6.94447,128
6.94604,128
6.9468,128
6.94892,128
6.95077,128
6.95201,128
6.95426,128
6.95517,128
6.95633,128
6.95776,128
6.96071,128
6.96117,128
6.96879,128
6.96931,128
6.97047,128
6.97342,128
6.97354,128
6.97405,128
6.97535,128
6.97607,128
6.98031,128
6.98197,128
6.98284,128
6.98351,128
6.9851,128
6.98519,128
6.98551,128
6.98565,128
6.98583,128
6.98593,128
6.98645,128
6.98667,128
6.98769,128
6.98863,128
6.98876,128
6.98888,128
6.98918,128
6.99057,128
6.99234,128
6.99257,128
6.99304,128
6.99368,128
6.99564,128
6.99574,128
6.99635,128
6.9966,128
6.99685,128
6.99752,128
6.99756,128
6.99767,128
6.99825,128
6.99862,128
6.99902,128
6.99976,128
6.99982,128
